<?xml version="1.0" encoding="UTF-8"?>
<testsuite name="com.tanrunn.tcth.impl.shadow.ShadowLootPresetTest" tests="20" skipped="0" failures="0" errors="0" timestamp="2026-08-23T16:14:09.461Z" hostname="tanrunn-fedora" time="0.084">
  <properties/>
  <testcase name="generatorRejectsRejectedAndApprovedForTheSameEntity()" classname="com.tanrunn.tcth.impl.shadow.ShadowLootPresetTest" time="0.003"/>
  <testcase name="rejectedRowsMayLeaveItemAndCountEmpty()" classname="com.tanrunn.tcth.impl.shadow.ShadowLootPresetTest" time="0.002"/>
  <testcase name="generatorRejectsMalformedApprovedRows()" classname="com.tanrunn.tcth.impl.shadow.ShadowLootPresetTest" time="0.001"/>
  <testcase name="generatorRejectsPathTraversal()" classname="com.tanrunn.tcth.impl.shadow.ShadowLootPresetTest" time="0.001"/>
  <testcase name="mainResourcesContainNoShadowLootJson()" classname="com.tanrunn.tcth.impl.shadow.ShadowLootPresetTest" time="0.033"/>
  <testcase name="everyPresetEntryHasCountOne()" classname="com.tanrunn.tcth.impl.shadow.ShadowLootPresetTest" time="0.004"/>
  <testcase name="csvParserRejectsCharactersAfterClosingQuote()" classname="com.tanrunn.tcth.impl.shadow.ShadowLootPresetTest" time="0.004"/>
  <testcase name="generatorIsDeterministic()" classname="com.tanrunn.tcth.impl.shadow.ShadowLootPresetTest" time="0.006"/>
  <testcase name="generatorPreservesNonShadowLootFiles()" classname="com.tanrunn.tcth.impl.shadow.ShadowLootPresetTest" time="0.002"/>
  <testcase name="generatorRejectsInvalidResourceLocations()" classname="com.tanrunn.tcth.impl.shadow.ShadowLootPresetTest" time="0.003"/>
  <testcase name="generatorRejectsDuplicateEntityIds()" classname="com.tanrunn.tcth.impl.shadow.ShadowLootPresetTest" time="0.0"/>
  <testcase name="generatorRejectsInvalidDecisionValues()" classname="com.tanrunn.tcth.impl.shadow.ShadowLootPresetTest" time="0.002"/>
  <testcase name="generatorRejectsMalformedCsvQuotes()" classname="com.tanrunn.tcth.impl.shadow.ShadowLootPresetTest" time="0.001"/>
  <testcase name="allPresetFilesPassTheProductionSchema()" classname="com.tanrunn.tcth.impl.shadow.ShadowLootPresetTest" time="0.004"/>
  <testcase name="csvParserAcceptsStandardQuoteEscapes()" classname="com.tanrunn.tcth.impl.shadow.ShadowLootPresetTest" time="0.001"/>
  <testcase name="presetEntitiesAndItemsExistInTheVanillaBootstrapRegistries()" classname="com.tanrunn.tcth.impl.shadow.ShadowLootPresetTest" time="0.004"/>
  <testcase name="checkedInPresetMatchesTheGeneratorOutput()" classname="com.tanrunn.tcth.impl.shadow.ShadowLootPresetTest" time="0.005"/>
  <testcase name="packFormatIsExactly48()" classname="com.tanrunn.tcth.impl.shadow.ShadowLootPresetTest" time="0.001"/>
  <testcase name="generatorCleansStaleFilesOnlyInsideShadowLoot()" classname="com.tanrunn.tcth.impl.shadow.ShadowLootPresetTest" time="0.001"/>
  <testcase name="noHardExcludedOrL3EntitiesInThePreset()" classname="com.tanrunn.tcth.impl.shadow.ShadowLootPresetTest" time="0.003"/>
  <system-out><![CDATA[]]></system-out>
  <system-err><![CDATA[]]></system-err>
</testsuite>
