<?xml version="1.0" encoding="UTF-8"?>
<testsuite name="com.tanrunn.tcth.impl.compat.CompatConfigTest" tests="5" skipped="0" failures="0" errors="0" timestamp="2026-08-23T16:13:47.437Z" hostname="tanrunn-fedora" time="0.092">
  <properties/>
  <testcase name="kaleidoscopeConfigIsIsolatedAndCorrect()" classname="com.tanrunn.tcth.impl.compat.CompatConfigTest" time="0.001"/>
  <testcase name="compiledMainOutputContainsNoThirdPartyClasses()" classname="com.tanrunn.tcth.impl.compat.CompatConfigTest" time="0.087"/>
  <testcase name="mainMixinConfigContainsOnlyVanillaMixins()" classname="com.tanrunn.tcth.impl.compat.CompatConfigTest" time="0.002"/>
  <testcase name="modsTomlDeclaresRequiredModsForConditionalConfigs()" classname="com.tanrunn.tcth.impl.compat.CompatConfigTest" time="0.0"/>
  <testcase name="farmersDelightConfigIsIsolatedAndCorrect()" classname="com.tanrunn.tcth.impl.compat.CompatConfigTest" time="0.0"/>
  <system-out><![CDATA[]]></system-out>
  <system-err><![CDATA[]]></system-err>
</testsuite>
