<?xml version="1.0" encoding="UTF-8"?>
<testsuite name="com.tanrunn.tcth.impl.compat.scguns.AmmoSaverBeamGateTest" tests="14" skipped="0" failures="0" errors="0" timestamp="2026-08-23T16:13:51.715Z" hostname="tanrunn-fedora" time="0.007">
  <properties/>
  <testcase name="emptyStackDoesNotCallProbability()" classname="com.tanrunn.tcth.impl.compat.scguns.AmmoSaverBeamGateTest" time="0.002"/>
  <testcase name="missingCustomDataTreatedAsIgnoreAmmoFalseAndZeroAmmoNoRoll()" classname="com.tanrunn.tcth.impl.compat.scguns.AmmoSaverBeamGateTest" time="0.001"/>
  <testcase name="ignoreAmmoTrueDoesNotCallProbabilityAndDoesNotCancel()" classname="com.tanrunn.tcth.impl.compat.scguns.AmmoSaverBeamGateTest" time="0.0"/>
  <testcase name="stackSnapshotExceptionFailClosedNoRollNoCancel()" classname="com.tanrunn.tcth.impl.compat.scguns.AmmoSaverBeamGateTest" time="0.001"/>
  <testcase name="nullPlayerDoesNotCallProbability()" classname="com.tanrunn.tcth.impl.compat.scguns.AmmoSaverBeamGateTest" time="0.0"/>
  <testcase name="failedRollDoesNotCancel()" classname="com.tanrunn.tcth.impl.compat.scguns.AmmoSaverBeamGateTest" time="0.0"/>
  <testcase name="zeroAmmoDoesNotCallProbability()" classname="com.tanrunn.tcth.impl.compat.scguns.AmmoSaverBeamGateTest" time="0.0"/>
  <testcase name="survivalIgnoreAmmoFalseCallsProbabilityOnce()" classname="com.tanrunn.tcth.impl.compat.scguns.AmmoSaverBeamGateTest" time="0.0"/>
  <testcase name="creativeTrueDoesNotCallProbabilityAndDoesNotCancel()" classname="com.tanrunn.tcth.impl.compat.scguns.AmmoSaverBeamGateTest" time="0.0"/>
  <testcase name="customDataPresentSurvivalRollsOnceViaAdapter()" classname="com.tanrunn.tcth.impl.compat.scguns.AmmoSaverBeamGateTest" time="0.001"/>
  <testcase name="probabilityExceptionFailClosedNoCancel()" classname="com.tanrunn.tcth.impl.compat.scguns.AmmoSaverBeamGateTest" time="0.0"/>
  <testcase name="successfulRollCancels()" classname="com.tanrunn.tcth.impl.compat.scguns.AmmoSaverBeamGateTest" time="0.0"/>
  <testcase name="stackReadDoesNotCreateCustomDataWhenMissing()" classname="com.tanrunn.tcth.impl.compat.scguns.AmmoSaverBeamGateTest" time="0.001"/>
  <testcase name="customDataIgnoreAmmoTrueNoRollViaAdapter()" classname="com.tanrunn.tcth.impl.compat.scguns.AmmoSaverBeamGateTest" time="0.0"/>
  <system-out><![CDATA[]]></system-out>
  <system-err><![CDATA[]]></system-err>
</testsuite>
