<?xml version="1.0" encoding="UTF-8"?>
<testsuite name="com.tanrunn.tcth.api.cooking.DishCookedEventTest" tests="5" skipped="0" failures="0" errors="0" timestamp="2026-08-23T16:13:44.481Z" hostname="tanrunn-fedora" time="0.065">
  <properties/>
  <testcase name="constructorRejectsNullMandatoryArguments()" classname="com.tanrunn.tcth.api.cooking.DishCookedEventTest" time="0.045"/>
  <testcase name="nullablePlayerRecipeIdAndPositionAreHandled()" classname="com.tanrunn.tcth.api.cooking.DishCookedEventTest" time="0.004"/>
  <testcase name="gettersReturnStoredValues()" classname="com.tanrunn.tcth.api.cooking.DishCookedEventTest" time="0.005"/>
  <testcase name="eventIdIsStableForEventLifetime()" classname="com.tanrunn.tcth.api.cooking.DishCookedEventTest" time="0.002"/>
  <testcase name="itemStackIsDefensivelyCopied()" classname="com.tanrunn.tcth.api.cooking.DishCookedEventTest" time="0.003"/>
  <system-out><![CDATA[WARN StatusConsoleListener Advanced terminal features are not available in this environment
]]></system-out>
  <system-err><![CDATA[WARNING: A Java agent has been loaded dynamically (/home/tanrunn/.gradle/caches/modules-2/files-2.1/net.bytebuddy/byte-buddy-agent/1.14.15/b4cc9d88d5de562bf75b3a54ab436ad01b3f72d/byte-buddy-agent-1.14.15.jar)
WARNING: If a serviceability tool is in use, please run with -XX:+EnableDynamicAgentLoading to hide this warning
WARNING: If a serviceability tool is not in use, please run with -Djdk.instrument.traceUsage for more information
WARNING: Dynamic loading of agents will be disallowed by default in a future release
]]></system-err>
</testsuite>
