<?xml version="1.0" encoding="UTF-8"?>
<testsuite name="com.tanrunn.tcth.api.guncombat.GunCombatApiReferenceTest" tests="5" skipped="0" failures="0" errors="0" timestamp="2026-08-23T16:13:45.406Z" hostname="tanrunn-fedora" time="0.27">
  <properties/>
  <testcase name="modsTomlDeclaresScgunsOptionalAndNotGd656()" classname="com.tanrunn.tcth.api.guncombat.GunCombatApiReferenceTest" time="0.001"/>
  <testcase name="publicApiHasNoThirdPartyReferences()" classname="com.tanrunn.tcth.api.guncombat.GunCombatApiReferenceTest" time="0.007"/>
  <testcase name="compiledMainOutputHasNoThirdPartyClasses()" classname="com.tanrunn.tcth.api.guncombat.GunCombatApiReferenceTest" time="0.108"/>
  <testcase name="scgunsMixinConfigIsConditional()" classname="com.tanrunn.tcth.api.guncombat.GunCombatApiReferenceTest" time="0.003"/>
  <testcase name="scgunsReferencesOnlyInsideCompatPackage()" classname="com.tanrunn.tcth.api.guncombat.GunCombatApiReferenceTest" time="0.149"/>
  <system-out><![CDATA[]]></system-out>
  <system-err><![CDATA[]]></system-err>
</testsuite>
