<?xml version="1.0" encoding="UTF-8"?>
<testsuite name="com.tanrunn.tcth.impl.compat.jobsplus.JobsPlusRewardModuleTest" tests="10" skipped="0" failures="0" errors="0" timestamp="2026-08-23T16:13:49.600Z" hostname="tanrunn-fedora" time="0.053">
  <properties/>
  <testcase name="boundedCacheDoesNotGrowWithoutLimit()" classname="com.tanrunn.tcth.impl.compat.jobsplus.JobsPlusRewardModuleTest" time="0.04"/>
  <testcase name="failedSendDoesNotRecordEventIdOrConsumeRateLimit()" classname="com.tanrunn.tcth.impl.compat.jobsplus.JobsPlusRewardModuleTest" time="0.003"/>
  <testcase name="sameEventIdIsSettledOnlyOnce()" classname="com.tanrunn.tcth.impl.compat.jobsplus.JobsPlusRewardModuleTest" time="0.001"/>
  <testcase name="initIsIdempotent()" classname="com.tanrunn.tcth.impl.compat.jobsplus.JobsPlusRewardModuleTest" time="0.002"/>
  <testcase name="retryAfterFailureSucceedsAndThenIsIdempotent()" classname="com.tanrunn.tcth.impl.compat.jobsplus.JobsPlusRewardModuleTest" time="0.001"/>
  <testcase name="expiredEventIdsAreCleanedUp()" classname="com.tanrunn.tcth.impl.compat.jobsplus.JobsPlusRewardModuleTest" time="0.001"/>
  <testcase name="disabledByDefaultGrantsNothing()" classname="com.tanrunn.tcth.impl.compat.jobsplus.JobsPlusRewardModuleTest" time="0.001"/>
  <testcase name="serverStoppingClearsBookkeeping()" classname="com.tanrunn.tcth.impl.compat.jobsplus.JobsPlusRewardModuleTest" time="0.001"/>
  <testcase name="ungradedDishDoesNotConsumeRateLimit()" classname="com.tanrunn.tcth.impl.compat.jobsplus.JobsPlusRewardModuleTest" time="0.001"/>
  <testcase name="automationBooleanTravelsAsDataWhenActorExists()" classname="com.tanrunn.tcth.impl.compat.jobsplus.JobsPlusRewardModuleTest" time="0.001"/>
  <system-out><![CDATA[]]></system-out>
  <system-err><![CDATA[]]></system-err>
</testsuite>
