<?xml version="1.0" encoding="UTF-8"?>
<testsuite name="com.tanrunn.tcth.impl.compat.jobsplus.arc.condition.BrewerAbilitiesEnabledConditionTest" tests="4" skipped="0" failures="0" errors="0" timestamp="2026-08-23T16:13:50.470Z" hostname="tanrunn-fedora" time="0.009">
  <properties/>
  <testcase name="tastingMatchesOnlyWhenAllFourSwitchesOn()" classname="com.tanrunn.tcth.impl.compat.jobsplus.arc.condition.BrewerAbilitiesEnabledConditionTest" time="0.005"/>
  <testcase name="studyConfigFailureFailsClosedEvenWhenInverted()" classname="com.tanrunn.tcth.impl.compat.jobsplus.arc.condition.BrewerAbilitiesEnabledConditionTest" time="0.002"/>
  <testcase name="studyMatchesOnlyWhenAllFourSwitchesOn()" classname="com.tanrunn.tcth.impl.compat.jobsplus.arc.condition.BrewerAbilitiesEnabledConditionTest" time="0.001"/>
  <testcase name="tastingConfigFailureFailsClosedEvenWhenInverted()" classname="com.tanrunn.tcth.impl.compat.jobsplus.arc.condition.BrewerAbilitiesEnabledConditionTest" time="0.001"/>
  <system-out><![CDATA[[00:13:50] [Test worker/WARN] [co.ta.tc.TCTHIntegration/]: [TCTH] brewer_study_abilities_enabled config read failed; fail-closed (disabled): java.lang.IllegalStateException: config broken
[00:13:50] [Test worker/WARN] [co.ta.tc.TCTHIntegration/]: [TCTH] brewer_tasting_abilities_enabled config read failed; fail-closed (disabled): java.lang.IllegalStateException: config broken
]]></system-out>
  <system-err><![CDATA[]]></system-err>
</testsuite>
