<?xml version="1.0" encoding="UTF-8"?>
<testsuite name="com.tanrunn.tcth.impl.compat.ChefMerge6bDataTest" tests="4" skipped="0" failures="2" errors="0" timestamp="2026-08-23T16:13:46.894Z" hostname="tanrunn-fedora" time="0.542">
  <properties/>
  <testcase name="itemTierAre572WithExpectedDistribution()" classname="com.tanrunn.tcth.impl.compat.ChefMerge6bDataTest" time="0.272">
    <failure message="org.opentest4j.AssertionFailedError: expected: &lt;575&gt; but was: &lt;574&gt;" type="org.opentest4j.AssertionFailedError">org.opentest4j.AssertionFailedError: expected: &lt;575&gt; but was: &lt;574&gt;
	at app//org.junit.jupiter.api.AssertionFailureBuilder.build(AssertionFailureBuilder.java:151)
	at app//org.junit.jupiter.api.AssertionFailureBuilder.buildAndThrow(AssertionFailureBuilder.java:132)
	at app//org.junit.jupiter.api.AssertEquals.failNotEqual(AssertEquals.java:197)
	at app//org.junit.jupiter.api.AssertEquals.assertEquals(AssertEquals.java:150)
	at app//org.junit.jupiter.api.AssertEquals.assertEquals(AssertEquals.java:145)
	at app//org.junit.jupiter.api.Assertions.assertEquals(Assertions.java:531)
	at app//com.tanrunn.tcth.impl.compat.ChefMerge6bDataTest.itemTierAre572WithExpectedDistribution(ChefMerge6bDataTest.java:48)
	at java.base@21.0.7/java.lang.reflect.Method.invoke(Method.java:580)
	at java.base@21.0.7/java.util.ArrayList.forEach(ArrayList.java:1596)
	at java.base@21.0.7/java.util.ArrayList.forEach(ArrayList.java:1596)
</failure>
  </testcase>
  <testcase name="recipeTierStillOne()" classname="com.tanrunn.tcth.impl.compat.ChefMerge6bDataTest" time="0.001"/>
  <testcase name="all167MergePreviewItemsPresentExactlyOnceWithCorrectTiersAndFg()" classname="com.tanrunn.tcth.impl.compat.ChefMerge6bDataTest" time="0.264"/>
  <testcase name="chefTagsMutuallyExclusiveAndFg333()" classname="com.tanrunn.tcth.impl.compat.ChefMerge6bDataTest" time="0.003">
    <failure message="org.opentest4j.AssertionFailedError: expected: &lt;122&gt; but was: &lt;121&gt;" type="org.opentest4j.AssertionFailedError">org.opentest4j.AssertionFailedError: expected: &lt;122&gt; but was: &lt;121&gt;
	at app//org.junit.jupiter.api.AssertionFailureBuilder.build(AssertionFailureBuilder.java:151)
	at app//org.junit.jupiter.api.AssertionFailureBuilder.buildAndThrow(AssertionFailureBuilder.java:132)
	at app//org.junit.jupiter.api.AssertEquals.failNotEqual(AssertEquals.java:197)
	at app//org.junit.jupiter.api.AssertEquals.assertEquals(AssertEquals.java:150)
	at app//org.junit.jupiter.api.AssertEquals.assertEquals(AssertEquals.java:145)
	at app//org.junit.jupiter.api.Assertions.assertEquals(Assertions.java:531)
	at app//com.tanrunn.tcth.impl.compat.ChefMerge6bDataTest.chefTagsMutuallyExclusiveAndFg333(ChefMerge6bDataTest.java:71)
	at java.base@21.0.7/java.lang.reflect.Method.invoke(Method.java:580)
	at java.base@21.0.7/java.util.ArrayList.forEach(ArrayList.java:1596)
	at java.base@21.0.7/java.util.ArrayList.forEach(ArrayList.java:1596)
</failure>
  </testcase>
  <system-out><![CDATA[]]></system-out>
  <system-err><![CDATA[]]></system-err>
</testsuite>
