<?xml version="1.0" encoding="UTF-8"?>
<testsuite name="com.tanrunn.tcth.impl.compat.brewer.BrewerPresetDataTest" tests="5" skipped="0" failures="0" errors="0" timestamp="2026-08-23T16:13:47.897Z" hostname="tanrunn-fedora" time="0.004">
  <properties/>
  <testcase name="tiersAreMutuallyExclusiveAndGated()" classname="com.tanrunn.tcth.impl.compat.brewer.BrewerPresetDataTest" time="0.001"/>
  <testcase name="clientTranslationKeysPresent()" classname="com.tanrunn.tcth.impl.compat.brewer.BrewerPresetDataTest" time="0.001"/>
  <testcase name="brewT2RewardRange()" classname="com.tanrunn.tcth.impl.compat.brewer.BrewerPresetDataTest" time="0.001"/>
  <testcase name="brewCommonRewardRange()" classname="com.tanrunn.tcth.impl.compat.brewer.BrewerPresetDataTest" time="0.0"/>
  <testcase name="brewerJobKeepsFlags()" classname="com.tanrunn.tcth.impl.compat.brewer.BrewerPresetDataTest" time="0.001"/>
  <system-out><![CDATA[]]></system-out>
  <system-err><![CDATA[]]></system-err>
</testsuite>
