<?xml version="1.0" encoding="UTF-8"?>
<testsuite name="com.tanrunn.tcth.impl.compat.jobsplus.arc.condition.GunKillDistanceConditionTest" tests="5" skipped="0" failures="0" errors="0" timestamp="2026-08-23T16:13:50.705Z" hostname="tanrunn-fedora" time="0.002">
  <properties/>
  <testcase name="maxLessThanMinThrows()" classname="com.tanrunn.tcth.impl.compat.jobsplus.arc.condition.GunKillDistanceConditionTest" time="0.001"/>
  <testcase name="zeroRangeIsAccepted()" classname="com.tanrunn.tcth.impl.compat.jobsplus.arc.condition.GunKillDistanceConditionTest" time="0.0"/>
  <testcase name="negativeMinThrows()" classname="com.tanrunn.tcth.impl.compat.jobsplus.arc.condition.GunKillDistanceConditionTest" time="0.0"/>
  <testcase name="validRangeIsAccepted()" classname="com.tanrunn.tcth.impl.compat.jobsplus.arc.condition.GunKillDistanceConditionTest" time="0.0"/>
  <testcase name="invertedIsStored()" classname="com.tanrunn.tcth.impl.compat.jobsplus.arc.condition.GunKillDistanceConditionTest" time="0.0"/>
  <system-out><![CDATA[]]></system-out>
  <system-err><![CDATA[]]></system-err>
</testsuite>
