<?xml version="1.0" encoding="UTF-8"?>
<testsuite name="com.tanrunn.tcth.impl.shadow.ShadowLootLoaderTest" tests="25" skipped="0" failures="0" errors="0" timestamp="2026-08-23T16:14:09.313Z" hostname="tanrunn-fedora" time="0.148">
  <properties/>
  <testcase name="airItemRejectsTheDefinition()" classname="com.tanrunn.tcth.impl.shadow.ShadowLootLoaderTest" time="0.003"/>
  <testcase name="hardExcludedEntitiesNeverLoad()" classname="com.tanrunn.tcth.impl.shadow.ShadowLootLoaderTest" time="0.002"/>
  <testcase name="selectionUsesExactlyOneRandomCallPerLayer()" classname="com.tanrunn.tcth.impl.shadow.ShadowLootLoaderTest" time="0.003"/>
  <testcase name="crossNamespaceDoesNotRaceWithTheCanonicalFile()" classname="com.tanrunn.tcth.impl.shadow.ShadowLootLoaderTest" time="0.03"/>
  <testcase name="fractionalWeightsAndCountsAreRejected()" classname="com.tanrunn.tcth.impl.shadow.ShadowLootLoaderTest" time="0.002"/>
  <testcase name="unknownEntityTypeRejectsTheDefinition()" classname="com.tanrunn.tcth.impl.shadow.ShadowLootLoaderTest" time="0.002"/>
  <testcase name="twoReloadsBindDistinctRegistryAccessesWithoutCrossTalk()" classname="com.tanrunn.tcth.impl.shadow.ShadowLootLoaderTest" time="0.002"/>
  <testcase name="validDefinitionParses()" classname="com.tanrunn.tcth.impl.shadow.ShadowLootLoaderTest" time="0.001"/>
  <testcase name="nonTcthOuterNamespaceIsIgnored()" classname="com.tanrunn.tcth.impl.shadow.ShadowLootLoaderTest" time="0.002"/>
  <testcase name="listenerCorruptHighestPriorityDoesNotFallBack()" classname="com.tanrunn.tcth.impl.shadow.ShadowLootLoaderTest" time="0.003"/>
  <testcase name="tcthDataReloadsRegistersABoundListenerWithTheEventRegistry()" classname="com.tanrunn.tcth.impl.shadow.ShadowLootLoaderTest" time="0.054"/>
  <testcase name="twoDistinctNonNullRegistriesDoNotCrossTalk()" classname="com.tanrunn.tcth.impl.shadow.ShadowLootLoaderTest" time="0.005"/>
  <testcase name="reloadListenerUsesTheCurrentResourceManager()" classname="com.tanrunn.tcth.impl.shadow.ShadowLootLoaderTest" time="0.003"/>
  <testcase name="highestPriorityInvalidSchemaDoesNotFallBack()" classname="com.tanrunn.tcth.impl.shadow.ShadowLootLoaderTest" time="0.003"/>
  <testcase name="reloadIsAtomicAndDropsStale()" classname="com.tanrunn.tcth.impl.shadow.ShadowLootLoaderTest" time="0.003"/>
  <testcase name="throwingRegistryAccessPublishesAnEmptyMap()" classname="com.tanrunn.tcth.impl.shadow.ShadowLootLoaderTest" time="0.004"/>
  <testcase name="highestPriorityCorruptJsonDoesNotFallBack()" classname="com.tanrunn.tcth.impl.shadow.ShadowLootLoaderTest" time="0.005"/>
  <testcase name="mixedEntriesRejectTheWholeFileWithZeroRandom()" classname="com.tanrunn.tcth.impl.shadow.ShadowLootLoaderTest" time="0.002"/>
  <testcase name="rollCountAlwaysCallsTheRandomEvenWhenMinEqualsMax()" classname="com.tanrunn.tcth.impl.shadow.ShadowLootLoaderTest" time="0.001"/>
  <testcase name="listenerHighestPriorityValidOverridesLower()" classname="com.tanrunn.tcth.impl.shadow.ShadowLootLoaderTest" time="0.003"/>
  <testcase name="initialReloadLoadsAllThreeEntitiesWithoutLifecycleServer()" classname="com.tanrunn.tcth.impl.shadow.ShadowLootLoaderTest" time="0.002"/>
  <testcase name="highestPriorityValidOverridesLower()" classname="com.tanrunn.tcth.impl.shadow.ShadowLootLoaderTest" time="0.002"/>
  <testcase name="nullRegistryAccessPublishesAnEmptyMap()" classname="com.tanrunn.tcth.impl.shadow.ShadowLootLoaderTest" time="0.001"/>
  <testcase name="listenerNullRegistryStillClearsOldDefinitions()" classname="com.tanrunn.tcth.impl.shadow.ShadowLootLoaderTest" time="0.002"/>
  <testcase name="invalidDefinitionsAreRejected()" classname="com.tanrunn.tcth.impl.shadow.ShadowLootLoaderTest" time="0.006"/>
  <system-out><![CDATA[[00:14:09] [Test worker/INFO] [co.ta.tc.TCTHIntegration/]: [TCTH] Shadow loot definitions loaded: 0 entities
[00:14:09] [Test worker/WARN] [co.ta.tc.TCTHIntegration/]: [TCTH] Shadow loot definition rejected (unknown entity/item): minecraft:cow
[00:14:09] [Test worker/INFO] [co.ta.tc.TCTHIntegration/]: [TCTH] Shadow loot definitions loaded: 0 entities
[00:14:09] [Test worker/INFO] [co.ta.tc.TCTHIntegration/]: [TCTH] Shadow loot definitions loaded: 0 entities
[00:14:09] [Test worker/INFO] [co.ta.tc.TCTHIntegration/]: [TCTH] Shadow loot definitions loaded: 0 entities
[00:14:09] [Test worker/INFO] [co.ta.tc.TCTHIntegration/]: [TCTH] Shadow loot definitions loaded: 0 entities
[00:14:09] [Test worker/INFO] [co.ta.tc.TCTHIntegration/]: [TCTH] Shadow loot definitions loaded: 0 entities
[00:14:09] [Test worker/INFO] [co.ta.tc.TCTHIntegration/]: [TCTH] Shadow loot definitions loaded: 0 entities
[00:14:09] [Test worker/INFO] [co.ta.tc.TCTHIntegration/]: [TCTH] Shadow loot definitions loaded: 0 entities
[00:14:09] [Test worker/INFO] [co.ta.tc.TCTHIntegration/]: [TCTH] Shadow loot definitions loaded: 0 entities
[00:14:09] [Test worker/INFO] [co.ta.tc.TCTHIntegration/]: [TCTH] Shadow loot definitions loaded: 0 entities
[00:14:09] [Test worker/INFO] [co.ta.tc.TCTHIntegration/]: [TCTH] Shadow loot definitions loaded: 0 entities
[00:14:09] [Test worker/INFO] [co.ta.tc.TCTHIntegration/]: [TCTH] Shadow loot definitions loaded: 0 entities
[00:14:09] [Test worker/INFO] [co.ta.tc.TCTHIntegration/]: [TCTH] Shadow loot definitions loaded: 1 entities
[00:14:09] [Test worker/INFO] [co.ta.tc.TCTHIntegration/]: [TCTH] Shadow loot definitions loaded: 0 entities
[00:14:09] [Test worker/INFO] [co.ta.tc.TCTHIntegration/]: [TCTH] Shadow loot definitions loaded: 0 entities
[00:14:09] [Test worker/INFO] [co.ta.tc.TCTHIntegration/]: [TCTH] Shadow loot definitions loaded: 0 entities
[00:14:09] [Test worker/INFO] [co.ta.tc.TCTHIntegration/]: [TCTH] Shadow loot definitions loaded: 0 entities
[00:14:09] [Test worker/INFO] [co.ta.tc.TCTHIntegration/]: [TCTH] Shadow loot definitions loaded: 0 entities
[00:14:09] [Test worker/INFO] [co.ta.tc.TCTHIntegration/]: [TCTH] Shadow loot definitions loaded: 0 entities
[00:14:09] [Test worker/INFO] [co.ta.tc.TCTHIntegration/]: [TCTH] Shadow loot definitions loaded: 0 entities
[00:14:09] [Test worker/INFO] [co.ta.tc.TCTHIntegration/]: [TCTH] Shadow loot definitions loaded: 1 entities
[00:14:09] [Test worker/WARN] [co.ta.tc.TCTHIntegration/]: [TCTH] Shadow loot reload skipped: registry access unavailable
[00:14:09] [Test worker/INFO] [co.ta.tc.TCTHIntegration/]: [TCTH] Shadow loot definitions loaded: 0 entities
[00:14:09] [Test worker/INFO] [co.ta.tc.TCTHIntegration/]: [TCTH] Shadow loot definitions loaded: 0 entities
[00:14:09] [Test worker/INFO] [co.ta.tc.TCTHIntegration/]: [TCTH] Shadow loot definitions loaded: 0 entities
[00:14:09] [Test worker/INFO] [co.ta.tc.TCTHIntegration/]: [TCTH] Shadow loot definitions loaded: 0 entities
[00:14:09] [Test worker/INFO] [co.ta.tc.TCTHIntegration/]: [TCTH] Shadow loot definitions loaded: 0 entities
[00:14:09] [Test worker/INFO] [co.ta.tc.TCTHIntegration/]: [TCTH] Shadow loot definitions loaded: 0 entities
[00:14:09] [Test worker/WARN] [co.ta.tc.TCTHIntegration/]: [TCTH] Shadow loot file unreadable: tcth:shadow_loot/minecraft/chicken.json
[00:14:09] [Test worker/INFO] [co.ta.tc.TCTHIntegration/]: [TCTH] Shadow loot definitions loaded: 0 entities
[00:14:09] [Test worker/INFO] [co.ta.tc.TCTHIntegration/]: [TCTH] Shadow loot definitions loaded: 0 entities
[00:14:09] [Test worker/INFO] [co.ta.tc.TCTHIntegration/]: [TCTH] Shadow loot definitions loaded: 0 entities
[00:14:09] [Test worker/INFO] [co.ta.tc.TCTHIntegration/]: [TCTH] Shadow loot definitions loaded: 0 entities
[00:14:09] [Test worker/INFO] [co.ta.tc.TCTHIntegration/]: [TCTH] Shadow loot definitions loaded: 0 entities
[00:14:09] [Test worker/INFO] [co.ta.tc.TCTHIntegration/]: [TCTH] Shadow loot definitions loaded: 1 entities
[00:14:09] [Test worker/INFO] [co.ta.tc.TCTHIntegration/]: [TCTH] Shadow loot definitions loaded: 0 entities
[00:14:09] [Test worker/INFO] [co.ta.tc.TCTHIntegration/]: [TCTH] Shadow loot definitions loaded: 0 entities
[00:14:09] [Test worker/INFO] [co.ta.tc.TCTHIntegration/]: [TCTH] Shadow loot definitions loaded: 0 entities
[00:14:09] [Test worker/INFO] [co.ta.tc.TCTHIntegration/]: [TCTH] Shadow loot definitions loaded: 1 entities
[00:14:09] [Test worker/INFO] [co.ta.tc.TCTHIntegration/]: [TCTH] Shadow loot definitions loaded: 0 entities
[00:14:09] [Test worker/INFO] [co.ta.tc.TCTHIntegration/]: [TCTH] Shadow loot definitions loaded: 0 entities
[00:14:09] [Test worker/WARN] [co.ta.tc.TCTHIntegration/]: [TCTH] Shadow loot definition rejected (invalid schema): minecraft:cow
[00:14:09] [Test worker/INFO] [co.ta.tc.TCTHIntegration/]: [TCTH] Shadow loot definitions loaded: 0 entities
[00:14:09] [Test worker/INFO] [co.ta.tc.TCTHIntegration/]: [TCTH] Shadow loot definitions loaded: 0 entities
[00:14:09] [Test worker/INFO] [co.ta.tc.TCTHIntegration/]: [TCTH] Shadow loot definitions loaded: 0 entities
[00:14:09] [Test worker/INFO] [co.ta.tc.TCTHIntegration/]: [TCTH] Shadow loot definitions loaded: 2 entities
[00:14:09] [Test worker/INFO] [co.ta.tc.TCTHIntegration/]: [TCTH] Shadow loot definitions loaded: 1 entities
[00:14:09] [Test worker/INFO] [co.ta.tc.TCTHIntegration/]: [TCTH] Shadow loot definitions loaded: 1 entities
[00:14:09] [Test worker/INFO] [co.ta.tc.TCTHIntegration/]: [TCTH] Shadow loot definitions loaded: 0 entities
[00:14:09] [Test worker/INFO] [co.ta.tc.TCTHIntegration/]: [TCTH] Shadow loot definitions loaded: 0 entities
[00:14:09] [Test worker/INFO] [co.ta.tc.TCTHIntegration/]: [TCTH] Shadow loot definitions loaded: 0 entities
[00:14:09] [Test worker/INFO] [co.ta.tc.TCTHIntegration/]: [TCTH] Shadow loot definitions loaded: 0 entities
[00:14:09] [Test worker/INFO] [co.ta.tc.TCTHIntegration/]: [TCTH] Shadow loot definitions loaded: 0 entities
[00:14:09] [Test worker/INFO] [co.ta.tc.TCTHIntegration/]: [TCTH] Shadow loot definitions loaded: 0 entities
[00:14:09] [Test worker/INFO] [co.ta.tc.TCTHIntegration/]: [TCTH] Shadow loot definitions loaded: 0 entities
[00:14:09] [Test worker/INFO] [co.ta.tc.TCTHIntegration/]: [TCTH] Shadow loot definitions loaded: 0 entities
[00:14:09] [Test worker/INFO] [co.ta.tc.TCTHIntegration/]: [TCTH] Shadow loot definitions loaded: 0 entities
[00:14:09] [Test worker/INFO] [co.ta.tc.TCTHIntegration/]: [TCTH] Shadow loot definitions loaded: 0 entities
[00:14:09] [Test worker/INFO] [co.ta.tc.TCTHIntegration/]: [TCTH] Shadow loot definitions loaded: 0 entities
[00:14:09] [Test worker/INFO] [co.ta.tc.TCTHIntegration/]: [TCTH] Shadow loot definitions loaded: 0 entities
[00:14:09] [Test worker/INFO] [co.ta.tc.TCTHIntegration/]: [TCTH] Shadow loot definitions loaded: 1 entities
[00:14:09] [Test worker/INFO] [co.ta.tc.TCTHIntegration/]: [TCTH] Shadow loot definitions loaded: 0 entities
[00:14:09] [Test worker/INFO] [co.ta.tc.TCTHIntegration/]: [TCTH] Shadow loot definitions loaded: 0 entities
[00:14:09] [Test worker/INFO] [co.ta.tc.TCTHIntegration/]: [TCTH] Shadow loot definitions loaded: 3 entities
[00:14:09] [Test worker/INFO] [co.ta.tc.TCTHIntegration/]: [TCTH] Shadow loot definitions loaded: 0 entities
[00:14:09] [Test worker/INFO] [co.ta.tc.TCTHIntegration/]: [TCTH] Shadow loot definitions loaded: 0 entities
[00:14:09] [Test worker/INFO] [co.ta.tc.TCTHIntegration/]: [TCTH] Shadow loot definitions loaded: 1 entities
[00:14:09] [Test worker/INFO] [co.ta.tc.TCTHIntegration/]: [TCTH] Shadow loot definitions loaded: 0 entities
[00:14:09] [Test worker/INFO] [co.ta.tc.TCTHIntegration/]: [TCTH] Shadow loot definitions loaded: 0 entities
[00:14:09] [Test worker/INFO] [co.ta.tc.TCTHIntegration/]: [TCTH] Shadow loot definitions loaded: 0 entities
[00:14:09] [Test worker/INFO] [co.ta.tc.TCTHIntegration/]: [TCTH] Shadow loot definitions loaded: 0 entities
[00:14:09] [Test worker/INFO] [co.ta.tc.TCTHIntegration/]: [TCTH] Shadow loot definitions loaded: 1 entities
[00:14:09] [Test worker/INFO] [co.ta.tc.TCTHIntegration/]: [TCTH] Shadow loot definitions loaded: 0 entities
[00:14:09] [Test worker/INFO] [co.ta.tc.TCTHIntegration/]: [TCTH] Shadow loot definitions loaded: 0 entities
[00:14:09] [Test worker/INFO] [co.ta.tc.TCTHIntegration/]: [TCTH] Shadow loot definitions loaded: 0 entities
]]></system-out>
  <system-err><![CDATA[]]></system-err>
</testsuite>
