<?xml version="1.0" encoding="UTF-8"?>
<testsuite name="com.tanrunn.tcth.impl.signature.CookingSignatureTest" tests="14" skipped="0" failures="0" errors="0" timestamp="2026-08-23T16:14:09.718Z" hostname="tanrunn-fedora" time="0.05">
  <properties/>
  <testcase name="streamCodecAcceptsMaxLengthName()" classname="com.tanrunn.tcth.impl.signature.CookingSignatureTest" time="0.037"/>
  <testcase name="streamCodecRoundTripPreservesFields()" classname="com.tanrunn.tcth.impl.signature.CookingSignatureTest" time="0.001"/>
  <testcase name="differentChefSignaturesAreNotEqual()" classname="com.tanrunn.tcth.impl.signature.CookingSignatureTest" time="0.0"/>
  <testcase name="nullNameBecomesEmpty()" classname="com.tanrunn.tcth.impl.signature.CookingSignatureTest" time="0.0"/>
  <testcase name="streamCodecUuidIsFixedSixteenBytes()" classname="com.tanrunn.tcth.impl.signature.CookingSignatureTest" time="0.0"/>
  <testcase name="codecRoundTripPreservesFields()" classname="com.tanrunn.tcth.impl.signature.CookingSignatureTest" time="0.01"/>
  <testcase name="blankNameIsEmptyAndNeverRendered()" classname="com.tanrunn.tcth.impl.signature.CookingSignatureTest" time="0.0"/>
  <testcase name="formattingCodesAndControlCharsAreStripped()" classname="com.tanrunn.tcth.impl.signature.CookingSignatureTest" time="0.0"/>
  <testcase name="codecDecodeStillSanitizesName()" classname="com.tanrunn.tcth.impl.signature.CookingSignatureTest" time="0.001"/>
  <testcase name="streamCodecRejectsOverlongNameOnDecode()" classname="com.tanrunn.tcth.impl.signature.CookingSignatureTest" time="0.0"/>
  <testcase name="uuidAndNameArePreserved()" classname="com.tanrunn.tcth.impl.signature.CookingSignatureTest" time="0.0"/>
  <testcase name="sanitizeIsIdempotent()" classname="com.tanrunn.tcth.impl.signature.CookingSignatureTest" time="0.0"/>
  <testcase name="overlongNameIsTruncatedToMaxLength()" classname="com.tanrunn.tcth.impl.signature.CookingSignatureTest" time="0.0"/>
  <testcase name="sameChefSignaturesAreEqual()" classname="com.tanrunn.tcth.impl.signature.CookingSignatureTest" time="0.0"/>
  <system-out><![CDATA[]]></system-out>
  <system-err><![CDATA[]]></system-err>
</testsuite>
