<?xml version="1.0" encoding="UTF-8"?>
<testsuite name="com.tanrunn.tcth.impl.compat.OpacProtectionProviderFactoryTest" tests="2" skipped="0" failures="0" errors="0" timestamp="2026-08-23T16:13:47.715Z" hostname="tanrunn-fedora" time="0.004">
  <properties/>
  <testcase name="factoryReturnsNullWhenModAbsent()" classname="com.tanrunn.tcth.impl.compat.OpacProtectionProviderFactoryTest" time="0.002"/>
  <testcase name="factoryCreatesProviderWhenModPresent()" classname="com.tanrunn.tcth.impl.compat.OpacProtectionProviderFactoryTest" time="0.001"/>
  <system-out><![CDATA[]]></system-out>
  <system-err><![CDATA[]]></system-err>
</testsuite>
