<?xml version="1.0" encoding="UTF-8"?>
<testsuite name="com.tanrunn.tcth.api.guncombat.GunKillEventTest" tests="19" skipped="0" failures="0" errors="0" timestamp="2026-08-23T16:13:45.679Z" hostname="tanrunn-fedora" time="0.03">
  <properties/>
  <testcase name="nullLevelThrows()" classname="com.tanrunn.tcth.api.guncombat.GunKillEventTest" time="0.003"/>
  <testcase name="nullEventIdThrows()" classname="com.tanrunn.tcth.api.guncombat.GunKillEventTest" time="0.001"/>
  <testcase name="weaponDefensiveCopyOnRead()" classname="com.tanrunn.tcth.api.guncombat.GunKillEventTest" time="0.001"/>
  <testcase name="automatedFlagStoredCorrectly()" classname="com.tanrunn.tcth.api.guncombat.GunKillEventTest" time="0.001"/>
  <testcase name="weaponDefensiveCopyOnConstruction()" classname="com.tanrunn.tcth.api.guncombat.GunKillEventTest" time="0.001"/>
  <testcase name="zeroDistanceIsAllowed()" classname="com.tanrunn.tcth.api.guncombat.GunKillEventTest" time="0.004"/>
  <testcase name="nullTargetIdThrows()" classname="com.tanrunn.tcth.api.guncombat.GunKillEventTest" time="0.002"/>
  <testcase name="eventIdIsStableAndNotNull()" classname="com.tanrunn.tcth.api.guncombat.GunKillEventTest" time="0.002"/>
  <testcase name="tierAccessors()" classname="com.tanrunn.tcth.api.guncombat.GunKillEventTest" time="0.001"/>
  <testcase name="nullPositionThrows()" classname="com.tanrunn.tcth.api.guncombat.GunKillEventTest" time="0.002"/>
  <testcase name="nullWeaponIdThrows()" classname="com.tanrunn.tcth.api.guncombat.GunKillEventTest" time="0.001"/>
  <testcase name="nullPlayerThrows()" classname="com.tanrunn.tcth.api.guncombat.GunKillEventTest" time="0.002"/>
  <testcase name="accessorsReturnExpectedValues()" classname="com.tanrunn.tcth.api.guncombat.GunKillEventTest" time="0.001"/>
  <testcase name="nullWeaponThrows()" classname="com.tanrunn.tcth.api.guncombat.GunKillEventTest" time="0.001"/>
  <testcase name="positionIsImmutable()" classname="com.tanrunn.tcth.api.guncombat.GunKillEventTest" time="0.001"/>
  <testcase name="targetUuidIsStored()" classname="com.tanrunn.tcth.api.guncombat.GunKillEventTest" time="0.001"/>
  <testcase name="nullTierThrows()" classname="com.tanrunn.tcth.api.guncombat.GunKillEventTest" time="0.001"/>
  <testcase name="nullTargetUuidThrows()" classname="com.tanrunn.tcth.api.guncombat.GunKillEventTest" time="0.001"/>
  <testcase name="distanceMustBeNonNegative()" classname="com.tanrunn.tcth.api.guncombat.GunKillEventTest" time="0.002"/>
  <system-out><![CDATA[]]></system-out>
  <system-err><![CDATA[]]></system-err>
</testsuite>
