<?xml version="1.0" encoding="UTF-8"?>
<testsuite name="com.tanrunn.tcth.impl.detector.farming.CropBreakDetectorTest" tests="5" skipped="0" failures="0" errors="0" timestamp="2026-08-23T16:13:54.167Z" hostname="tanrunn-fedora" time="0.016">
  <properties/>
  <testcase name="cancelledEventIgnored()" classname="com.tanrunn.tcth.impl.detector.farming.CropBreakDetectorTest" time="0.004"/>
  <testcase name="matureCropPublishesBreakEvent()" classname="com.tanrunn.tcth.impl.detector.farming.CropBreakDetectorTest" time="0.008"/>
  <testcase name="nonServerPlayerIgnored()" classname="com.tanrunn.tcth.impl.detector.farming.CropBreakDetectorTest" time="0.001"/>
  <testcase name="immatureCropIgnored()" classname="com.tanrunn.tcth.impl.detector.farming.CropBreakDetectorTest" time="0.001"/>
  <testcase name="fakePlayerIgnored()" classname="com.tanrunn.tcth.impl.detector.farming.CropBreakDetectorTest" time="0.001"/>
  <system-out><![CDATA[]]></system-out>
  <system-err><![CDATA[]]></system-err>
</testsuite>
