<?xml version="1.0" encoding="UTF-8"?>
<testsuite name="com.tanrunn.tcth.impl.signature.DishSignatureServiceBoundaryTest" tests="3" skipped="0" failures="0" errors="0" timestamp="2026-08-23T16:14:09.776Z" hostname="tanrunn-fedora" time="0.001">
  <properties/>
  <testcase name="emptyAndBowlNotSigned()" classname="com.tanrunn.tcth.impl.signature.DishSignatureServiceBoundaryTest" time="0.0"/>
  <testcase name="foodItemWouldPassClassifierFoodRuleWhenComponentPresent()" classname="com.tanrunn.tcth.impl.signature.DishSignatureServiceBoundaryTest" time="0.0"/>
  <testcase name="previousSignatureObjectCanBeStoredAndRestoredOnStack()" classname="com.tanrunn.tcth.impl.signature.DishSignatureServiceBoundaryTest" time="0.0"/>
  <system-out><![CDATA[]]></system-out>
  <system-err><![CDATA[]]></system-err>
</testsuite>
