<?xml version="1.0" encoding="UTF-8"?>
<testsuite name="com.tanrunn.tcth.impl.shadow.ShadowEscapeEffectsTest" tests="39" skipped="0" failures="0" errors="0" timestamp="2026-08-23T16:13:59.073Z" hostname="tanrunn-fedora" time="0.264">
  <properties/>
  <testcase name="ownGrantGuardProtectsFromReconciliation()" classname="com.tanrunn.tcth.impl.shadow.ShadowEscapeEffectsTest" time="0.002"/>
  <testcase name="shorterExternalInvisibilityIsNeverDeleted()" classname="com.tanrunn.tcth.impl.shadow.ShadowEscapeEffectsTest" time="0.001"/>
  <testcase name="markerMapIsBounded()" classname="com.tanrunn.tcth.impl.shadow.ShadowEscapeEffectsTest" time="0.157"/>
  <testcase name="ambientReplacementIsNeverDeleted()" classname="com.tanrunn.tcth.impl.shadow.ShadowEscapeEffectsTest" time="0.001"/>
  <testcase name="logoutClearsPending()" classname="com.tanrunn.tcth.impl.shadow.ShadowEscapeEffectsTest" time="0.001"/>
  <testcase name="externalAddWithoutMarkerIsIgnored()" classname="com.tanrunn.tcth.impl.shadow.ShadowEscapeEffectsTest" time="0.001"/>
  <testcase name="byteIdenticalExternalReplacementIsTreatedAsOurs()" classname="com.tanrunn.tcth.impl.shadow.ShadowEscapeEffectsTest" time="0.001"/>
  <testcase name="reconcileWithPlayerOfflineKeepsMarker()" classname="com.tanrunn.tcth.impl.shadow.ShadowEscapeEffectsTest" time="0.0"/>
  <testcase name="expiredMarkerSignatureMismatchClearsMarker()" classname="com.tanrunn.tcth.impl.shadow.ShadowEscapeEffectsTest" time="0.001"/>
  <testcase name="differentAmplifierOrFlagsExternalInvisibilityIsNeverDeleted()" classname="com.tanrunn.tcth.impl.shadow.ShadowEscapeEffectsTest" time="0.001"/>
  <testcase name="cancelledRemovePreservesMarkerAfterReconcile()" classname="com.tanrunn.tcth.impl.shadow.ShadowEscapeEffectsTest" time="0.001"/>
  <testcase name="trueReplacementClearsMarkerAfterReconcile()" classname="com.tanrunn.tcth.impl.shadow.ShadowEscapeEffectsTest" time="0.001"/>
  <testcase name="tierIIIgrantsSpeedIIAndLongerInvisibility()" classname="com.tanrunn.tcth.impl.shadow.ShadowEscapeEffectsTest" time="0.0"/>
  <testcase name="grantFailureNeverThrows()" classname="com.tanrunn.tcth.impl.shadow.ShadowEscapeEffectsTest" time="0.002"/>
  <testcase name="expiredEventMarksForReconciliation()" classname="com.tanrunn.tcth.impl.shadow.ShadowEscapeEffectsTest" time="0.0"/>
  <testcase name="breakPastExpiryWithEffectPresentAttemptsRemoval()" classname="com.tanrunn.tcth.impl.shadow.ShadowEscapeEffectsTest" time="0.0"/>
  <testcase name="removeEventMarksForReconciliation()" classname="com.tanrunn.tcth.impl.shadow.ShadowEscapeEffectsTest" time="0.001"/>
  <testcase name="noneGrantsNothing()" classname="com.tanrunn.tcth.impl.shadow.ShadowEscapeEffectsTest" time="0.0"/>
  <testcase name="tierIIgrantsSpeedIAndInvisibilityWithMarker()" classname="com.tanrunn.tcth.impl.shadow.ShadowEscapeEffectsTest" time="0.001"/>
  <testcase name="noMarkMeansNoRemoval()" classname="com.tanrunn.tcth.impl.shadow.ShadowEscapeEffectsTest" time="0.001"/>
  <testcase name="clientSideAttackNeverBreaks()" classname="com.tanrunn.tcth.impl.shadow.ShadowEscapeEffectsTest" time="0.0"/>
  <testcase name="rejectedGrantRecordsNoMarker()" classname="com.tanrunn.tcth.impl.shadow.ShadowEscapeEffectsTest" time="0.001"/>
  <testcase name="expiredClearsMarkerAfterReconcile()" classname="com.tanrunn.tcth.impl.shadow.ShadowEscapeEffectsTest" time="0.0"/>
  <testcase name="cancelledExpiredPreservesMarkerAfterReconcile()" classname="com.tanrunn.tcth.impl.shadow.ShadowEscapeEffectsTest" time="0.001"/>
  <testcase name="reconcileWithEffectGoneClearsMarker()" classname="com.tanrunn.tcth.impl.shadow.ShadowEscapeEffectsTest" time="0.001"/>
  <testcase name="naturalDecayWindowBoundary()" classname="com.tanrunn.tcth.impl.shadow.ShadowEscapeEffectsTest" time="0.0"/>
  <testcase name="longerExternalInvisibilityIsNeverDeleted()" classname="com.tanrunn.tcth.impl.shadow.ShadowEscapeEffectsTest" time="0.001"/>
  <testcase name="newAttemptBreaksTcthInvisibility()" classname="com.tanrunn.tcth.impl.shadow.ShadowEscapeEffectsTest" time="0.001"/>
  <testcase name="serverStopClearsEverything()" classname="com.tanrunn.tcth.impl.shadow.ShadowEscapeEffectsTest" time="0.001"/>
  <testcase name="tierIgrantsSpeedIOnly()" classname="com.tanrunn.tcth.impl.shadow.ShadowEscapeEffectsTest" time="0.0"/>
  <testcase name="addedEventMarksForReconciliation()" classname="com.tanrunn.tcth.impl.shadow.ShadowEscapeEffectsTest" time="0.001"/>
  <testcase name="attackBreaksTcthInvisibility()" classname="com.tanrunn.tcth.impl.shadow.ShadowEscapeEffectsTest" time="0.0"/>
  <testcase name="externalRemovalClearsMarkerAfterReconcile()" classname="com.tanrunn.tcth.impl.shadow.ShadowEscapeEffectsTest" time="0.001"/>
  <testcase name="weakAddedPreservesMarkerAfterReconcile()" classname="com.tanrunn.tcth.impl.shadow.ShadowEscapeEffectsTest" time="0.001"/>
  <testcase name="nonInvisibilityRemovalNeverMarked()" classname="com.tanrunn.tcth.impl.shadow.ShadowEscapeEffectsTest" time="0.0"/>
  <testcase name="externalReplacementClearsMarkerAfterReconcile()" classname="com.tanrunn.tcth.impl.shadow.ShadowEscapeEffectsTest" time="0.001"/>
  <testcase name="logoutClearsTheMark()" classname="com.tanrunn.tcth.impl.shadow.ShadowEscapeEffectsTest" time="0.001"/>
  <testcase name="pendingSetIsBounded()" classname="com.tanrunn.tcth.impl.shadow.ShadowEscapeEffectsTest" time="0.075"/>
  <testcase name="removeEffectFalsePreservesTheMarker()" classname="com.tanrunn.tcth.impl.shadow.ShadowEscapeEffectsTest" time="0.002"/>
  <system-out><![CDATA[[00:13:59] [Test worker/WARN] [co.ta.tc.TCTHIntegration/]: [TCTH] Shadow escape success effects failed for thief: java.lang.IllegalStateException: boom
]]></system-out>
  <system-err><![CDATA[]]></system-err>
</testsuite>
