<?xml version="1.0" encoding="UTF-8"?>
<testsuite name="com.tanrunn.tcth.impl.signature.ShiftTakeCoordinationBehaviorTest" tests="4" skipped="0" failures="0" errors="0" timestamp="2026-08-23T16:14:09.790Z" hostname="tanrunn-fedora" time="0.016">
  <properties/>
  <testcase name="tokenCloseIsIdempotent()" classname="com.tanrunn.tcth.impl.signature.ShiftTakeCoordinationBehaviorTest" time="0.008"/>
  <testcase name="suppressionIsGlobalSetNotThreadLocal()" classname="com.tanrunn.tcth.impl.signature.ShiftTakeCoordinationBehaviorTest" time="0.003"/>
  <testcase name="suppressionIsClearedOnFailurePath()" classname="com.tanrunn.tcth.impl.signature.ShiftTakeCoordinationBehaviorTest" time="0.003"/>
  <testcase name="partialMoveOfStackCount3PublishesExactlyOneEvent()" classname="com.tanrunn.tcth.impl.signature.ShiftTakeCoordinationBehaviorTest" time="0.0"/>
  <system-out><![CDATA[]]></system-out>
  <system-err><![CDATA[]]></system-err>
</testsuite>
