<?xml version="1.0" encoding="UTF-8"?>
<testsuite name="com.tanrunn.tcth.impl.compat.jobsplus.arc.condition.ShadowRewardsEnabledConditionTest" tests="3" skipped="0" failures="0" errors="0" timestamp="2026-08-23T16:13:50.720Z" hostname="tanrunn-fedora" time="0.004">
  <properties/>
  <testcase name="matchesOnlyWhenAllThreeSwitchesOn()" classname="com.tanrunn.tcth.impl.compat.jobsplus.arc.condition.ShadowRewardsEnabledConditionTest" time="0.002"/>
  <testcase name="configFailureFailsClosedEvenWhenInverted()" classname="com.tanrunn.tcth.impl.compat.jobsplus.arc.condition.ShadowRewardsEnabledConditionTest" time="0.001"/>
  <testcase name="invertedFlipsMatchesButNeverFailures()" classname="com.tanrunn.tcth.impl.compat.jobsplus.arc.condition.ShadowRewardsEnabledConditionTest" time="0.001"/>
  <system-out><![CDATA[[00:13:50] [Test worker/WARN] [co.ta.tc.TCTHIntegration/]: [TCTH] tcth:shadow_rewards_enabled config read failed: java.lang.IllegalStateException: config broken
]]></system-out>
  <system-err><![CDATA[]]></system-err>
</testsuite>
