<?xml version="1.0" encoding="UTF-8"?>
<testsuite name="com.tanrunn.tcth.impl.compat.jobsplus.powerup.GunnerAbilityModuleDamageTest" tests="9" skipped="0" failures="0" errors="0" timestamp="2026-08-23T16:13:51.354Z" hostname="tanrunn-fedora" time="0.193">
  <properties/>
  <testcase name="vanillaArrowNeverApplies()" classname="com.tanrunn.tcth.impl.compat.jobsplus.powerup.GunnerAbilityModuleDamageTest" time="0.177"/>
  <testcase name="marksmanshipMultipliesSgDamageToNonPlayer()" classname="com.tanrunn.tcth.impl.compat.jobsplus.powerup.GunnerAbilityModuleDamageTest" time="0.008"/>
  <testcase name="defenseExpertOverridesLowerTiers()" classname="com.tanrunn.tcth.impl.compat.jobsplus.powerup.GunnerAbilityModuleDamageTest" time="0.002"/>
  <testcase name="fireDamageDoesNotReduce()" classname="com.tanrunn.tcth.impl.compat.jobsplus.powerup.GunnerAbilityModuleDamageTest" time="0.001"/>
  <testcase name="meleeAndEnvironmentDamageNeverApply()" classname="com.tanrunn.tcth.impl.compat.jobsplus.powerup.GunnerAbilityModuleDamageTest" time="0.0"/>
  <testcase name="vanillaExplosionDoesNotReduce()" classname="com.tanrunn.tcth.impl.compat.jobsplus.powerup.GunnerAbilityModuleDamageTest" time="0.001"/>
  <testcase name="pvpNeverAppliesMarksmanship()" classname="com.tanrunn.tcth.impl.compat.jobsplus.powerup.GunnerAbilityModuleDamageTest" time="0.001"/>
  <testcase name="defenseReducesSgDamageToPlayer()" classname="com.tanrunn.tcth.impl.compat.jobsplus.powerup.GunnerAbilityModuleDamageTest" time="0.001"/>
  <testcase name="marksmanshipNoTierLeavesDamageUnchanged()" classname="com.tanrunn.tcth.impl.compat.jobsplus.powerup.GunnerAbilityModuleDamageTest" time="0.001"/>
  <system-out><![CDATA[]]></system-out>
  <system-err><![CDATA[]]></system-err>
</testsuite>
