<?xml version="1.0" encoding="UTF-8"?>
<testsuite name="com.tanrunn.tcth.impl.shadow.ShadowSuccessCalculatorTest" tests="15" skipped="0" failures="0" errors="0" timestamp="2026-08-23T16:14:09.560Z" hostname="tanrunn-fedora" time="0.003">
  <properties/>
  <testcase name="nonFiniteInputsFailClosedToMinChance()" classname="com.tanrunn.tcth.impl.shadow.ShadowSuccessCalculatorTest" time="0.001"/>
  <testcase name="alertedSubtractsTwentyPercent()" classname="com.tanrunn.tcth.impl.shadow.ShadowSuccessCalculatorTest" time="0.0"/>
  <testcase name="rollUsesExplicitStrictComparison()" classname="com.tanrunn.tcth.impl.shadow.ShadowSuccessCalculatorTest" time="0.0"/>
  <testcase name="chanceIsClampedToUpperBound()" classname="com.tanrunn.tcth.impl.shadow.ShadowSuccessCalculatorTest" time="0.0"/>
  <testcase name="watchedSubtractsTwentyFivePercent()" classname="com.tanrunn.tcth.impl.shadow.ShadowSuccessCalculatorTest" time="0.0"/>
  <testcase name="zeroChanceNeverSucceedsEvenOnZeroRoll()" classname="com.tanrunn.tcth.impl.shadow.ShadowSuccessCalculatorTest" time="0.0"/>
  <testcase name="rollCallsRandomExactlyOnce()" classname="com.tanrunn.tcth.impl.shadow.ShadowSuccessCalculatorTest" time="0.0"/>
  <testcase name="nonFiniteChanceNeverSucceeds()" classname="com.tanrunn.tcth.impl.shadow.ShadowSuccessCalculatorTest" time="0.0"/>
  <testcase name="distanceDecayOnlyBeyondBestRange()" classname="com.tanrunn.tcth.impl.shadow.ShadowSuccessCalculatorTest" time="0.001"/>
  <testcase name="watchedAndAlertedStackClampedToMin()" classname="com.tanrunn.tcth.impl.shadow.ShadowSuccessCalculatorTest" time="0.0"/>
  <testcase name="baseChanceIsThirtyFivePercent()" classname="com.tanrunn.tcth.impl.shadow.ShadowSuccessCalculatorTest" time="0.0"/>
  <testcase name="constantsAreExposedForSingleSourceOfTruth()" classname="com.tanrunn.tcth.impl.shadow.ShadowSuccessCalculatorTest" time="0.0"/>
  <testcase name="candidateAndAbilityModifiersApply()" classname="com.tanrunn.tcth.impl.shadow.ShadowSuccessCalculatorTest" time="0.0"/>
  <testcase name="chanceIsClampedToLowerBound()" classname="com.tanrunn.tcth.impl.shadow.ShadowSuccessCalculatorTest" time="0.0"/>
  <testcase name="behindAddsTwentyFivePercent()" classname="com.tanrunn.tcth.impl.shadow.ShadowSuccessCalculatorTest" time="0.0"/>
  <system-out><![CDATA[]]></system-out>
  <system-err><![CDATA[]]></system-err>
</testsuite>
