<?xml version="1.0" encoding="UTF-8"?>
<testsuite name="com.tanrunn.tcth.impl.detector.farming.FarmerMixinBoundaryTest" tests="5" skipped="0" failures="1" errors="0" timestamp="2026-08-23T16:13:54.190Z" hostname="tanrunn-fedora" time="0.008">
  <properties/>
  <testcase name="kcDispatchBoundaries()" classname="com.tanrunn.tcth.impl.detector.farming.FarmerMixinBoundaryTest" time="0.0"/>
  <testcase name="breakDetectorRegistersAtLowestPriorityWithReceiveCanceledFalse()" classname="com.tanrunn.tcth.impl.detector.farming.FarmerMixinBoundaryTest" time="0.001"/>
  <testcase name="sweetBerryServerSideSuccessValueIsConsume()" classname="com.tanrunn.tcth.impl.detector.farming.FarmerMixinBoundaryTest" time="0.001"/>
  <testcase name="lettuceRightClickIsNotAHarvestPath()" classname="com.tanrunn.tcth.impl.detector.farming.FarmerMixinBoundaryTest" time="0.001">
    <failure message="java.nio.file.NoSuchFileException: dev-mods/kaleidoscopecookery-1.4.1.jar" type="java.nio.file.NoSuchFileException">java.nio.file.NoSuchFileException: dev-mods/kaleidoscopecookery-1.4.1.jar
	at java.base/sun.nio.fs.UnixException.translateToIOException(UnixException.java:92)
	at java.base/sun.nio.fs.UnixException.rethrowAsIOException(UnixException.java:106)
	at java.base/sun.nio.fs.UnixException.rethrowAsIOException(UnixException.java:111)
	at java.base/sun.nio.fs.UnixFileAttributeViews$Basic.readAttributes(UnixFileAttributeViews.java:55)
	at java.base/sun.nio.fs.UnixFileSystemProvider.readAttributes(UnixFileSystemProvider.java:171)
	at java.base/sun.nio.fs.LinuxFileSystemProvider.readAttributes(LinuxFileSystemProvider.java:99)
	at java.base/java.nio.file.Files.readAttributes(Files.java:1854)
	at java.base/java.util.zip.ZipFile$Source.get(ZipFile.java:1445)
	at java.base/java.util.zip.ZipFile$CleanableResource.&lt;init&gt;(ZipFile.java:724)
	at java.base/java.util.zip.ZipFile.&lt;init&gt;(ZipFile.java:251)
	at java.base/java.util.zip.ZipFile.&lt;init&gt;(ZipFile.java:180)
	at java.base/java.util.zip.ZipFile.&lt;init&gt;(ZipFile.java:151)
	at com.tanrunn.tcth.impl.detector.farming.FarmerMixinBoundaryTest.lettuceRightClickIsNotAHarvestPath(FarmerMixinBoundaryTest.java:88)
	at java.base/java.lang.reflect.Method.invoke(Method.java:580)
	at java.base/java.util.ArrayList.forEach(ArrayList.java:1596)
	at java.base/java.util.ArrayList.forEach(ArrayList.java:1596)
</failure>
  </testcase>
  <testcase name="rightClickMixinsAreStatelessReturnOnly()" classname="com.tanrunn.tcth.impl.detector.farming.FarmerMixinBoundaryTest" time="0.005"/>
  <system-out><![CDATA[]]></system-out>
  <system-err><![CDATA[]]></system-err>
</testsuite>
