<?xml version="1.0" encoding="UTF-8"?>
<testsuite name="com.tanrunn.tcth.impl.compat.jobsplus.arc.FarmerPresetTest" tests="18" skipped="0" failures="0" errors="0" timestamp="2026-08-23T16:13:50.070Z" hostname="tanrunn-fedora" time="0.293">
  <properties/>
  <testcase name="phase4a4ColonyTagOnlyMndColonies()" classname="com.tanrunn.tcth.impl.compat.jobsplus.arc.FarmerPresetTest" time="0.001"/>
  <testcase name="presetShallNotContainJobsPlusFarmerHolderOrPowerupReferences()" classname="com.tanrunn.tcth.impl.compat.jobsplus.arc.FarmerPresetTest" time="0.021"/>
  <testcase name="plantingGrantsNoExperience()" classname="com.tanrunn.tcth.impl.compat.jobsplus.arc.FarmerPresetTest" time="0.002"/>
  <testcase name="phase4a4OptionalCropsInHarvestablesTag()" classname="com.tanrunn.tcth.impl.compat.jobsplus.arc.FarmerPresetTest" time="0.001"/>
  <testcase name="baseXpValuesAreExact()" classname="com.tanrunn.tcth.impl.compat.jobsplus.arc.FarmerPresetTest" time="0.003"/>
  <testcase name="farmerTranslationsCompleteInBothLanguages()" classname="com.tanrunn.tcth.impl.compat.jobsplus.arc.FarmerPresetTest" time="0.001"/>
  <testcase name="phase4a4ExclusionsCoverPlaceBreakFarmRisk()" classname="com.tanrunn.tcth.impl.compat.jobsplus.arc.FarmerPresetTest" time="0.0"/>
  <testcase name="noBountifulModification()" classname="com.tanrunn.tcth.impl.compat.jobsplus.arc.FarmerPresetTest" time="0.022"/>
  <testcase name="farmingBlockTagsArePresent()" classname="com.tanrunn.tcth.impl.compat.jobsplus.arc.FarmerPresetTest" time="0.001"/>
  <testcase name="chefPresetUnchangedAndStillEnabled()" classname="com.tanrunn.tcth.impl.compat.jobsplus.arc.FarmerPresetTest" time="0.0"/>
  <testcase name="releasedJarDoesNotShipPresetData()" classname="com.tanrunn.tcth.impl.compat.jobsplus.arc.FarmerPresetTest" time="0.001"/>
  <testcase name="noCoinRewardsAndNoDropMultiplier()" classname="com.tanrunn.tcth.impl.compat.jobsplus.arc.FarmerPresetTest" time="0.002"/>
  <testcase name="presetHasNoLangDirectory()" classname="com.tanrunn.tcth.impl.compat.jobsplus.arc.FarmerPresetTest" time="0.001"/>
  <testcase name="noSecondJobsPlusFarmerDefinition()" classname="com.tanrunn.tcth.impl.compat.jobsplus.arc.FarmerPresetTest" time="0.206"/>
  <testcase name="allNewActionHoldersAreTcthFarmer()" classname="com.tanrunn.tcth.impl.compat.jobsplus.arc.FarmerPresetTest" time="0.002"/>
  <testcase name="farmerJobDefinitionExistsAndIsNotDefault()" classname="com.tanrunn.tcth.impl.compat.jobsplus.arc.FarmerPresetTest" time="0.0"/>
  <testcase name="shearSheepRequiresSheepFullyShearableAndShears()" classname="com.tanrunn.tcth.impl.compat.jobsplus.arc.FarmerPresetTest" time="0.001"/>
  <testcase name="harvestUsesUnifiedActionAndNoArcHarvestRemains()" classname="com.tanrunn.tcth.impl.compat.jobsplus.arc.FarmerPresetTest" time="0.025"/>
  <system-out><![CDATA[]]></system-out>
  <system-err><![CDATA[]]></system-err>
</testsuite>
