<?xml version="1.0" encoding="UTF-8"?>
<testsuite name="com.tanrunn.tcth.impl.compat.fieldguide.FieldGuideDataTest" tests="7" skipped="0" failures="2" errors="0" timestamp="2026-08-23T16:13:49.500Z" hostname="tanrunn-fedora" time="0.019">
  <properties/>
  <testcase name="rawDoughIsExcludedFromEveryTag()" classname="com.tanrunn.tcth.impl.compat.fieldguide.FieldGuideDataTest" time="0.003"/>
  <testcase name="tierTagsAreMutuallyExclusive()" classname="com.tanrunn.tcth.impl.compat.fieldguide.FieldGuideDataTest" time="0.001"/>
  <testcase name="catalogEqualsUnionOfTierTags()" classname="com.tanrunn.tcth.impl.compat.fieldguide.FieldGuideDataTest" time="0.002">
    <failure message="org.opentest4j.AssertionFailedError: 6B 333 + 6D.1 3 plate_of_stuffed_hoglin T2 ==&gt; expected: &lt;336&gt; but was: &lt;335&gt;" type="org.opentest4j.AssertionFailedError">org.opentest4j.AssertionFailedError: 6B 333 + 6D.1 3 plate_of_stuffed_hoglin T2 ==&gt; expected: &lt;336&gt; but was: &lt;335&gt;
	at app//org.junit.jupiter.api.AssertionFailureBuilder.build(AssertionFailureBuilder.java:151)
	at app//org.junit.jupiter.api.AssertionFailureBuilder.buildAndThrow(AssertionFailureBuilder.java:132)
	at app//org.junit.jupiter.api.AssertEquals.failNotEqual(AssertEquals.java:197)
	at app//org.junit.jupiter.api.AssertEquals.assertEquals(AssertEquals.java:150)
	at app//org.junit.jupiter.api.Assertions.assertEquals(Assertions.java:563)
	at app//com.tanrunn.tcth.impl.compat.fieldguide.FieldGuideDataTest.catalogEqualsUnionOfTierTags(FieldGuideDataTest.java:102)
	at java.base@21.0.7/java.lang.reflect.Method.invoke(Method.java:580)
	at java.base@21.0.7/java.util.ArrayList.forEach(ArrayList.java:1596)
	at java.base@21.0.7/java.util.ArrayList.forEach(ArrayList.java:1596)
</failure>
  </testcase>
  <testcase name="minimalThreeDishesAreInCatalog()" classname="com.tanrunn.tcth.impl.compat.fieldguide.FieldGuideDataTest" time="0.001"/>
  <testcase name="vanillaItemsExistInRegistryAndModItemsHaveValidIds()" classname="com.tanrunn.tcth.impl.compat.fieldguide.FieldGuideDataTest" time="0.006"/>
  <testcase name="everyEntryPinsUnlockGatePrerequisite()" classname="com.tanrunn.tcth.impl.compat.fieldguide.FieldGuideDataTest" time="0.003"/>
  <testcase name="categoryJsonParsesWithEntryPerItemAndIcon()" classname="com.tanrunn.tcth.impl.compat.fieldguide.FieldGuideDataTest" time="0.002">
    <failure message="org.opentest4j.AssertionFailedError: chef_common must list one entry per dish ==&gt; expected: &lt;122&gt; but was: &lt;121&gt;" type="org.opentest4j.AssertionFailedError">org.opentest4j.AssertionFailedError: chef_common must list one entry per dish ==&gt; expected: &lt;122&gt; but was: &lt;121&gt;
	at app//org.junit.jupiter.api.AssertionFailureBuilder.build(AssertionFailureBuilder.java:151)
	at app//org.junit.jupiter.api.AssertionFailureBuilder.buildAndThrow(AssertionFailureBuilder.java:132)
	at app//org.junit.jupiter.api.AssertEquals.failNotEqual(AssertEquals.java:197)
	at app//org.junit.jupiter.api.AssertEquals.assertEquals(AssertEquals.java:150)
	at app//org.junit.jupiter.api.Assertions.assertEquals(Assertions.java:563)
	at app//com.tanrunn.tcth.impl.compat.fieldguide.FieldGuideDataTest.categoryJsonParsesWithEntryPerItemAndIcon(FieldGuideDataTest.java:128)
	at java.base@21.0.7/java.lang.reflect.Method.invoke(Method.java:580)
	at java.base@21.0.7/java.util.ArrayList.forEach(ArrayList.java:1596)
	at java.base@21.0.7/java.util.ArrayList.forEach(ArrayList.java:1596)
</failure>
  </testcase>
  <system-out><![CDATA[]]></system-out>
  <system-err><![CDATA[]]></system-err>
</testsuite>
