<?xml version="1.0" encoding="UTF-8"?>
<testsuite name="com.tanrunn.tcth.impl.detector.farming.HarvestInteractionMixinSupportTest" tests="18" skipped="0" failures="0" errors="0" timestamp="2026-08-23T16:13:54.201Z" hostname="tanrunn-fedora" time="0.051">
  <properties/>
  <testcase name="matureWithOtherPropertyChangeButSameAgeDoesNotPublish()" classname="com.tanrunn.tcth.impl.detector.farming.HarvestInteractionMixinSupportTest" time="0.032"/>
  <testcase name="successButStateUnchangedDoesNotPublish()" classname="com.tanrunn.tcth.impl.detector.farming.HarvestInteractionMixinSupportTest" time="0.001"/>
  <testcase name="stateWithoutAgePropertyNotSettled()" classname="com.tanrunn.tcth.impl.detector.farming.HarvestInteractionMixinSupportTest" time="0.001"/>
  <testcase name="matureReplacedByUnrelatedBlockDoesNotPublish()" classname="com.tanrunn.tcth.impl.detector.farming.HarvestInteractionMixinSupportTest" time="0.0"/>
  <testcase name="failedThenSucceededPathsSettleOnce()" classname="com.tanrunn.tcth.impl.detector.farming.HarvestInteractionMixinSupportTest" time="0.001"/>
  <testcase name="matureWithStrictAgeDecreasePublishes()" classname="com.tanrunn.tcth.impl.detector.farming.HarvestInteractionMixinSupportTest" time="0.001"/>
  <testcase name="immatureWithAgeChangeDoesNotPublish()" classname="com.tanrunn.tcth.impl.detector.farming.HarvestInteractionMixinSupportTest" time="0.001"/>
  <testcase name="matureWithSameAgeStateChangeDoesNotPublish()" classname="com.tanrunn.tcth.impl.detector.farming.HarvestInteractionMixinSupportTest" time="0.001"/>
  <testcase name="ageIncreaseDoesNotPublish()" classname="com.tanrunn.tcth.impl.detector.farming.HarvestInteractionMixinSupportTest" time="0.001"/>
  <testcase name="kcRiceDefaultRemoveSetContainsRice()" classname="com.tanrunn.tcth.impl.detector.farming.HarvestInteractionMixinSupportTest" time="0.001"/>
  <testcase name="nonRemoveCropMatureWithBlockRemovedDoesNotPublish()" classname="com.tanrunn.tcth.impl.detector.farming.HarvestInteractionMixinSupportTest" time="0.001"/>
  <testcase name="fakePlayerNotTracked()" classname="com.tanrunn.tcth.impl.detector.farming.HarvestInteractionMixinSupportTest" time="0.001"/>
  <testcase name="helperIsStateless()" classname="com.tanrunn.tcth.impl.detector.farming.HarvestInteractionMixinSupportTest" time="0.001"/>
  <testcase name="failureReturnWithAgeChangeDoesNotPublish()" classname="com.tanrunn.tcth.impl.detector.farming.HarvestInteractionMixinSupportTest" time="0.001"/>
  <testcase name="kcRiceMatureWithBlockRemovedPublishes()" classname="com.tanrunn.tcth.impl.detector.farming.HarvestInteractionMixinSupportTest" time="0.002"/>
  <testcase name="clientContextNotTracked()" classname="com.tanrunn.tcth.impl.detector.farming.HarvestInteractionMixinSupportTest" time="0.001"/>
  <testcase name="singleInteractionSettlesOnce()" classname="com.tanrunn.tcth.impl.detector.farming.HarvestInteractionMixinSupportTest" time="0.001"/>
  <testcase name="nullPlayerNotTracked()" classname="com.tanrunn.tcth.impl.detector.farming.HarvestInteractionMixinSupportTest" time="0.001"/>
  <system-out><![CDATA[]]></system-out>
  <system-err><![CDATA[]]></system-err>
</testsuite>
