<?xml version="1.0" encoding="UTF-8"?>
<testsuite name="com.tanrunn.tcth.impl.detector.VanillaCookingDetectorTest" tests="6" skipped="0" failures="0" errors="0" timestamp="2026-08-23T16:13:53.992Z" hostname="tanrunn-fedora" time="0.174">
  <properties/>
  <testcase name="craftedFoodPublishesOnceWithCorrectData()" classname="com.tanrunn.tcth.impl.detector.VanillaCookingDetectorTest" time="0.057"/>
  <testcase name="smeltedFoodInSmokerMenuIsSmoker()" classname="com.tanrunn.tcth.impl.detector.VanillaCookingDetectorTest" time="0.075"/>
  <testcase name="craftedNonDishDoesNotPublish()" classname="com.tanrunn.tcth.impl.detector.VanillaCookingDetectorTest" time="0.001"/>
  <testcase name="smeltedNonDishDoesNotPublish()" classname="com.tanrunn.tcth.impl.detector.VanillaCookingDetectorTest" time="0.036"/>
  <testcase name="smeltedWithoutMatchingMenuFallsBackToFurnace()" classname="com.tanrunn.tcth.impl.detector.VanillaCookingDetectorTest" time="0.002"/>
  <testcase name="smeltedFoodInFurnaceMenuIsFurnace()" classname="com.tanrunn.tcth.impl.detector.VanillaCookingDetectorTest" time="0.002"/>
  <system-out><![CDATA[[00:13:54] [Test worker/ERROR] [co.ta.tc.TCTHIntegration/]: [TCTH] Failed to sign dish for player 'null': java.lang.IllegalStateException: Cannot get config value before config is loaded.
[00:13:54] [Test worker/ERROR] [co.ta.tc.TCTHIntegration/]: [TCTH] Failed to sign dish for player 'null': java.lang.IllegalStateException: Cannot get config value before config is loaded.
[00:13:54] [Test worker/ERROR] [co.ta.tc.TCTHIntegration/]: [TCTH] Failed to sign dish for player 'null': java.lang.IllegalStateException: Cannot get config value before config is loaded.
[00:13:54] [Test worker/ERROR] [co.ta.tc.TCTHIntegration/]: [TCTH] Failed to sign dish for player 'null': java.lang.IllegalStateException: Cannot get config value before config is loaded.
]]></system-out>
  <system-err><![CDATA[]]></system-err>
</testsuite>
