<?xml version="1.0" encoding="UTF-8"?>
<testsuite name="com.tanrunn.tcth.impl.stats.GunnerStatsDataTest" tests="7" skipped="0" failures="0" errors="0" timestamp="2026-08-23T16:14:10.365Z" hostname="tanrunn-fedora" time="0.003">
  <properties/>
  <testcase name="existingPlayerIsReturned()" classname="com.tanrunn.tcth.impl.stats.GunnerStatsDataTest" time="0.0"/>
  <testcase name="newPlayerIsCreated()" classname="com.tanrunn.tcth.impl.stats.GunnerStatsDataTest" time="0.0"/>
  <testcase name="getReturnsNullForUnknownPlayer()" classname="com.tanrunn.tcth.impl.stats.GunnerStatsDataTest" time="0.001"/>
  <testcase name="loadSkipsUnknownUuid()" classname="com.tanrunn.tcth.impl.stats.GunnerStatsDataTest" time="0.0"/>
  <testcase name="playerCapIsEnforced()" classname="com.tanrunn.tcth.impl.stats.GunnerStatsDataTest" time="0.001"/>
  <testcase name="nbtRoundTripPreservesData()" classname="com.tanrunn.tcth.impl.stats.GunnerStatsDataTest" time="0.0"/>
  <testcase name="existingPlayerSurvivesCap()" classname="com.tanrunn.tcth.impl.stats.GunnerStatsDataTest" time="0.001"/>
  <system-out><![CDATA[]]></system-out>
  <system-err><![CDATA[]]></system-err>
</testsuite>
