<?xml version="1.0" encoding="UTF-8"?>
<testsuite name="com.tanrunn.tcth.impl.compat.FieldGuideCompatDescriptorTest" tests="3" skipped="0" failures="0" errors="0" timestamp="2026-08-23T16:13:47.688Z" hostname="tanrunn-fedora" time="0.019">
  <properties/>
  <testcase name="fieldGuidePresentLoadsModuleExactlyOnce()" classname="com.tanrunn.tcth.impl.compat.FieldGuideCompatDescriptorTest" time="0.016"/>
  <testcase name="descriptorTargetIsInstantiableAndReportsModId()" classname="com.tanrunn.tcth.impl.compat.FieldGuideCompatDescriptorTest" time="0.001"/>
  <testcase name="fieldGuideMissingNeverResolvesImplementationClass()" classname="com.tanrunn.tcth.impl.compat.FieldGuideCompatDescriptorTest" time="0.002"/>
  <system-out><![CDATA[[00:13:47] [Test worker/INFO] [co.ta.tc.TCTHIntegration/]: [TCTH] Field Guide cookbook module active (unlock on dish take-out / beverage prepared)
]]></system-out>
  <system-err><![CDATA[]]></system-err>
</testsuite>
