<?xml version="1.0" encoding="UTF-8"?>
<testsuite name="com.tanrunn.tcth.impl.compat.jobsplus.DishTierManagerTest" tests="8" skipped="0" failures="0" errors="0" timestamp="2026-08-23T16:13:49.520Z" hostname="tanrunn-fedora" time="0.012">
  <properties/>
  <testcase name="itemMappingsAreNamespaceIndependent()" classname="com.tanrunn.tcth.impl.compat.jobsplus.DishTierManagerTest" time="0.008"/>
  <testcase name="reloadReplacesMapsAtomically()" classname="com.tanrunn.tcth.impl.compat.jobsplus.DishTierManagerTest" time="0.001"/>
  <testcase name="nullRecipeIdFallsBackToItemMapping()" classname="com.tanrunn.tcth.impl.compat.jobsplus.DishTierManagerTest" time="0.0"/>
  <testcase name="neitherMappingResolvesToEmpty()" classname="com.tanrunn.tcth.impl.compat.jobsplus.DishTierManagerTest" time="0.0"/>
  <testcase name="recipeMappingTakesPriorityOverItemMapping()" classname="com.tanrunn.tcth.impl.compat.jobsplus.DishTierManagerTest" time="0.001"/>
  <testcase name="invalidEntryIsIsolatedAndIgnored()" classname="com.tanrunn.tcth.impl.compat.jobsplus.DishTierManagerTest" time="0.001"/>
  <testcase name="invalidEntryDoesNotPoisonOtherMappings()" classname="com.tanrunn.tcth.impl.compat.jobsplus.DishTierManagerTest" time="0.001"/>
  <testcase name="tierNamesAreCaseInsensitive()" classname="com.tanrunn.tcth.impl.compat.jobsplus.DishTierManagerTest" time="0.0"/>
  <system-out><![CDATA[[00:13:49] [Test worker/WARN] [co.ta.tc.TCTHIntegration/]: [TCTH] Skipping invalid dish tier entry 'tcth:items/minecraft/bad_recipe': java.lang.IllegalArgumentException: No enum constant com.tanrunn.tcth.impl.compat.jobsplus.DishTier.NOT_A_TIER
[00:13:49] [Test worker/WARN] [co.ta.tc.TCTHIntegration/]: [TCTH] Skipping dish tier entry 'tcth:bad_entry': path must start with 'recipes/' or 'items/'
]]></system-out>
  <system-err><![CDATA[]]></system-err>
</testsuite>
