<?xml version="1.0" encoding="UTF-8"?>
<testsuite name="com.tanrunn.tcth.impl.compat.kaleidoscope.KaleidoscopeDishAdapterTest" tests="7" skipped="0" failures="0" errors="0" timestamp="2026-08-23T16:13:51.667Z" hostname="tanrunn-fedora" time="0.047">
  <properties/>
  <testcase name="qualityIsReadFromDishResultNotFromCarrier()" classname="com.tanrunn.tcth.impl.compat.kaleidoscope.KaleidoscopeDishAdapterTest" time="0.042"/>
  <testcase name="unknownQualityWhenNoQualityPresent()" classname="com.tanrunn.tcth.impl.compat.kaleidoscope.KaleidoscopeDishAdapterTest" time="0.001"/>
  <testcase name="notDishesItemIsNotPublished()" classname="com.tanrunn.tcth.impl.compat.kaleidoscope.KaleidoscopeDishAdapterTest" time="0.001"/>
  <testcase name="heldCarrierIsNeverPublishedAsResult()" classname="com.tanrunn.tcth.impl.compat.kaleidoscope.KaleidoscopeDishAdapterTest" time="0.0"/>
  <testcase name="automatedTakeOutMapsNullPlayerAndAutomatedTrue()" classname="com.tanrunn.tcth.impl.compat.kaleidoscope.KaleidoscopeDishAdapterTest" time="0.001"/>
  <testcase name="mapsKaleidoscopeQualities()" classname="com.tanrunn.tcth.impl.compat.kaleidoscope.KaleidoscopeDishAdapterTest" time="0.002"/>
  <testcase name="playerTakeOutMapsDeviceAndAutomation()" classname="com.tanrunn.tcth.impl.compat.kaleidoscope.KaleidoscopeDishAdapterTest" time="0.0"/>
  <system-out><![CDATA[]]></system-out>
  <system-err><![CDATA[]]></system-err>
</testsuite>
