<?xml version="1.0" encoding="UTF-8"?>
<testsuite name="com.tanrunn.tcth.impl.shadow.ShadowThiefPresetTest" tests="11" skipped="0" failures="0" errors="0" timestamp="2026-08-23T16:14:09.577Z" hostname="tanrunn-fedora" time="0.043">
  <properties/>
  <testcase name="packMetaIsFormat48()" classname="com.tanrunn.tcth.impl.shadow.ShadowThiefPresetTest" time="0.0"/>
  <testcase name="presetIsNotShippedInTheMainJarResources()" classname="com.tanrunn.tcth.impl.shadow.ShadowThiefPresetTest" time="0.02"/>
  <testcase name="presetReadmeExists()" classname="com.tanrunn.tcth.impl.shadow.ShadowThiefPresetTest" time="0.001"/>
  <testcase name="exclusionActionsAreRewardFreeDeclarations()" classname="com.tanrunn.tcth.impl.shadow.ShadowThiefPresetTest" time="0.004"/>
  <testcase name="eachRouteExcludesHigherTiers()" classname="com.tanrunn.tcth.impl.shadow.ShadowThiefPresetTest" time="0.004"/>
  <testcase name="xpBandsAreExact()" classname="com.tanrunn.tcth.impl.shadow.ShadowThiefPresetTest" time="0.002"/>
  <testcase name="allTwelveNodesExistWithExactValues()" classname="com.tanrunn.tcth.impl.shadow.ShadowThiefPresetTest" time="0.005"/>
  <testcase name="descriptionsMatchTheCodeNumbers()" classname="com.tanrunn.tcth.impl.shadow.ShadowThiefPresetTest" time="0.002"/>
  <testcase name="jobAndNodeKeysExistInBothLanguages()" classname="com.tanrunn.tcth.impl.shadow.ShadowThiefPresetTest" time="0.002"/>
  <testcase name="xpActionsCarryTheGatingConditions()" classname="com.tanrunn.tcth.impl.shadow.ShadowThiefPresetTest" time="0.001"/>
  <testcase name="jobDefinitionIsExact()" classname="com.tanrunn.tcth.impl.shadow.ShadowThiefPresetTest" time="0.001"/>
  <system-out><![CDATA[]]></system-out>
  <system-err><![CDATA[]]></system-err>
</testsuite>
