<?xml version="1.0" encoding="UTF-8"?>
<testsuite name="com.tanrunn.tcth.impl.shadow.ShadowCandidatePoolTest" tests="10" skipped="0" failures="0" errors="0" timestamp="2026-08-23T16:13:58.343Z" hostname="tanrunn-fedora" time="0.004">
  <properties/>
  <testcase name="drawUsesWeightedDistribution()" classname="com.tanrunn.tcth.impl.shadow.ShadowCandidatePoolTest" time="0.001"/>
  <testcase name="removalRenormalisesRemainingWeights()" classname="com.tanrunn.tcth.impl.shadow.ShadowCandidatePoolTest" time="0.0"/>
  <testcase name="nonPositiveWeightsAreRejected()" classname="com.tanrunn.tcth.impl.shadow.ShadowCandidatePoolTest" time="0.001"/>
  <testcase name="singleCandidateIsAlwaysDrawn()" classname="com.tanrunn.tcth.impl.shadow.ShadowCandidatePoolTest" time="0.0"/>
  <testcase name="poolIsImmutableAcrossWithAndWithout()" classname="com.tanrunn.tcth.impl.shadow.ShadowCandidatePoolTest" time="0.0"/>
  <testcase name="drawCallsRandomExactlyOncePerDraw()" classname="com.tanrunn.tcth.impl.shadow.ShadowCandidatePoolTest" time="0.001"/>
  <testcase name="nonFiniteSuccessModifierIsRejected()" classname="com.tanrunn.tcth.impl.shadow.ShadowCandidatePoolTest" time="0.0"/>
  <testcase name="hugeWeightsDoNotOverflowIntOrLong()" classname="com.tanrunn.tcth.impl.shadow.ShadowCandidatePoolTest" time="0.0"/>
  <testcase name="defaultWeightsMatchStage8a()" classname="com.tanrunn.tcth.impl.shadow.ShadowCandidatePoolTest" time="0.0"/>
  <testcase name="emptyPoolDrawsNothingAndNeverCallsRandom()" classname="com.tanrunn.tcth.impl.shadow.ShadowCandidatePoolTest" time="0.001"/>
  <system-out><![CDATA[]]></system-out>
  <system-err><![CDATA[]]></system-err>
</testsuite>
