<?xml version="1.0" encoding="UTF-8"?>
<testsuite name="com.tanrunn.tcth.impl.compat.jobsplus.arc.FarmerCropCoverageTest" tests="6" skipped="0" failures="1" errors="0" timestamp="2026-08-23T16:13:50.046Z" hostname="tanrunn-fedora" time="0.024">
  <properties/>
  <testcase name="everyCropClassMatchesDocumentedHierarchyAndAgeProperty()" classname="com.tanrunn.tcth.impl.compat.jobsplus.arc.FarmerCropCoverageTest" time="0.019"/>
  <testcase name="coverageMatrixCoversAllSpecifiedCrops()" classname="com.tanrunn.tcth.impl.compat.jobsplus.arc.FarmerCropCoverageTest" time="0.001"/>
  <testcase name="riceBlockAndRicePaniclesAreDistinctClasses()" classname="com.tanrunn.tcth.impl.compat.jobsplus.arc.FarmerCropCoverageTest" time="0.0"/>
  <testcase name="arcServerPlayerIsInterfaceAndArcJarHasNoFakePlayerFilter()" classname="com.tanrunn.tcth.impl.compat.jobsplus.arc.FarmerCropCoverageTest" time="0.001">
    <failure message="java.nio.file.NoSuchFileException: dev-mods/arc-9.0.0.jar" type="java.nio.file.NoSuchFileException">java.nio.file.NoSuchFileException: dev-mods/arc-9.0.0.jar
	at java.base/sun.nio.fs.UnixException.translateToIOException(UnixException.java:92)
	at java.base/sun.nio.fs.UnixException.rethrowAsIOException(UnixException.java:106)
	at java.base/sun.nio.fs.UnixException.rethrowAsIOException(UnixException.java:111)
	at java.base/sun.nio.fs.UnixFileAttributeViews$Basic.readAttributes(UnixFileAttributeViews.java:55)
	at java.base/sun.nio.fs.UnixFileSystemProvider.readAttributes(UnixFileSystemProvider.java:171)
	at java.base/sun.nio.fs.LinuxFileSystemProvider.readAttributes(LinuxFileSystemProvider.java:99)
	at java.base/java.nio.file.Files.readAttributes(Files.java:1854)
	at java.base/java.util.zip.ZipFile$Source.get(ZipFile.java:1445)
	at java.base/java.util.zip.ZipFile$CleanableResource.&lt;init&gt;(ZipFile.java:724)
	at java.base/java.util.zip.ZipFile.&lt;init&gt;(ZipFile.java:251)
	at java.base/java.util.zip.ZipFile.&lt;init&gt;(ZipFile.java:180)
	at java.base/java.util.zip.ZipFile.&lt;init&gt;(ZipFile.java:151)
	at com.tanrunn.tcth.impl.compat.jobsplus.arc.FarmerCropCoverageTest.arcServerPlayerIsInterfaceAndArcJarHasNoFakePlayerFilter(FarmerCropCoverageTest.java:188)
	at java.base/java.lang.reflect.Method.invoke(Method.java:580)
	at java.base/java.util.ArrayList.forEach(ArrayList.java:1596)
	at java.base/java.util.ArrayList.forEach(ArrayList.java:1596)
</failure>
  </testcase>
  <testcase name="fakePlayerExtendsServerPlayer()" classname="com.tanrunn.tcth.impl.compat.jobsplus.arc.FarmerCropCoverageTest" time="0.002"/>
  <testcase name="fakePlayerStatusMustNotClaimVerified()" classname="com.tanrunn.tcth.impl.compat.jobsplus.arc.FarmerCropCoverageTest" time="0.001"/>
  <system-out><![CDATA[]]></system-out>
  <system-err><![CDATA[]]></system-err>
</testsuite>
