<?xml version="1.0" encoding="UTF-8"?>
<testsuite name="com.tanrunn.tcth.impl.shadow.ShadowAbilitySnapshotTest" tests="3" skipped="0" failures="0" errors="0" timestamp="2026-08-23T16:13:56.344Z" hostname="tanrunn-fedora" time="0.001">
  <properties/>
  <testcase name="noneSnapshotHasEveryRouteAtNone()" classname="com.tanrunn.tcth.impl.shadow.ShadowAbilitySnapshotTest" time="0.0"/>
  <testcase name="tierByRoute()" classname="com.tanrunn.tcth.impl.shadow.ShadowAbilitySnapshotTest" time="0.0"/>
  <testcase name="nullTiersAreRejected()" classname="com.tanrunn.tcth.impl.shadow.ShadowAbilitySnapshotTest" time="0.0"/>
  <system-out><![CDATA[]]></system-out>
  <system-err><![CDATA[]]></system-err>
</testsuite>
