<?xml version="1.0" encoding="UTF-8"?>
<testsuite name="com.tanrunn.tcth.impl.compat.jobsplus.powerup.FarmerCooldownsTest" tests="5" skipped="0" failures="0" errors="0" timestamp="2026-08-23T16:13:51.337Z" hostname="tanrunn-fedora" time="0.004">
  <properties/>
  <testcase name="clearAllDropsEveryEntry()" classname="com.tanrunn.tcth.impl.compat.jobsplus.powerup.FarmerCooldownsTest" time="0.0"/>
  <testcase name="harvestWindowBoundaries()" classname="com.tanrunn.tcth.impl.compat.jobsplus.powerup.FarmerCooldownsTest" time="0.001"/>
  <testcase name="harvestCooldownIsPerPlayer()" classname="com.tanrunn.tcth.impl.compat.jobsplus.powerup.FarmerCooldownsTest" time="0.0"/>
  <testcase name="clearPlayerDropsEntry()" classname="com.tanrunn.tcth.impl.compat.jobsplus.powerup.FarmerCooldownsTest" time="0.001"/>
  <testcase name="livestockWindowBoundaries()" classname="com.tanrunn.tcth.impl.compat.jobsplus.powerup.FarmerCooldownsTest" time="0.001"/>
  <system-out><![CDATA[]]></system-out>
  <system-err><![CDATA[]]></system-err>
</testsuite>
