<?xml version="1.0" encoding="UTF-8"?>
<testsuite name="com.tanrunn.tcth.impl.compat.fieldguide.CookedEventIdCacheTest" tests="7" skipped="0" failures="0" errors="0" timestamp="2026-08-23T16:13:49.224Z" hostname="tanrunn-fedora" time="0.01">
  <properties/>
  <testcase name="clearRemovesEverything()" classname="com.tanrunn.tcth.impl.compat.fieldguide.CookedEventIdCacheTest" time="0.001"/>
  <testcase name="boundedAtMaxSizeWithLruEviction()" classname="com.tanrunn.tcth.impl.compat.fieldguide.CookedEventIdCacheTest" time="0.002"/>
  <testcase name="commitMakesIdProcessed()" classname="com.tanrunn.tcth.impl.compat.fieldguide.CookedEventIdCacheTest" time="0.0"/>
  <testcase name="repeatedTickAfterExpiryIsSafe()" classname="com.tanrunn.tcth.impl.compat.fieldguide.CookedEventIdCacheTest" time="0.001"/>
  <testcase name="constructorRejectsNonPositiveArgs()" classname="com.tanrunn.tcth.impl.compat.fieldguide.CookedEventIdCacheTest" time="0.001"/>
  <testcase name="defaultsAre4096And40()" classname="com.tanrunn.tcth.impl.compat.fieldguide.CookedEventIdCacheTest" time="0.0"/>
  <testcase name="expiresAfterConfiguredTicks()" classname="com.tanrunn.tcth.impl.compat.fieldguide.CookedEventIdCacheTest" time="0.001"/>
  <system-out><![CDATA[]]></system-out>
  <system-err><![CDATA[]]></system-err>
</testsuite>
