<?xml version="1.0" encoding="UTF-8"?>
<testsuite name="com.tanrunn.tcth.impl.shadow.ShadowAbilityValuesTest" tests="8" skipped="0" failures="0" errors="0" timestamp="2026-08-23T16:13:56.348Z" hostname="tanrunn-fedora" time="0.004">
  <properties/>
  <testcase name="spellTheftMaxTicks()" classname="com.tanrunn.tcth.impl.shadow.ShadowAbilityValuesTest" time="0.001"/>
  <testcase name="sleightCooldownsFromBase200()" classname="com.tanrunn.tcth.impl.shadow.ShadowAbilityValuesTest" time="0.0"/>
  <testcase name="sleightCooldownNeverNegative()" classname="com.tanrunn.tcth.impl.shadow.ShadowAbilityValuesTest" time="0.0"/>
  <testcase name="escapeFailureMultipliers()" classname="com.tanrunn.tcth.impl.shadow.ShadowAbilityValuesTest" time="0.0"/>
  <testcase name="sleightSuccessBonuses()" classname="com.tanrunn.tcth.impl.shadow.ShadowAbilityValuesTest" time="0.001"/>
  <testcase name="lifeSiphonTransfers()" classname="com.tanrunn.tcth.impl.shadow.ShadowAbilityValuesTest" time="0.0"/>
  <testcase name="highValueModifiers()" classname="com.tanrunn.tcth.impl.shadow.ShadowAbilityValuesTest" time="0.0"/>
  <testcase name="escapePackages()" classname="com.tanrunn.tcth.impl.shadow.ShadowAbilityValuesTest" time="0.001"/>
  <system-out><![CDATA[]]></system-out>
  <system-err><![CDATA[]]></system-err>
</testsuite>
