<?xml version="1.0" encoding="UTF-8"?>
<testsuite name="com.tanrunn.tcth.impl.compat.brewer.arc.BrewerArcIdentityTest" tests="4" skipped="0" failures="0" errors="0" timestamp="2026-08-23T16:13:48.848Z" hostname="tanrunn-fedora" time="0.2">
  <properties/>
  <testcase name="brewerDataTypesAreSameObjectsAsTcthArcRegistrar()" classname="com.tanrunn.tcth.impl.compat.brewer.arc.BrewerArcIdentityTest" time="0.146"/>
  <testcase name="automatedConditionMatchesFalseAndRejectsTrue()" classname="com.tanrunn.tcth.impl.compat.brewer.arc.BrewerArcIdentityTest" time="0.049"/>
  <testcase name="dispatcherWritesWithSharedDataTypes()" classname="com.tanrunn.tcth.impl.compat.brewer.arc.BrewerArcIdentityTest" time="0.001"/>
  <testcase name="commonAndT2FullConditionCombosHit()" classname="com.tanrunn.tcth.impl.compat.brewer.arc.BrewerArcIdentityTest" time="0.002"/>
  <system-out><![CDATA[]]></system-out>
  <system-err><![CDATA[]]></system-err>
</testsuite>
