<?xml version="1.0" encoding="UTF-8"?>
<testsuite name="com.tanrunn.tcth.impl.compat.brewer.BrewerAbilityDataTest" tests="4" skipped="0" failures="0" errors="0" timestamp="2026-08-23T16:13:47.862Z" hostname="tanrunn-fedora" time="0.012">
  <properties/>
  <testcase name="tastingArcDataUsesOnDrinkDrinksCooldownAndReward()" classname="com.tanrunn.tcth.impl.compat.brewer.BrewerAbilityDataTest" time="0.002"/>
  <testcase name="studyArcDataUsesMultiplierAndExcludesHigherTiers()" classname="com.tanrunn.tcth.impl.compat.brewer.BrewerAbilityDataTest" time="0.002"/>
  <testcase name="presetMatchesServerGlobalPackForAbilities()" classname="com.tanrunn.tcth.impl.compat.brewer.BrewerAbilityDataTest" time="0.005"/>
  <testcase name="twelvePowerupsWithExpectedLevelsAndParents()" classname="com.tanrunn.tcth.impl.compat.brewer.BrewerAbilityDataTest" time="0.003"/>
  <system-out><![CDATA[]]></system-out>
  <system-err><![CDATA[]]></system-err>
</testsuite>
