<?xml version="1.0" encoding="UTF-8"?>
<testsuite name="com.tanrunn.tcth.impl.compat.scguns.GunTargetResolverTest" tests="2" skipped="0" failures="0" errors="0" timestamp="2026-08-23T16:13:51.725Z" hostname="tanrunn-fedora" time="0.04">
  <properties/>
  <testcase name="nullEntityReturnsNull()" classname="com.tanrunn.tcth.impl.compat.scguns.GunTargetResolverTest" time="0.0"/>
  <testcase name="unclassifiedEntityReturnsNull()" classname="com.tanrunn.tcth.impl.compat.scguns.GunTargetResolverTest" time="0.04"/>
  <system-out><![CDATA[]]></system-out>
  <system-err><![CDATA[]]></system-err>
</testsuite>
