<?xml version="1.0" encoding="UTF-8"?>
<testsuite name="com.tanrunn.tcth.impl.shadow.ShadowDailyLimitStoreTest" tests="32" skipped="0" failures="0" errors="0" timestamp="2026-08-23T16:13:58.440Z" hostname="tanrunn-fedora" time="0.115">
  <properties/>
  <testcase name="allReservedIndexFullRejectsFailClosed()" classname="com.tanrunn.tcth.impl.shadow.ShadowDailyLimitStoreTest" time="0.034"/>
  <testcase name="utcDayChangeResetsTheQuota()" classname="com.tanrunn.tcth.impl.shadow.ShadowDailyLimitStoreTest" time="0.0"/>
  <testcase name="eventIdIdempotencyNeverDoubleCounts()" classname="com.tanrunn.tcth.impl.shadow.ShadowDailyLimitStoreTest" time="0.0"/>
  <testcase name="corruptedNbtFailsClosedInsteadOfSkipping()" classname="com.tanrunn.tcth.impl.shadow.ShadowDailyLimitStoreTest" time="0.0"/>
  <testcase name="missingRequiredFieldsFailClosed()" classname="com.tanrunn.tcth.impl.shadow.ShadowDailyLimitStoreTest" time="0.0"/>
  <testcase name="mistypedCountFailsClosed()" classname="com.tanrunn.tcth.impl.shadow.ShadowDailyLimitStoreTest" time="0.001"/>
  <testcase name="missingReservationStateFailsClosed()" classname="com.tanrunn.tcth.impl.shadow.ShadowDailyLimitStoreTest" time="0.0"/>
  <testcase name="invalidReservationStateFailsClosed()" classname="com.tanrunn.tcth.impl.shadow.ShadowDailyLimitStoreTest" time="0.0"/>
  <testcase name="conflictingDuplicateEventIdFailsClosedGlobally()" classname="com.tanrunn.tcth.impl.shadow.ShadowDailyLimitStoreTest" time="0.0"/>
  <testcase name="missingVictimsListFailsClosed()" classname="com.tanrunn.tcth.impl.shadow.ShadowDailyLimitStoreTest" time="0.0"/>
  <testcase name="reservationVictimsBeyondCapFailClosedBounded()" classname="com.tanrunn.tcth.impl.shadow.ShadowDailyLimitStoreTest" time="0.001"/>
  <testcase name="missingDataVersionFailsClosed()" classname="com.tanrunn.tcth.impl.shadow.ShadowDailyLimitStoreTest" time="0.0"/>
  <testcase name="failClosedFlagSurvivesSaveAndReload()" classname="com.tanrunn.tcth.impl.shadow.ShadowDailyLimitStoreTest" time="0.001"/>
  <testcase name="zeroDataVersionFailsClosed()" classname="com.tanrunn.tcth.impl.shadow.ShadowDailyLimitStoreTest" time="0.001"/>
  <testcase name="mistypedVictimsListFailsClosed()" classname="com.tanrunn.tcth.impl.shadow.ShadowDailyLimitStoreTest" time="0.0"/>
  <testcase name="legacyV1AndV2DataStillLoadsAndWorks()" classname="com.tanrunn.tcth.impl.shadow.ShadowDailyLimitStoreTest" time="0.0"/>
  <testcase name="indexEvictionNeverReopensAnyVictimQuota()" classname="com.tanrunn.tcth.impl.shadow.ShadowDailyLimitStoreTest" time="0.05"/>
  <testcase name="victimCapIsEnforced()" classname="com.tanrunn.tcth.impl.shadow.ShadowDailyLimitStoreTest" time="0.004"/>
  <testcase name="saveLoadRoundTripSurvivesRestart()" classname="com.tanrunn.tcth.impl.shadow.ShadowDailyLimitStoreTest" time="0.0"/>
  <testcase name="mistypedDataVersionFailsClosed()" classname="com.tanrunn.tcth.impl.shadow.ShadowDailyLimitStoreTest" time="0.0"/>
  <testcase name="unknownFutureVersionFailsClosed()" classname="com.tanrunn.tcth.impl.shadow.ShadowDailyLimitStoreTest" time="0.0"/>
  <testcase name="duplicateVictimEntriesMergeNeverLastWriteWins()" classname="com.tanrunn.tcth.impl.shadow.ShadowDailyLimitStoreTest" time="0.0"/>
  <testcase name="invalidInputsFailClosed()" classname="com.tanrunn.tcth.impl.shadow.ShadowDailyLimitStoreTest" time="0.0"/>
  <testcase name="corruptedNbtNeverShrinksOccupiedCounts()" classname="com.tanrunn.tcth.impl.shadow.ShadowDailyLimitStoreTest" time="0.001"/>
  <testcase name="missingCountNeverReadsAsZero()" classname="com.tanrunn.tcth.impl.shadow.ShadowDailyLimitStoreTest" time="0.0"/>
  <testcase name="negativeDataVersionFailsClosed()" classname="com.tanrunn.tcth.impl.shadow.ShadowDailyLimitStoreTest" time="0.0"/>
  <testcase name="committedIndexEvictionKeepsOccupiedCounts()" classname="com.tanrunn.tcth.impl.shadow.ShadowDailyLimitStoreTest" time="0.017"/>
  <testcase name="eventIdReuseWithDifferentVictimOrDayIsRejected()" classname="com.tanrunn.tcth.impl.shadow.ShadowDailyLimitStoreTest" time="0.0"/>
  <testcase name="minimalV1V2V3SchemasLoadHealthy()" classname="com.tanrunn.tcth.impl.shadow.ShadowDailyLimitStoreTest" time="0.001"/>
  <testcase name="reservationLifecycleReservesCommitsAndReleases()" classname="com.tanrunn.tcth.impl.shadow.ShadowDailyLimitStoreTest" time="0.0"/>
  <testcase name="failClosedStoreKeepsEveryItemPathConservative()" classname="com.tanrunn.tcth.impl.shadow.ShadowDailyLimitStoreTest" time="0.0"/>
  <testcase name="duplicateDayCountsTakeTheMax()" classname="com.tanrunn.tcth.impl.shadow.ShadowDailyLimitStoreTest" time="0.001"/>
  <system-out><![CDATA[]]></system-out>
  <system-err><![CDATA[]]></system-err>
</testsuite>
