<?xml version="1.0" encoding="UTF-8"?>
<testsuite name="com.tanrunn.tcth.impl.compat.dungeonsdelight.DungeonsDelightDishAdapterTest" tests="3" skipped="0" failures="0" errors="0" timestamp="2026-08-23T16:13:49.059Z" hostname="tanrunn-fedora" time="0.003">
  <properties/>
  <testcase name="recipeIdOnlyWhenTrackerHasExactlyOneEntry()" classname="com.tanrunn.tcth.impl.compat.dungeonsdelight.DungeonsDelightDishAdapterTest" time="0.002"/>
  <testcase name="cookingDeviceEnumPresent()" classname="com.tanrunn.tcth.impl.compat.dungeonsdelight.DungeonsDelightDishAdapterTest" time="0.0"/>
  <testcase name="adapterRejectsEmptyStackWithoutThrowing()" classname="com.tanrunn.tcth.impl.compat.dungeonsdelight.DungeonsDelightDishAdapterTest" time="0.001"/>
  <system-out><![CDATA[]]></system-out>
  <system-err><![CDATA[]]></system-err>
</testsuite>
