<?xml version="1.0" encoding="UTF-8"?>
<testsuite name="com.tanrunn.tcth.impl.compat.jobsplus.arc.FarmerServerDeploymentTest" tests="3" skipped="2" failures="0" errors="0" timestamp="2026-08-23T16:13:50.363Z" hostname="tanrunn-fedora" time="0.002">
  <properties/>
  <testcase name="farmerDatapackDeployedWithJobDefinition()" classname="com.tanrunn.tcth.impl.compat.jobsplus.arc.FarmerServerDeploymentTest" time="0.001">
    <skipped message="Assumption failed: test server farmer datapack not deployed here; skipping" type="org.opentest4j.TestAbortedException">org.opentest4j.TestAbortedException: Assumption failed: test server farmer datapack not deployed here; skipping
	at org.junit.jupiter.api.Assumptions.throwAssumptionFailed(Assumptions.java:316)
	at org.junit.jupiter.api.Assumptions.assumeTrue(Assumptions.java:115)
	at com.tanrunn.tcth.impl.compat.jobsplus.arc.FarmerServerDeploymentTest.farmerDatapackDeployedWithJobDefinition(FarmerServerDeploymentTest.java:45)
	at java.base/java.lang.reflect.Method.invoke(Method.java:580)
	at java.base/java.util.ArrayList.forEach(ArrayList.java:1596)
	at java.base/java.util.ArrayList.forEach(ArrayList.java:1596)
</skipped>
  </testcase>
  <testcase name="serverConfigDisablesDefaultJobs()" classname="com.tanrunn.tcth.impl.compat.jobsplus.arc.FarmerServerDeploymentTest" time="0.001"/>
  <testcase name="chefDatapackStillDeployedAndEnabled()" classname="com.tanrunn.tcth.impl.compat.jobsplus.arc.FarmerServerDeploymentTest" time="0.0">
    <skipped message="Assumption failed: test server chef datapack not deployed here; skipping" type="org.opentest4j.TestAbortedException">org.opentest4j.TestAbortedException: Assumption failed: test server chef datapack not deployed here; skipping
	at org.junit.jupiter.api.Assumptions.throwAssumptionFailed(Assumptions.java:316)
	at org.junit.jupiter.api.Assumptions.assumeTrue(Assumptions.java:115)
	at com.tanrunn.tcth.impl.compat.jobsplus.arc.FarmerServerDeploymentTest.chefDatapackStillDeployedAndEnabled(FarmerServerDeploymentTest.java:36)
	at java.base/java.lang.reflect.Method.invoke(Method.java:580)
	at java.base/java.util.ArrayList.forEach(ArrayList.java:1596)
	at java.base/java.util.ArrayList.forEach(ArrayList.java:1596)
</skipped>
  </testcase>
  <system-out><![CDATA[]]></system-out>
  <system-err><![CDATA[]]></system-err>
</testsuite>
