<?xml version="1.0" encoding="UTF-8"?>
<testsuite name="com.tanrunn.tcth.impl.stats.GunnerLangKeysTest" tests="3" skipped="0" failures="0" errors="0" timestamp="2026-08-23T16:14:10.328Z" hostname="tanrunn-fedora" time="0.002">
  <properties/>
  <testcase name="medalTranslationKeysMatchIdConvention()" classname="com.tanrunn.tcth.impl.stats.GunnerLangKeysTest" time="0.0"/>
  <testcase name="englishAndChineseContainAllProfileAndMedalKeys()" classname="com.tanrunn.tcth.impl.stats.GunnerLangKeysTest" time="0.002"/>
  <testcase name="thresholdsHaveSingleAuthoritativeConstants()" classname="com.tanrunn.tcth.impl.stats.GunnerLangKeysTest" time="0.0"/>
  <system-out><![CDATA[]]></system-out>
  <system-err><![CDATA[]]></system-err>
</testsuite>
