<?xml version="1.0" encoding="UTF-8"?>
<testsuite name="com.tanrunn.tcth.impl.compat.scguns.AmmoSaverLogicTest" tests="4" skipped="0" failures="0" errors="0" timestamp="2026-08-23T16:13:51.723Z" hostname="tanrunn-fedora" time="0.001">
  <properties/>
  <testcase name="oneRoundLeftSavedStaysOneAndDoesNotClear()" classname="com.tanrunn.tcth.impl.compat.scguns.AmmoSaverLogicTest" time="0.001"/>
  <testcase name="failedRollDeductsNormally()" classname="com.tanrunn.tcth.impl.compat.scguns.AmmoSaverLogicTest" time="0.0"/>
  <testcase name="oneRoundLeftFailedClearsLoadedProjectile()" classname="com.tanrunn.tcth.impl.compat.scguns.AmmoSaverLogicTest" time="0.0"/>
  <testcase name="successfulRollKeepsAmmoCount()" classname="com.tanrunn.tcth.impl.compat.scguns.AmmoSaverLogicTest" time="0.0"/>
  <system-out><![CDATA[]]></system-out>
  <system-err><![CDATA[]]></system-err>
</testsuite>
