<?xml version="1.0" encoding="UTF-8"?>
<testsuite name="com.tanrunn.tcth.impl.shadow.ShadowAbilityRouteTest" tests="7" skipped="0" failures="0" errors="0" timestamp="2026-08-23T16:13:56.339Z" hostname="tanrunn-fedora" time="0.005">
  <properties/>
  <testcase name="nodeIdByTier()" classname="com.tanrunn.tcth.impl.shadow.ShadowAbilityRouteTest" time="0.003"/>
  <testcase name="sleightRouteNodes()" classname="com.tanrunn.tcth.impl.shadow.ShadowAbilityRouteTest" time="0.0"/>
  <testcase name="lifeSiphonRouteNodes()" classname="com.tanrunn.tcth.impl.shadow.ShadowAbilityRouteTest" time="0.0"/>
  <testcase name="nodeLocationsAreUnderTheShadowThiefJob()" classname="com.tanrunn.tcth.impl.shadow.ShadowAbilityRouteTest" time="0.0"/>
  <testcase name="shadowEscapeRouteNodes()" classname="com.tanrunn.tcth.impl.shadow.ShadowAbilityRouteTest" time="0.0"/>
  <testcase name="fourRoutesExactly()" classname="com.tanrunn.tcth.impl.shadow.ShadowAbilityRouteTest" time="0.001"/>
  <testcase name="spellTheftRouteNodes()" classname="com.tanrunn.tcth.impl.shadow.ShadowAbilityRouteTest" time="0.0"/>
  <system-out><![CDATA[]]></system-out>
  <system-err><![CDATA[]]></system-err>
</testsuite>
