<?xml version="1.0" encoding="UTF-8"?>
<testsuite name="com.tanrunn.tcth.api.farming.CropHarvestedEventTest" tests="7" skipped="0" failures="0" errors="0" timestamp="2026-08-23T16:13:44.557Z" hostname="tanrunn-fedora" time="0.844">
  <properties/>
  <testcase name="eventIdIsStableAcrossGetters()" classname="com.tanrunn.tcth.api.farming.CropHarvestedEventTest" time="0.004"/>
  <testcase name="positionIsStoredImmutable()" classname="com.tanrunn.tcth.api.farming.CropHarvestedEventTest" time="0.001"/>
  <testcase name="harvestMethodEnumValues()" classname="com.tanrunn.tcth.api.farming.CropHarvestedEventTest" time="0.0"/>
  <testcase name="apiClassHasNoThirdPartyModReferences()" classname="com.tanrunn.tcth.api.farming.CropHarvestedEventTest" time="0.001"/>
  <testcase name="nullFieldsAreRejected()" classname="com.tanrunn.tcth.api.farming.CropHarvestedEventTest" time="0.002"/>
  <testcase name="gettersExposeMethodAutomatedFullyGrownPlayer()" classname="com.tanrunn.tcth.api.farming.CropHarvestedEventTest" time="0.828"/>
  <testcase name="apiPackageHasNoThirdPartyModDependencyInClasspath()" classname="com.tanrunn.tcth.api.farming.CropHarvestedEventTest" time="0.002"/>
  <system-out><![CDATA[]]></system-out>
  <system-err><![CDATA[]]></system-err>
</testsuite>
