<?xml version="1.0" encoding="UTF-8"?>
<testsuite name="com.tanrunn.tcth.impl.compat.jobsplus.powerup.FarmerTillingRoutingTest" tests="6" skipped="0" failures="0" errors="0" timestamp="2026-08-23T16:13:51.341Z" hostname="tanrunn-fedora" time="0.013">
  <properties/>
  <testcase name="knifeClassifiedItemRoutesOnlyThroughChefRoll()" classname="com.tanrunn.tcth.impl.compat.jobsplus.powerup.FarmerTillingRoutingTest" time="0.003"/>
  <testcase name="injectorHandlerExistsAndCallsThePrivateHelper()" classname="com.tanrunn.tcth.impl.compat.jobsplus.powerup.FarmerTillingRoutingTest" time="0.002"/>
  <testcase name="mixinHelperIsPrivateStatic()" classname="com.tanrunn.tcth.impl.compat.jobsplus.powerup.FarmerTillingRoutingTest" time="0.0"/>
  <testcase name="neitherTagNeverSkips()" classname="com.tanrunn.tcth.impl.compat.jobsplus.powerup.FarmerTillingRoutingTest" time="0.001"/>
  <testcase name="hoeClassifiedItemRoutesOnlyThroughFarmerRoll()" classname="com.tanrunn.tcth.impl.compat.jobsplus.powerup.FarmerTillingRoutingTest" time="0.002"/>
  <testcase name="privateHelperDelegatesToTheRouter()" classname="com.tanrunn.tcth.impl.compat.jobsplus.powerup.FarmerTillingRoutingTest" time="0.004"/>
  <system-out><![CDATA[]]></system-out>
  <system-err><![CDATA[]]></system-err>
</testsuite>
