<?xml version="1.0" encoding="UTF-8"?>
<testsuite name="com.tanrunn.tcth.impl.compat.jobsplus.GunnerRewardModuleTest" tests="11" skipped="0" failures="0" errors="0" timestamp="2026-08-23T16:13:49.578Z" hostname="tanrunn-fedora" time="0.017">
  <properties/>
  <testcase name="rateLimitStopsFurtherActionsThisTick()" classname="com.tanrunn.tcth.impl.compat.jobsplus.GunnerRewardModuleTest" time="0.007"/>
  <testcase name="automatedEventIsNotRecorded()" classname="com.tanrunn.tcth.impl.compat.jobsplus.GunnerRewardModuleTest" time="0.001"/>
  <testcase name="rateLimitResetsNextTick()" classname="com.tanrunn.tcth.impl.compat.jobsplus.GunnerRewardModuleTest" time="0.002"/>
  <testcase name="bossCooldownDoesNotAffectCommonKills()" classname="com.tanrunn.tcth.impl.compat.jobsplus.GunnerRewardModuleTest" time="0.001"/>
  <testcase name="stopCleanupClearsState()" classname="com.tanrunn.tcth.impl.compat.jobsplus.GunnerRewardModuleTest" time="0.001"/>
  <testcase name="successfulSendRecordsEventId()" classname="com.tanrunn.tcth.impl.compat.jobsplus.GunnerRewardModuleTest" time="0.0"/>
  <testcase name="failedSendDoesNotRecordEventId()" classname="com.tanrunn.tcth.impl.compat.jobsplus.GunnerRewardModuleTest" time="0.0"/>
  <testcase name="duplicateEventIdIsNotRecordedTwice()" classname="com.tanrunn.tcth.impl.compat.jobsplus.GunnerRewardModuleTest" time="0.001"/>
  <testcase name="rewardsDisabledDoesNotSend()" classname="com.tanrunn.tcth.impl.compat.jobsplus.GunnerRewardModuleTest" time="0.001"/>
  <testcase name="frameworkDisabledDoesNotSend()" classname="com.tanrunn.tcth.impl.compat.jobsplus.GunnerRewardModuleTest" time="0.0"/>
  <testcase name="bossCooldownPreventsDuplicateBossKills()" classname="com.tanrunn.tcth.impl.compat.jobsplus.GunnerRewardModuleTest" time="0.001"/>
  <system-out><![CDATA[[00:13:49] [Test worker/ERROR] [co.ta.tc.TCTHIntegration/]: [TCTH] Gunner reward settlement failed for 97084b03-ea9b-447a-b72a-d2b2fbf31e19: java.lang.NullPointerException: Cannot invoke "com.mojang.authlib.GameProfile.getName()" because the return value of "net.minecraft.server.level.ServerPlayer.getGameProfile()" is null
[00:13:49] [Test worker/ERROR] [co.ta.tc.TCTHIntegration/]: [TCTH] Gunner reward settlement failed for 04d5b343-d985-46af-94e2-681764832088: java.lang.NullPointerException: Cannot invoke "com.mojang.authlib.GameProfile.getName()" because the return value of "net.minecraft.server.level.ServerPlayer.getGameProfile()" is null
]]></system-out>
  <system-err><![CDATA[]]></system-err>
</testsuite>
