<?xml version="1.0" encoding="UTF-8"?>
<testsuite name="com.tanrunn.tcth.impl.stats.CookingStatsCommandTest" tests="2" skipped="0" failures="0" errors="0" timestamp="2026-08-23T16:14:10.249Z" hostname="tanrunn-fedora" time="0.001">
  <properties/>
  <testcase name="formatShowsTotalsDevicesTiersQualityAndLastDish()" classname="com.tanrunn.tcth.impl.stats.CookingStatsCommandTest" time="0.001"/>
  <testcase name="emptyStatsFormatIsSafe()" classname="com.tanrunn.tcth.impl.stats.CookingStatsCommandTest" time="0.0"/>
  <system-out><![CDATA[]]></system-out>
  <system-err><![CDATA[]]></system-err>
</testsuite>
