<?xml version="1.0" encoding="UTF-8"?>
<testsuite name="com.tanrunn.tcth.impl.compat.FarmingMixinConfigTest" tests="6" skipped="0" failures="0" errors="0" timestamp="2026-08-23T16:13:47.634Z" hostname="tanrunn-fedora" time="0.053">
  <properties/>
  <testcase name="vanillaSweetBerryMixinRegisteredInMainConfig()" classname="com.tanrunn.tcth.impl.compat.FarmingMixinConfigTest" time="0.001"/>
  <testcase name="phase4a41OptionalCropVersionRangesAreBounded()" classname="com.tanrunn.tcth.impl.compat.FarmingMixinConfigTest" time="0.0"/>
  <testcase name="phase4a4NeapolitanAndMndMixinConfigsGated()" classname="com.tanrunn.tcth.impl.compat.FarmingMixinConfigTest" time="0.001"/>
  <testcase name="releaseJarMustNotShipThirdPartyClasses()" classname="com.tanrunn.tcth.impl.compat.FarmingMixinConfigTest" time="0.048"/>
  <testcase name="kcCropMixinsRegisteredAndGatedByRequiredMods()" classname="com.tanrunn.tcth.impl.compat.FarmingMixinConfigTest" time="0.001"/>
  <testcase name="fdTomatoMixinRegisteredAndGatedByRequiredMods()" classname="com.tanrunn.tcth.impl.compat.FarmingMixinConfigTest" time="0.0"/>
  <system-out><![CDATA[]]></system-out>
  <system-err><![CDATA[]]></system-err>
</testsuite>
