<?xml version="1.0" encoding="UTF-8"?>
<testsuite name="com.tanrunn.tcth.impl.shadow.ShadowFrameworkSettingsTest" tests="8" skipped="0" failures="0" errors="0" timestamp="2026-08-23T16:14:09.210Z" hostname="tanrunn-fedora" time="0.005">
  <properties/>
  <testcase name="invertedClampsAreRejected()" classname="com.tanrunn.tcth.impl.shadow.ShadowFrameworkSettingsTest" time="0.001"/>
  <testcase name="negativeCooldownsAreRejected()" classname="com.tanrunn.tcth.impl.shadow.ShadowFrameworkSettingsTest" time="0.0"/>
  <testcase name="supplierInjectionDrivesTheCoordinatorWithoutConfig()" classname="com.tanrunn.tcth.impl.shadow.ShadowFrameworkSettingsTest" time="0.002"/>
  <testcase name="nonFiniteValuesAreRejected()" classname="com.tanrunn.tcth.impl.shadow.ShadowFrameworkSettingsTest" time="0.0"/>
  <testcase name="nonFiniteSupplierValuesFallBack()" classname="com.tanrunn.tcth.impl.shadow.ShadowFrameworkSettingsTest" time="0.0"/>
  <testcase name="outOfRangeChancesAreRejected()" classname="com.tanrunn.tcth.impl.shadow.ShadowFrameworkSettingsTest" time="0.0"/>
  <testcase name="defaultsAreSafe()" classname="com.tanrunn.tcth.impl.shadow.ShadowFrameworkSettingsTest" time="0.0"/>
  <testcase name="failingSupplierFallsBackToSafeDefault()" classname="com.tanrunn.tcth.impl.shadow.ShadowFrameworkSettingsTest" time="0.001"/>
  <system-out><![CDATA[]]></system-out>
  <system-err><![CDATA[]]></system-err>
</testsuite>
