<?xml version="1.0" encoding="UTF-8"?>
<testsuite name="com.tanrunn.tcth.impl.signature.SignatureResourceTest" tests="6" skipped="0" failures="0" errors="0" timestamp="2026-08-23T16:14:09.812Z" hostname="tanrunn-fedora" time="0.205">
  <properties/>
  <testcase name="configKeyExistsInBothLanguages()" classname="com.tanrunn.tcth.impl.signature.SignatureResourceTest" time="0.001"/>
  <testcase name="compiledMainOutputContainsNoThirdPartyClasses()" classname="com.tanrunn.tcth.impl.signature.SignatureResourceTest" time="0.086"/>
  <testcase name="tooltipClassIsClientOnly()" classname="com.tanrunn.tcth.impl.signature.SignatureResourceTest" time="0.0"/>
  <testcase name="tooltipKeyExistsInBothLanguages()" classname="com.tanrunn.tcth.impl.signature.SignatureResourceTest" time="0.001"/>
  <testcase name="noClientClassReferencedFromServerOnlyPackages()" classname="com.tanrunn.tcth.impl.signature.SignatureResourceTest" time="0.115"/>
  <testcase name="inspectCommandKeysExistInBothLanguages()" classname="com.tanrunn.tcth.impl.signature.SignatureResourceTest" time="0.001"/>
  <system-out><![CDATA[]]></system-out>
  <system-err><![CDATA[]]></system-err>
</testsuite>
