<?xml version="1.0" encoding="UTF-8"?>
<testsuite name="com.tanrunn.tcth.impl.stats.GunnerStatsCommandTest" tests="5" skipped="0" failures="0" errors="0" timestamp="2026-08-23T16:14:10.361Z" hostname="tanrunn-fedora" time="0.004">
  <properties/>
  <testcase name="formatProfileEmptyUsesNoneKeys()" classname="com.tanrunn.tcth.impl.stats.GunnerStatsCommandTest" time="0.002"/>
  <testcase name="formatPopulatedStatsReturnsComponent()" classname="com.tanrunn.tcth.impl.stats.GunnerStatsCommandTest" time="0.001"/>
  <testcase name="formatShowsMostUsedWeapon()" classname="com.tanrunn.tcth.impl.stats.GunnerStatsCommandTest" time="0.0"/>
  <testcase name="formatProfileUsesTranslationKeysNotHardcodedChinese()" classname="com.tanrunn.tcth.impl.stats.GunnerStatsCommandTest" time="0.001"/>
  <testcase name="formatEmptyStatsReturnsComponent()" classname="com.tanrunn.tcth.impl.stats.GunnerStatsCommandTest" time="0.0"/>
  <system-out><![CDATA[]]></system-out>
  <system-err><![CDATA[]]></system-err>
</testsuite>
