<?xml version="1.0" encoding="UTF-8"?>
<testsuite name="com.tanrunn.tcth.impl.shadow.ShadowAbilityTierTest" tests="6" skipped="0" failures="0" errors="0" timestamp="2026-08-23T16:13:56.346Z" hostname="tanrunn-fedora" time="0.001">
  <properties/>
  <testcase name="allThreeActiveYieldsOnlyThird()" classname="com.tanrunn.tcth.impl.shadow.ShadowAbilityTierTest" time="0.0"/>
  <testcase name="secondTierWhenOnlyItIsActive()" classname="com.tanrunn.tcth.impl.shadow.ShadowAbilityTierTest" time="0.0"/>
  <testcase name="thirdTierWhenOnlyItIsActive()" classname="com.tanrunn.tcth.impl.shadow.ShadowAbilityTierTest" time="0.0"/>
  <testcase name="noneWhenNothingActive()" classname="com.tanrunn.tcth.impl.shadow.ShadowAbilityTierTest" time="0.0"/>
  <testcase name="firstTierWhenOnlyItIsActive()" classname="com.tanrunn.tcth.impl.shadow.ShadowAbilityTierTest" time="0.0"/>
  <testcase name="higherTierWinsOverLower()" classname="com.tanrunn.tcth.impl.shadow.ShadowAbilityTierTest" time="0.0"/>
  <system-out><![CDATA[]]></system-out>
  <system-err><![CDATA[]]></system-err>
</testsuite>
