<?xml version="1.0" encoding="UTF-8"?>
<testsuite name="com.tanrunn.tcth.impl.signature.MyNethersDelightPortioningAdapterTest" tests="9" skipped="0" failures="0" errors="0" timestamp="2026-08-23T16:14:09.784Z" hostname="tanrunn-fedora" time="0.006">
  <properties/>
  <testcase name="dropPathSignsWithoutPublishing()" classname="com.tanrunn.tcth.impl.signature.MyNethersDelightPortioningAdapterTest" time="0.003"/>
  <testcase name="nullPlayerPublishesNothing()" classname="com.tanrunn.tcth.impl.signature.MyNethersDelightPortioningAdapterTest" time="0.0"/>
  <testcase name="portioningEnumPresent()" classname="com.tanrunn.tcth.impl.signature.MyNethersDelightPortioningAdapterTest" time="0.0"/>
  <testcase name="servingDeliveredPublishesExactlyOneEvent()" classname="com.tanrunn.tcth.impl.signature.MyNethersDelightPortioningAdapterTest" time="0.0"/>
  <testcase name="signServingStackSignsTheRealStackInPlace()" classname="com.tanrunn.tcth.impl.signature.MyNethersDelightPortioningAdapterTest" time="0.0"/>
  <testcase name="signServingStackWithNullPlayerLeavesStackUnsigned()" classname="com.tanrunn.tcth.impl.signature.MyNethersDelightPortioningAdapterTest" time="0.001"/>
  <testcase name="signServingStackPassesThroughNonDish()" classname="com.tanrunn.tcth.impl.signature.MyNethersDelightPortioningAdapterTest" time="0.0"/>
  <testcase name="nonDishServingPublishesNothing()" classname="com.tanrunn.tcth.impl.signature.MyNethersDelightPortioningAdapterTest" time="0.0"/>
  <testcase name="nullItemPublishesNothing()" classname="com.tanrunn.tcth.impl.signature.MyNethersDelightPortioningAdapterTest" time="0.001"/>
  <system-out><![CDATA[]]></system-out>
  <system-err><![CDATA[]]></system-err>
</testsuite>
