<?xml version="1.0" encoding="UTF-8"?>
<testsuite name="com.tanrunn.tcth.impl.compat.jobsplus.powerup.GunnerAbilityModuleTest" tests="13" skipped="0" failures="0" errors="0" timestamp="2026-08-23T16:13:51.556Z" hostname="tanrunn-fedora" time="0.022">
  <properties/>
  <testcase name="experienceMultipliersExact()" classname="com.tanrunn.tcth.impl.compat.jobsplus.powerup.GunnerAbilityModuleTest" time="0.0"/>
  <testcase name="defenseMultipliersExact()" classname="com.tanrunn.tcth.impl.compat.jobsplus.powerup.GunnerAbilityModuleTest" time="0.001"/>
  <testcase name="nonJobsServerPlayerReturnsNone()" classname="com.tanrunn.tcth.impl.compat.jobsplus.powerup.GunnerAbilityModuleTest" time="0.0"/>
  <testcase name="marksmanshipMultipliersExact()" classname="com.tanrunn.tcth.impl.compat.jobsplus.powerup.GunnerAbilityModuleTest" time="0.002"/>
  <testcase name="ammoSaverNoTierNeverSaves()" classname="com.tanrunn.tcth.impl.compat.jobsplus.powerup.GunnerAbilityModuleTest" time="0.003"/>
  <testcase name="ammoSaverBoundaryWithInjectedChanceSource()" classname="com.tanrunn.tcth.impl.compat.jobsplus.powerup.GunnerAbilityModuleTest" time="0.005"/>
  <testcase name="singleRouteSwitchOnlyAffectsItsRoute()" classname="com.tanrunn.tcth.impl.compat.jobsplus.powerup.GunnerAbilityModuleTest" time="0.001"/>
  <testcase name="ammoSaveChancesExact()" classname="com.tanrunn.tcth.impl.compat.jobsplus.powerup.GunnerAbilityModuleTest" time="0.0"/>
  <testcase name="brokenQueryReturnsNoneWithoutThrowing()" classname="com.tanrunn.tcth.impl.compat.jobsplus.powerup.GunnerAbilityModuleTest" time="0.002"/>
  <testcase name="highestActiveTierReflectsStates()" classname="com.tanrunn.tcth.impl.compat.jobsplus.powerup.GunnerAbilityModuleTest" time="0.003"/>
  <testcase name="noGunnerJobReturnsNone()" classname="com.tanrunn.tcth.impl.compat.jobsplus.powerup.GunnerAbilityModuleTest" time="0.0"/>
  <testcase name="configFailureFailsClosedForEveryRoute()" classname="com.tanrunn.tcth.impl.compat.jobsplus.powerup.GunnerAbilityModuleTest" time="0.001"/>
  <testcase name="masterOffDisablesAllRoutes()" classname="com.tanrunn.tcth.impl.compat.jobsplus.powerup.GunnerAbilityModuleTest" time="0.001"/>
  <system-out><![CDATA[[00:13:51] [Test worker/WARN] [co.ta.tc.TCTHIntegration/]: [TCTH] Gunner powerup query failed for route DEFENSE: java.lang.IllegalStateException: jobsplus data corrupt
]]></system-out>
  <system-err><![CDATA[]]></system-err>
</testsuite>
