<?xml version="1.0" encoding="UTF-8"?>
<testsuite name="com.tanrunn.tcth.impl.compat.cooking.CookingPotJarLifecycleTest" tests="3" skipped="2" failures="0" errors="0" timestamp="2026-08-23T16:13:49.049Z" hostname="tanrunn-fedora" time="0.003">
  <properties/>
  <testcase name="farmersDelightResultSlotLifecycleInJar()" classname="com.tanrunn.tcth.impl.compat.cooking.CookingPotJarLifecycleTest" time="0.002">
    <skipped message="Assumption failed: dev-mods farmersdelight jar missing" type="org.opentest4j.TestAbortedException">org.opentest4j.TestAbortedException: Assumption failed: dev-mods farmersdelight jar missing
	at org.junit.jupiter.api.Assumptions.throwAssumptionFailed(Assumptions.java:316)
	at org.junit.jupiter.api.Assumptions.assumeTrue(Assumptions.java:115)
	at com.tanrunn.tcth.impl.compat.cooking.CookingPotJarLifecycleTest.farmersDelightResultSlotLifecycleInJar(CookingPotJarLifecycleTest.java:53)
	at java.base/java.lang.reflect.Method.invoke(Method.java:580)
	at java.base/java.util.ArrayList.forEach(ArrayList.java:1596)
	at java.base/java.util.ArrayList.forEach(ArrayList.java:1596)
</skipped>
  </testcase>
  <testcase name="fdAndDdShareRecipeTrackerSnapshotSemantics()" classname="com.tanrunn.tcth.impl.compat.cooking.CookingPotJarLifecycleTest" time="0.0"/>
  <testcase name="dungeonsDelightResultSlotLifecycleInJar()" classname="com.tanrunn.tcth.impl.compat.cooking.CookingPotJarLifecycleTest" time="0.001">
    <skipped message="Assumption failed: dev-mods dungeonsdelight jar missing" type="org.opentest4j.TestAbortedException">org.opentest4j.TestAbortedException: Assumption failed: dev-mods dungeonsdelight jar missing
	at org.junit.jupiter.api.Assumptions.throwAssumptionFailed(Assumptions.java:316)
	at org.junit.jupiter.api.Assumptions.assumeTrue(Assumptions.java:115)
	at com.tanrunn.tcth.impl.compat.cooking.CookingPotJarLifecycleTest.dungeonsDelightResultSlotLifecycleInJar(CookingPotJarLifecycleTest.java:67)
	at java.base/java.lang.reflect.Method.invoke(Method.java:580)
	at java.base/java.util.ArrayList.forEach(ArrayList.java:1596)
	at java.base/java.util.ArrayList.forEach(ArrayList.java:1596)
</skipped>
  </testcase>
  <system-out><![CDATA[]]></system-out>
  <system-err><![CDATA[]]></system-err>
</testsuite>
