<?xml version="1.0" encoding="UTF-8"?>
<testsuite name="com.tanrunn.tcth.impl.compat.jobsplus.arc.CropActionDispatcherTest" tests="3" skipped="0" failures="0" errors="0" timestamp="2026-08-23T16:13:49.908Z" hostname="tanrunn-fedora" time="0.051">
  <properties/>
  <testcase name="breakHarvestMethodMapsToName()" classname="com.tanrunn.tcth.impl.compat.jobsplus.arc.CropActionDispatcherTest" time="0.05"/>
  <testcase name="actionDataFieldsAreCompleteAndCorrect()" classname="com.tanrunn.tcth.impl.compat.jobsplus.arc.CropActionDispatcherTest" time="0.0"/>
  <testcase name="actionTypeAndDataTypesAreRegistered()" classname="com.tanrunn.tcth.impl.compat.jobsplus.arc.CropActionDispatcherTest" time="0.0"/>
  <system-out><![CDATA[]]></system-out>
  <system-err><![CDATA[]]></system-err>
</testsuite>
