<?xml version="1.0" encoding="UTF-8"?>
<testsuite name="com.tanrunn.tcth.impl.signature.DishSignatureDeliveryTest" tests="12" skipped="0" failures="0" errors="0" timestamp="2026-08-23T16:14:09.768Z" hostname="tanrunn-fedora" time="0.007">
  <properties/>
  <testcase name="mutatingEventCopyDoesNotAffectDeliveredStack()" classname="com.tanrunn.tcth.impl.signature.DishSignatureDeliveryTest" time="0.001"/>
  <testcase name="successfulTakeOverwritesOldSignatureWithCurrentChef()" classname="com.tanrunn.tcth.impl.signature.DishSignatureDeliveryTest" time="0.001"/>
  <testcase name="wokEventSnapshotCarriesNewSignature()" classname="com.tanrunn.tcth.impl.signature.DishSignatureDeliveryTest" time="0.0"/>
  <testcase name="steamerPartialDeliveryRestoresUndeliveredSlots()" classname="com.tanrunn.tcth.impl.signature.DishSignatureDeliveryTest" time="0.001"/>
  <testcase name="stockpotEventSnapshotCarriesNewSignature()" classname="com.tanrunn.tcth.impl.signature.DishSignatureDeliveryTest" time="0.0"/>
  <testcase name="stockpotFailureRestoresPreviousChefSignature()" classname="com.tanrunn.tcth.impl.signature.DishSignatureDeliveryTest" time="0.001"/>
  <testcase name="differentChefDishesDoNotStack()" classname="com.tanrunn.tcth.impl.signature.DishSignatureDeliveryTest" time="0.0"/>
  <testcase name="wokFailureRestoresPreviousChefSignature()" classname="com.tanrunn.tcth.impl.signature.DishSignatureDeliveryTest" time="0.001"/>
  <testcase name="steamerEventTakenCarriesNewSignature()" classname="com.tanrunn.tcth.impl.signature.DishSignatureDeliveryTest" time="0.0"/>
  <testcase name="steamerRestoresDistinctOldSignaturesPerSlotOnFailure()" classname="com.tanrunn.tcth.impl.signature.DishSignatureDeliveryTest" time="0.001"/>
  <testcase name="sameChefSameNameDishesStackTogether()" classname="com.tanrunn.tcth.impl.signature.DishSignatureDeliveryTest" time="0.001"/>
  <testcase name="wokFailureWithNoPreviousSignatureLeavesUnsigned()" classname="com.tanrunn.tcth.impl.signature.DishSignatureDeliveryTest" time="0.0"/>
  <system-out><![CDATA[]]></system-out>
  <system-err><![CDATA[]]></system-err>
</testsuite>
