<?xml version="1.0" encoding="UTF-8"?>
<testsuite name="com.tanrunn.tcth.impl.stats.GunnerMedalMigrationTest" tests="9" skipped="0" failures="0" errors="0" timestamp="2026-08-23T16:14:10.359Z" hostname="tanrunn-fedora" time="0.002">
  <properties/>
  <testcase name="migrationDoesNotChangeCounters()" classname="com.tanrunn.tcth.impl.stats.GunnerMedalMigrationTest" time="0.0"/>
  <testcase name="unknownMedalIdIsSkipped()" classname="com.tanrunn.tcth.impl.stats.GunnerMedalMigrationTest" time="0.0"/>
  <testcase name="version2MissingMedalIsSilentlyFilled()" classname="com.tanrunn.tcth.impl.stats.GunnerMedalMigrationTest" time="0.0"/>
  <testcase name="version1Elite25SilentlyUnlocksEliteHunter()" classname="com.tanrunn.tcth.impl.stats.GunnerMedalMigrationTest" time="0.0"/>
  <testcase name="version1MaxDistance50SilentlyUnlocksLongShot()" classname="com.tanrunn.tcth.impl.stats.GunnerMedalMigrationTest" time="0.001"/>
  <testcase name="version1Boss1SilentlyUnlocksBossFinisher()" classname="com.tanrunn.tcth.impl.stats.GunnerMedalMigrationTest" time="0.0"/>
  <testcase name="saveWritesDataVersion2()" classname="com.tanrunn.tcth.impl.stats.GunnerMedalMigrationTest" time="0.0"/>
  <testcase name="version1Total100SilentlyUnlocksFirstBloodAndCenturion()" classname="com.tanrunn.tcth.impl.stats.GunnerMedalMigrationTest" time="0.0"/>
  <testcase name="migrationDoesNotUseAnnounceSink()" classname="com.tanrunn.tcth.impl.stats.GunnerMedalMigrationTest" time="0.0"/>
  <system-out><![CDATA[]]></system-out>
  <system-err><![CDATA[]]></system-err>
</testsuite>
