<?xml version="1.0" encoding="UTF-8"?>
<testsuite name="com.tanrunn.tcth.impl.compat.KegPouringMixinDeliveryTest" tests="5" skipped="0" failures="0" errors="0" timestamp="2026-08-23T16:13:47.708Z" hostname="tanrunn-fedora" time="0.007">
  <properties/>
  <testcase name="publishesOnInventoryAddSuccessViaRedirect()" classname="com.tanrunn.tcth.impl.compat.KegPouringMixinDeliveryTest" time="0.003"/>
  <testcase name="noPublishBeforeDelivery()" classname="com.tanrunn.tcth.impl.compat.KegPouringMixinDeliveryTest" time="0.0"/>
  <testcase name="publishesAtSetItemInHandAfter()" classname="com.tanrunn.tcth.impl.compat.KegPouringMixinDeliveryTest" time="0.001"/>
  <testcase name="publishesAtPlayerDropAfter()" classname="com.tanrunn.tcth.impl.compat.KegPouringMixinDeliveryTest" time="0.001"/>
  <testcase name="threeDeliveryBranches()" classname="com.tanrunn.tcth.impl.compat.KegPouringMixinDeliveryTest" time="0.001"/>
  <system-out><![CDATA[]]></system-out>
  <system-err><![CDATA[]]></system-err>
</testsuite>
