<?xml version="1.0" encoding="UTF-8"?>
<testsuite name="com.tanrunn.tcth.impl.stats.PlayerBrewingStatsTest" tests="10" skipped="0" failures="0" errors="0" timestamp="2026-08-23T16:14:10.377Z" hostname="tanrunn-fedora" time="0.007">
  <properties/>
  <testcase name="loadKeepsSaturationOnHugeCounters()" classname="com.tanrunn.tcth.impl.stats.PlayerBrewingStatsTest" time="0.0"/>
  <testcase name="mostPreparedBeverageByHigherCountWins()" classname="com.tanrunn.tcth.impl.stats.PlayerBrewingStatsTest" time="0.0"/>
  <testcase name="mostPreparedBeverageTiesBreakByLexicographicId()" classname="com.tanrunn.tcth.impl.stats.PlayerBrewingStatsTest" time="0.0"/>
  <testcase name="accessorsReturnDefensiveCopies()" classname="com.tanrunn.tcth.impl.stats.PlayerBrewingStatsTest" time="0.001"/>
  <testcase name="countsSaturateAtIntegerMax()" classname="com.tanrunn.tcth.impl.stats.PlayerBrewingStatsTest" time="0.0"/>
  <testcase name="emptyStatsReportNoMostPrepared()" classname="com.tanrunn.tcth.impl.stats.PlayerBrewingStatsTest" time="0.0"/>
  <testcase name="recordsEventAndBeverageCounts()" classname="com.tanrunn.tcth.impl.stats.PlayerBrewingStatsTest" time="0.0"/>
  <testcase name="existingItemKeepsAccumulatingPastItemCap()" classname="com.tanrunn.tcth.impl.stats.PlayerBrewingStatsTest" time="0.003"/>
  <testcase name="loadRejectsNegativeCountersAndMalformedResourceLocations()" classname="com.tanrunn.tcth.impl.stats.PlayerBrewingStatsTest" time="0.001"/>
  <testcase name="itemMapRespectsCapForNewItems()" classname="com.tanrunn.tcth.impl.stats.PlayerBrewingStatsTest" time="0.002"/>
  <system-out><![CDATA[]]></system-out>
  <system-err><![CDATA[]]></system-err>
</testsuite>
