<?xml version="1.0" encoding="UTF-8"?>
<testsuite name="com.tanrunn.tcth.impl.compat.jobsplus.arc.condition.GunTargetTierConditionTest" tests="3" skipped="0" failures="0" errors="0" timestamp="2026-08-23T16:13:50.708Z" hostname="tanrunn-fedora" time="0.003">
  <properties/>
  <testcase name="invertedFlipsResult()" classname="com.tanrunn.tcth.impl.compat.jobsplus.arc.condition.GunTargetTierConditionTest" time="0.002"/>
  <testcase name="matchingTierIsMet()" classname="com.tanrunn.tcth.impl.compat.jobsplus.arc.condition.GunTargetTierConditionTest" time="0.0"/>
  <testcase name="unknownTierThrowsOnParse()" classname="com.tanrunn.tcth.impl.compat.jobsplus.arc.condition.GunTargetTierConditionTest" time="0.001"/>
  <system-out><![CDATA[]]></system-out>
  <system-err><![CDATA[]]></system-err>
</testsuite>
