<?xml version="1.0" encoding="UTF-8"?>
<testsuite name="com.tanrunn.tcth.impl.compat.jobsplus.ShadowRewardModuleTest" tests="28" skipped="0" failures="0" errors="0" timestamp="2026-08-23T16:13:49.656Z" hostname="tanrunn-fedora" time="0.178">
  <properties/>
  <testcase name="dispatcherSendToActionExceptionProducesUnknownResult()" classname="com.tanrunn.tcth.impl.compat.jobsplus.ShadowRewardModuleTest" time="0.066"/>
  <testcase name="invalidUtcDayBlocksPlayerXp()" classname="com.tanrunn.tcth.impl.compat.jobsplus.ShadowRewardModuleTest" time="0.002"/>
  <testcase name="unavailableStoreBlocksPlayerXpButNotEntityXp()" classname="com.tanrunn.tcth.impl.compat.jobsplus.ShadowRewardModuleTest" time="0.002"/>
  <testcase name="serverStopClearsInMemoryState()" classname="com.tanrunn.tcth.impl.compat.jobsplus.ShadowRewardModuleTest" time="0.001"/>
  <testcase name="senderReceivesTheSuccessEvent()" classname="com.tanrunn.tcth.impl.compat.jobsplus.ShadowRewardModuleTest" time="0.001"/>
  <testcase name="senderNullResultIsTreatedAsUnknown()" classname="com.tanrunn.tcth.impl.compat.jobsplus.ShadowRewardModuleTest" time="0.001"/>
  <testcase name="logoutClearsThatThiefsInMemoryEntries()" classname="com.tanrunn.tcth.impl.compat.jobsplus.ShadowRewardModuleTest" time="0.002"/>
  <testcase name="throwingDispatcherIsIsolatedByTheModule()" classname="com.tanrunn.tcth.impl.compat.jobsplus.ShadowRewardModuleTest" time="0.001"/>
  <testcase name="playerPairDailyCapBlocksTheFourth()" classname="com.tanrunn.tcth.impl.compat.jobsplus.ShadowRewardModuleTest" time="0.003"/>
  <testcase name="linkageErrorInStoreCallsFailsClosed()" classname="com.tanrunn.tcth.impl.compat.jobsplus.ShadowRewardModuleTest" time="0.003"/>
  <testcase name="linkageErrorInStoreFactoryFailsClosedForPlayers()" classname="com.tanrunn.tcth.impl.compat.jobsplus.ShadowRewardModuleTest" time="0.002"/>
  <testcase name="recoveryReservationAfterRestartNeverResends()" classname="com.tanrunn.tcth.impl.compat.jobsplus.ShadowRewardModuleTest" time="0.016"/>
  <testcase name="committedExistingAfterRestartNeverResends()" classname="com.tanrunn.tcth.impl.compat.jobsplus.ShadowRewardModuleTest" time="0.003"/>
  <testcase name="automatedSuccessSendsNothing()" classname="com.tanrunn.tcth.impl.compat.jobsplus.ShadowRewardModuleTest" time="0.001"/>
  <testcase name="failedSendIsRetryableThenCommitted()" classname="com.tanrunn.tcth.impl.compat.jobsplus.ShadowRewardModuleTest" time="0.002"/>
  <testcase name="healthHungerEffectTypesAllSend()" classname="com.tanrunn.tcth.impl.compat.jobsplus.ShadowRewardModuleTest" time="0.002"/>
  <testcase name="linkageErrorInEachConfigSupplierFailsClosed()" classname="com.tanrunn.tcth.impl.compat.jobsplus.ShadowRewardModuleTest" time="0.002"/>
  <testcase name="recoveryAfterRestartDoesNotConsumeAFreshQuotaSlot()" classname="com.tanrunn.tcth.impl.compat.jobsplus.ShadowRewardModuleTest" time="0.002"/>
  <testcase name="eventIdsExpireAfterTheTickWindow()" classname="com.tanrunn.tcth.impl.compat.jobsplus.ShadowRewardModuleTest" time="0.002"/>
  <testcase name="duplicateEventIdSendsOnce()" classname="com.tanrunn.tcth.impl.compat.jobsplus.ShadowRewardModuleTest" time="0.002"/>
  <testcase name="switchesOffSendNothing()" classname="com.tanrunn.tcth.impl.compat.jobsplus.ShadowRewardModuleTest" time="0.003"/>
  <testcase name="linkageErrorInActionSenderKeepsTheQuotaOccupied()" classname="com.tanrunn.tcth.impl.compat.jobsplus.ShadowRewardModuleTest" time="0.011"/>
  <testcase name="moduleNeverBreaksTheTick()" classname="com.tanrunn.tcth.impl.compat.jobsplus.ShadowRewardModuleTest" time="0.003"/>
  <testcase name="entityTargetsAreNotPairLimited()" classname="com.tanrunn.tcth.impl.compat.jobsplus.ShadowRewardModuleTest" time="0.002"/>
  <testcase name="onlySuccessSends()" classname="com.tanrunn.tcth.impl.compat.jobsplus.ShadowRewardModuleTest" time="0.001"/>
  <testcase name="sendToActionExceptionPreservesQuotaRetryDoesNotResend()" classname="com.tanrunn.tcth.impl.compat.jobsplus.ShadowRewardModuleTest" time="0.002"/>
  <testcase name="dayRolloverRestoresTheQuota()" classname="com.tanrunn.tcth.impl.compat.jobsplus.ShadowRewardModuleTest" time="0.002"/>
  <testcase name="emptyOrMismatchedReceiptSendsNothing()" classname="com.tanrunn.tcth.impl.compat.jobsplus.ShadowRewardModuleTest" time="0.036"/>
  <system-out><![CDATA[[00:13:49] [Test worker/WARN] [co.ta.tc.TCTHIntegration/]: [TCTH] Shadow reward action send threw (event b9484eab-a9d2-4701-a12f-7b0d227293fa): java.lang.RuntimeException: sendToAction exploded
[00:13:49] [Test worker/WARN] [co.ta.tc.TCTHIntegration/]: [TCTH] Shadow reward switch read failed; rewards fail-closed: java.lang.LinkageError: jobsplus classes missing
]]></system-out>
  <system-err><![CDATA[]]></system-err>
</testsuite>
