<?xml version="1.0" encoding="UTF-8"?>
<testsuite name="com.tanrunn.tcth.impl.shadow.ShadowLogThrottleTest" tests="10" skipped="0" failures="0" errors="0" timestamp="2026-08-23T16:14:09.302Z" hostname="tanrunn-fedora" time="0.01">
  <properties/>
  <testcase name="firstMessageIsLoggedImmediately()" classname="com.tanrunn.tcth.impl.shadow.ShadowLogThrottleTest" time="0.002"/>
  <testcase name="suppressedWithin59999Millis()" classname="com.tanrunn.tcth.impl.shadow.ShadowLogThrottleTest" time="0.001"/>
  <testcase name="clockRollbackPassesThrough()" classname="com.tanrunn.tcth.impl.shadow.ShadowLogThrottleTest" time="0.0"/>
  <testcase name="longMinAndMaxBoundariesDoNotOverflow()" classname="com.tanrunn.tcth.impl.shadow.ShadowLogThrottleTest" time="0.001"/>
  <testcase name="passesAfter60000Millis()" classname="com.tanrunn.tcth.impl.shadow.ShadowLogThrottleTest" time="0.0"/>
  <testcase name="distinctTemplatesAreIndependent()" classname="com.tanrunn.tcth.impl.shadow.ShadowLogThrottleTest" time="0.0"/>
  <testcase name="resetClearsTheWholeCache()" classname="com.tanrunn.tcth.impl.shadow.ShadowLogThrottleTest" time="0.0"/>
  <testcase name="concurrentSameTemplateLogsExactlyOnce()" classname="com.tanrunn.tcth.impl.shadow.ShadowLogThrottleTest" time="0.003"/>
  <testcase name="negativeClockThenNormalClockPasses()" classname="com.tanrunn.tcth.impl.shadow.ShadowLogThrottleTest" time="0.0"/>
  <testcase name="identicalNegativeClockValuesAreThrottled()" classname="com.tanrunn.tcth.impl.shadow.ShadowLogThrottleTest" time="0.001"/>
  <system-out><![CDATA[]]></system-out>
  <system-err><![CDATA[]]></system-err>
</testsuite>
