<?xml version="1.0" encoding="UTF-8"?>
<testsuite name="com.tanrunn.tcth.impl.compat.cooking.RecipeTrackerSnapshotTest" tests="9" skipped="0" failures="0" errors="0" timestamp="2026-08-23T16:13:49.052Z" hostname="tanrunn-fedora" time="0.007">
  <properties/>
  <testcase name="mergeNullKeepsPreviousNonNull()" classname="com.tanrunn.tcth.impl.compat.cooking.RecipeTrackerSnapshotTest" time="0.002"/>
  <testcase name="mergeNonNullReplacesPrevious()" classname="com.tanrunn.tcth.impl.compat.cooking.RecipeTrackerSnapshotTest" time="0.0"/>
  <testcase name="singleRecipeCaptured()" classname="com.tanrunn.tcth.impl.compat.cooking.RecipeTrackerSnapshotTest" time="0.002"/>
  <testcase name="multiRecipeYieldsNull()" classname="com.tanrunn.tcth.impl.compat.cooking.RecipeTrackerSnapshotTest" time="0.0"/>
  <testcase name="shiftClickFirstCaptureThenEmptyTrackerDoesNotWipe()" classname="com.tanrunn.tcth.impl.compat.cooking.RecipeTrackerSnapshotTest" time="0.0"/>
  <testcase name="emptyTrackerYieldsNull()" classname="com.tanrunn.tcth.impl.compat.cooking.RecipeTrackerSnapshotTest" time="0.001"/>
  <testcase name="clearAfterPublishDoesNotLeakToNextTake()" classname="com.tanrunn.tcth.impl.compat.cooking.RecipeTrackerSnapshotTest" time="0.0"/>
  <testcase name="normalClickSingleCaptureWorks()" classname="com.tanrunn.tcth.impl.compat.cooking.RecipeTrackerSnapshotTest" time="0.0"/>
  <testcase name="multiCandidateDoesNotInheritPreviousEvent()" classname="com.tanrunn.tcth.impl.compat.cooking.RecipeTrackerSnapshotTest" time="0.0"/>
  <system-out><![CDATA[]]></system-out>
  <system-err><![CDATA[]]></system-err>
</testsuite>
