<?xml version="1.0" encoding="UTF-8"?>
<testsuite name="com.tanrunn.tcth.impl.shadow.ShadowCooldownTrackerTest" tests="12" skipped="0" failures="0" errors="0" timestamp="2026-08-23T16:13:58.419Z" hostname="tanrunn-fedora" time="0.02">
  <properties/>
  <testcase name="safetyRecordsAreNeverEvictedByIdempotencyFloods()" classname="com.tanrunn.tcth.impl.shadow.ShadowCooldownTrackerTest" time="0.014"/>
  <testcase name="victimProtectionAndAlertAreKeyedByTarget()" classname="com.tanrunn.tcth.impl.shadow.ShadowCooldownTrackerTest" time="0.0"/>
  <testcase name="updatingExistingKeyDoesNotGrowTheTracker()" classname="com.tanrunn.tcth.impl.shadow.ShadowCooldownTrackerTest" time="0.0"/>
  <testcase name="globalCooldownExpiresAfterTicks()" classname="com.tanrunn.tcth.impl.shadow.ShadowCooldownTrackerTest" time="0.001"/>
  <testcase name="oldAndNewPlayersAreIsolated()" classname="com.tanrunn.tcth.impl.shadow.ShadowCooldownTrackerTest" time="0.0"/>
  <testcase name="capacityEvictsOldestEntry()" classname="com.tanrunn.tcth.impl.shadow.ShadowCooldownTrackerTest" time="0.002"/>
  <testcase name="overflowingDurationsSaturateToNeverExpiring()" classname="com.tanrunn.tcth.impl.shadow.ShadowCooldownTrackerTest" time="0.0"/>
  <testcase name="serverStoppingClearsEverything()" classname="com.tanrunn.tcth.impl.shadow.ShadowCooldownTrackerTest" time="0.0"/>
  <testcase name="logoutRemovesAllEntriesOfThePlayer()" classname="com.tanrunn.tcth.impl.shadow.ShadowCooldownTrackerTest" time="0.001"/>
  <testcase name="noCandidateAndFailureCooldownsAreIndependent()" classname="com.tanrunn.tcth.impl.shadow.ShadowCooldownTrackerTest" time="0.0"/>
  <testcase name="zeroDurationMarksAreNoOps()" classname="com.tanrunn.tcth.impl.shadow.ShadowCooldownTrackerTest" time="0.0"/>
  <testcase name="lifecycleRegistrationIsIdempotent()" classname="com.tanrunn.tcth.impl.shadow.ShadowCooldownTrackerTest" time="0.001"/>
  <system-out><![CDATA[]]></system-out>
  <system-err><![CDATA[]]></system-err>
</testsuite>
