<?xml version="1.0" encoding="UTF-8"?>
<testsuite name="com.tanrunn.tcth.impl.compat.jobsplus.powerup.ChefAbilityModuleTest" tests="10" skipped="0" failures="0" errors="0" timestamp="2026-08-23T16:13:51.141Z" hostname="tanrunn-fedora" time="0.097">
  <properties/>
  <testcase name="warnThrottleIsSixtySeconds()" classname="com.tanrunn.tcth.impl.compat.jobsplus.powerup.ChefAbilityModuleTest" time="0.005"/>
  <testcase name="repeatedFailuresStayFailClosedAcrossThrottleWindow()" classname="com.tanrunn.tcth.impl.compat.jobsplus.powerup.ChefAbilityModuleTest" time="0.069"/>
  <testcase name="knifeChancePctMatchesSpec()" classname="com.tanrunn.tcth.impl.compat.jobsplus.powerup.ChefAbilityModuleTest" time="0.0"/>
  <testcase name="nonJobsServerPlayerReturnsNone()" classname="com.tanrunn.tcth.impl.compat.jobsplus.powerup.ChefAbilityModuleTest" time="0.001"/>
  <testcase name="knifeSkipsOnlyWithinChanceWindow()" classname="com.tanrunn.tcth.impl.compat.jobsplus.powerup.ChefAbilityModuleTest" time="0.003"/>
  <testcase name="brokenQueryReturnsNoneWithoutThrowing()" classname="com.tanrunn.tcth.impl.compat.jobsplus.powerup.ChefAbilityModuleTest" time="0.012"/>
  <testcase name="knifeSkipsOnlyOnTaggedToolsAndActiveTier()" classname="com.tanrunn.tcth.impl.compat.jobsplus.powerup.ChefAbilityModuleTest" time="0.002"/>
  <testcase name="knifeTagIsCToolsKnife()" classname="com.tanrunn.tcth.impl.compat.jobsplus.powerup.ChefAbilityModuleTest" time="0.001"/>
  <testcase name="noChefJobReturnsNone()" classname="com.tanrunn.tcth.impl.compat.jobsplus.powerup.ChefAbilityModuleTest" time="0.0"/>
  <testcase name="highestActiveTierReflectsJobPowerupStates()" classname="com.tanrunn.tcth.impl.compat.jobsplus.powerup.ChefAbilityModuleTest" time="0.002"/>
  <system-out><![CDATA[[00:13:51] [Test worker/WARN] [co.ta.tc.TCTHIntegration/]: [TCTH] Chef powerup query failed for route KNIFE: java.lang.IllegalStateException: jobsplus data corrupt
]]></system-out>
  <system-err><![CDATA[]]></system-err>
</testsuite>
