<?xml version="1.0" encoding="UTF-8"?>
<testsuite name="com.tanrunn.tcth.impl.compat.jobsplus.powerup.ShadowAbilityModuleTest" tests="12" skipped="0" failures="0" errors="0" timestamp="2026-08-23T16:13:51.633Z" hostname="tanrunn-fedora" time="0.033">
  <properties/>
  <testcase name="fourRoutesAreIndependent()" classname="com.tanrunn.tcth.impl.compat.jobsplus.powerup.ShadowAbilityModuleTest" time="0.011"/>
  <testcase name="nonJobsServerPlayerYieldsNoneSnapshot()" classname="com.tanrunn.tcth.impl.compat.jobsplus.powerup.ShadowAbilityModuleTest" time="0.001"/>
  <testcase name="brokenQueryFailsClosedToNone()" classname="com.tanrunn.tcth.impl.compat.jobsplus.powerup.ShadowAbilityModuleTest" time="0.002"/>
  <testcase name="masterSwitchOffYieldsNone()" classname="com.tanrunn.tcth.impl.compat.jobsplus.powerup.ShadowAbilityModuleTest" time="0.002"/>
  <testcase name="brokenConfigReadFailsClosedToNone()" classname="com.tanrunn.tcth.impl.compat.jobsplus.powerup.ShadowAbilityModuleTest" time="0.002"/>
  <testcase name="boughtButNotActiveYieldsNone()" classname="com.tanrunn.tcth.impl.compat.jobsplus.powerup.ShadowAbilityModuleTest" time="0.004"/>
  <testcase name="noJobYieldsNoneSnapshot()" classname="com.tanrunn.tcth.impl.compat.jobsplus.powerup.ShadowAbilityModuleTest" time="0.0"/>
  <testcase name="integrationSwitchOffYieldsNone()" classname="com.tanrunn.tcth.impl.compat.jobsplus.powerup.ShadowAbilityModuleTest" time="0.001"/>
  <testcase name="routeSwitchOffYieldsNoneForThatRouteOnly()" classname="com.tanrunn.tcth.impl.compat.jobsplus.powerup.ShadowAbilityModuleTest" time="0.005"/>
  <testcase name="nullPlayerYieldsNone()" classname="com.tanrunn.tcth.impl.compat.jobsplus.powerup.ShadowAbilityModuleTest" time="0.0"/>
  <testcase name="highestActiveTierReflectsStates()" classname="com.tanrunn.tcth.impl.compat.jobsplus.powerup.ShadowAbilityModuleTest" time="0.002"/>
  <testcase name="snapshotQueriesEachRouteExactlyOnce()" classname="com.tanrunn.tcth.impl.compat.jobsplus.powerup.ShadowAbilityModuleTest" time="0.003"/>
  <system-out><![CDATA[[00:13:51] [Test worker/WARN] [co.ta.tc.TCTHIntegration/]: [TCTH] Shadow powerup query failed for route SLEIGHT: java.lang.IllegalStateException: jobsplus data corrupt
[00:13:51] [Test worker/WARN] [co.ta.tc.TCTHIntegration/]: [TCTH] Shadow ability config read failed; abilities fail-closed (NONE): java.lang.IllegalStateException: config broken
]]></system-out>
  <system-err><![CDATA[]]></system-err>
</testsuite>
