<?xml version="1.0" encoding="UTF-8"?>
<testsuite name="com.tanrunn.tcth.impl.compat.jobsplus.arc.condition.GunnerExperienceAbilitiesEnabledConditionTest" tests="2" skipped="0" failures="0" errors="0" timestamp="2026-08-23T16:13:50.711Z" hostname="tanrunn-fedora" time="0.004">
  <properties/>
  <testcase name="configFailureFailsClosedEvenWhenInverted()" classname="com.tanrunn.tcth.impl.compat.jobsplus.arc.condition.GunnerExperienceAbilitiesEnabledConditionTest" time="0.003"/>
  <testcase name="matchesOnlyWhenAllFourSwitchesOn()" classname="com.tanrunn.tcth.impl.compat.jobsplus.arc.condition.GunnerExperienceAbilitiesEnabledConditionTest" time="0.001"/>
  <system-out><![CDATA[[00:13:50] [Test worker/WARN] [co.ta.tc.TCTHIntegration/]: [TCTH] gunner_experience_abilities_enabled config read failed; fail-closed (disabled): java.lang.IllegalStateException: config broken
]]></system-out>
  <system-err><![CDATA[]]></system-err>
</testsuite>
