<?xml version="1.0" encoding="UTF-8"?>
<testsuite name="com.tanrunn.tcth.impl.compat.brewer.BrewerAbilityLangTest" tests="4" skipped="0" failures="0" errors="0" timestamp="2026-08-23T16:13:47.875Z" hostname="tanrunn-fedora" time="0.013">
  <properties/>
  <testcase name="noOrphanedBrewerPowerupKeys()" classname="com.tanrunn.tcth.impl.compat.brewer.BrewerAbilityLangTest" time="0.005"/>
  <testcase name="everyNodeHasNameAndDescriptionInBothLanguages()" classname="com.tanrunn.tcth.impl.compat.brewer.BrewerAbilityLangTest" time="0.003"/>
  <testcase name="sevenEDescriptionAndConfigKeysPresent()" classname="com.tanrunn.tcth.impl.compat.brewer.BrewerAbilityLangTest" time="0.003"/>
  <testcase name="exactlyTwentyFourPowerupKeysPerLanguage()" classname="com.tanrunn.tcth.impl.compat.brewer.BrewerAbilityLangTest" time="0.002"/>
  <system-out><![CDATA[]]></system-out>
  <system-err><![CDATA[]]></system-err>
</testsuite>
