<?xml version="1.0" encoding="UTF-8"?>
<testsuite name="com.tanrunn.tcth.impl.shadow.ShadowCompositeProtectionServiceTest" tests="18" skipped="0" failures="0" errors="0" timestamp="2026-08-23T16:13:58.347Z" hostname="tanrunn-fedora" time="0.071">
  <properties/>
  <testcase name="areaProviderExceptionFailsClosedToUnknown()" classname="com.tanrunn.tcth.impl.shadow.ShadowCompositeProtectionServiceTest" time="0.048"/>
  <testcase name="missingAreaProviderDenies()" classname="com.tanrunn.tcth.impl.shadow.ShadowCompositeProtectionServiceTest" time="0.002"/>
  <testcase name="areaProviderUnknownIsReturnedAsUnknown()" classname="com.tanrunn.tcth.impl.shadow.ShadowCompositeProtectionServiceTest" time="0.002"/>
  <testcase name="areaProviderAllowAllows()" classname="com.tanrunn.tcth.impl.shadow.ShadowCompositeProtectionServiceTest" time="0.001"/>
  <testcase name="unresolvableTargetIsDenied()" classname="com.tanrunn.tcth.impl.shadow.ShadowCompositeProtectionServiceTest" time="0.001"/>
  <testcase name="creativeTargetIsDenied()" classname="com.tanrunn.tcth.impl.shadow.ShadowCompositeProtectionServiceTest" time="0.001"/>
  <testcase name="newPlayerTicksSupplierFailureFailsClosed()" classname="com.tanrunn.tcth.impl.shadow.ShadowCompositeProtectionServiceTest" time="0.001"/>
  <testcase name="newPlayerTargetIsDenied()" classname="com.tanrunn.tcth.impl.shadow.ShadowCompositeProtectionServiceTest" time="0.002"/>
  <testcase name="spawnProtectionDenies()" classname="com.tanrunn.tcth.impl.shadow.ShadowCompositeProtectionServiceTest" time="0.001"/>
  <testcase name="spectatorThiefIsDenied()" classname="com.tanrunn.tcth.impl.shadow.ShadowCompositeProtectionServiceTest" time="0.001"/>
  <testcase name="areaProviderDenyDenies()" classname="com.tanrunn.tcth.impl.shadow.ShadowCompositeProtectionServiceTest" time="0.002"/>
  <testcase name="nullPositionFailsClosedToDeniedArea()" classname="com.tanrunn.tcth.impl.shadow.ShadowCompositeProtectionServiceTest" time="0.001"/>
  <testcase name="disconnectedTargetIsDenied()" classname="com.tanrunn.tcth.impl.shadow.ShadowCompositeProtectionServiceTest" time="0.001"/>
  <testcase name="establishedTargetPassesNewPlayerCheck()" classname="com.tanrunn.tcth.impl.shadow.ShadowCompositeProtectionServiceTest" time="0.002"/>
  <testcase name="selfTargetIsDenied()" classname="com.tanrunn.tcth.impl.shadow.ShadowCompositeProtectionServiceTest" time="0.001"/>
  <testcase name="fakePlayerThiefIsDenied()" classname="com.tanrunn.tcth.impl.shadow.ShadowCompositeProtectionServiceTest" time="0.001"/>
  <testcase name="deadTargetIsDenied()" classname="com.tanrunn.tcth.impl.shadow.ShadowCompositeProtectionServiceTest" time="0.001"/>
  <testcase name="serviceExceptionNeverAllows()" classname="com.tanrunn.tcth.impl.shadow.ShadowCompositeProtectionServiceTest" time="0.001"/>
  <system-out><![CDATA[]]></system-out>
  <system-err><![CDATA[]]></system-err>
</testsuite>
