<?xml version="1.0" encoding="UTF-8"?>
<testsuite name="com.tanrunn.tcth.impl.compat.CompatLoaderTest" tests="14" skipped="0" failures="0" errors="0" timestamp="2026-08-23T16:13:47.530Z" hostname="tanrunn-fedora" time="0.055">
  <properties/>
  <testcase name="duplicateRegistrationIsRejected()" classname="com.tanrunn.tcth.impl.compat.CompatLoaderTest" time="0.034"/>
  <testcase name="constructionFailurePreventsRegistrationButKeepsOthers()" classname="com.tanrunn.tcth.impl.compat.CompatLoaderTest" time="0.002"/>
  <testcase name="jobsPlusModuleNotResolvedWhenJobsPlusMissing()" classname="com.tanrunn.tcth.impl.compat.CompatLoaderTest" time="0.001"/>
  <testcase name="failingModuleDoesNotAffectOtherModules()" classname="com.tanrunn.tcth.impl.compat.CompatLoaderTest" time="0.003"/>
  <testcase name="initIsIdempotent()" classname="com.tanrunn.tcth.impl.compat.CompatLoaderTest" time="0.002"/>
  <testcase name="jobsPlusModuleClassIsInstantiableAndReportsModId()" classname="com.tanrunn.tcth.impl.compat.CompatLoaderTest" time="0.001"/>
  <testcase name="onModConstructionRunsAfterSuccessfulConstruction()" classname="com.tanrunn.tcth.impl.compat.CompatLoaderTest" time="0.001"/>
  <testcase name="registerAfterInitIsRejected()" classname="com.tanrunn.tcth.impl.compat.CompatLoaderTest" time="0.002"/>
  <testcase name="missingModNeverResolvesImplementationClass()" classname="com.tanrunn.tcth.impl.compat.CompatLoaderTest" time="0.001"/>
  <testcase name="commonSetupFailureDoesNotBlockOtherModules()" classname="com.tanrunn.tcth.impl.compat.CompatLoaderTest" time="0.002"/>
  <testcase name="commonSetupForwardedExactlyOncePerEvent()" classname="com.tanrunn.tcth.impl.compat.CompatLoaderTest" time="0.001"/>
  <testcase name="nonCompatModuleClassIsRejected()" classname="com.tanrunn.tcth.impl.compat.CompatLoaderTest" time="0.002"/>
  <testcase name="wrongModIdModuleIsRejected()" classname="com.tanrunn.tcth.impl.compat.CompatLoaderTest" time="0.001"/>
  <testcase name="missingModDoesNotLoadImplementationClass()" classname="com.tanrunn.tcth.impl.compat.CompatLoaderTest" time="0.0"/>
  <system-out><![CDATA[[00:13:47] [Test worker/WARN] [co.ta.tc.TCTHIntegration/]: [TCTH] Duplicate compat module registration for 'fake_mod' ignored
[00:13:47] [Test worker/ERROR] [co.ta.tc.TCTHIntegration/]: [TCTH] Compat module for mod 'mod_construction_throws' (class 'com.tanrunn.tcth.impl.compat.CompatLoaderTest$ConstructionThrowingModule') threw during construction: java.lang.IllegalStateException: boom in construction hook
[00:13:47] [Test worker/ERROR] [co.ta.tc.TCTHIntegration/]: [TCTH] Failed to construct compat module for mod 'mod_a' (class 'com.tanrunn.tcth.impl.compat.NonExistentModule') during construction: java.lang.ClassNotFoundException: com.tanrunn.tcth.impl.compat.NonExistentModule
[00:13:47] [Test worker/WARN] [co.ta.tc.TCTHIntegration/]: [TCTH] Compat module registration for 'late_mod' rejected: loader already initialized (all descriptors must be registered before init)
[00:13:47] [Test worker/ERROR] [co.ta.tc.TCTHIntegration/]: [TCTH] Compat module for mod 'mod_setup_throws' (class com.tanrunn.tcth.impl.compat.CompatLoaderTest$CommonSetupThrowingModule) threw during common setup: java.lang.IllegalStateException: boom in common setup
[00:13:47] [Test worker/ERROR] [co.ta.tc.TCTHIntegration/]: [TCTH] Class 'java.lang.String' for mod 'mod_x' does not implement CompatModule; module disabled
[00:13:47] [Test worker/ERROR] [co.ta.tc.TCTHIntegration/]: [TCTH] Compat module class 'com.tanrunn.tcth.impl.compat.CompatLoaderTest$WrongModIdModule' reports modId 'mismatched_mod' but was registered for 'mod_wrong'; module disabled
]]></system-out>
  <system-err><![CDATA[]]></system-err>
</testsuite>
