<?xml version="1.0" encoding="UTF-8"?>
<testsuite name="com.tanrunn.tcth.impl.shadow.protection.OpacProtectionProviderTest" tests="5" skipped="0" failures="0" errors="0" timestamp="2026-08-23T16:14:09.625Z" hostname="tanrunn-fedora" time="0.092">
  <properties/>
  <testcase name="opacAllowMapsToAllowed()" classname="com.tanrunn.tcth.impl.shadow.protection.OpacProtectionProviderTest" time="0.089"/>
  <testcase name="opacApiExceptionFailsClosed()" classname="com.tanrunn.tcth.impl.shadow.protection.OpacProtectionProviderTest" time="0.001"/>
  <testcase name="unresolvableTargetFailsClosedWithoutQueryingOpac()" classname="com.tanrunn.tcth.impl.shadow.protection.OpacProtectionProviderTest" time="0.0"/>
  <testcase name="opacQueryExceptionFailsClosed()" classname="com.tanrunn.tcth.impl.shadow.protection.OpacProtectionProviderTest" time="0.001"/>
  <testcase name="opacBlockedMapsToDeniedArea()" classname="com.tanrunn.tcth.impl.shadow.protection.OpacProtectionProviderTest" time="0.001"/>
  <system-out><![CDATA[]]></system-out>
  <system-err><![CDATA[]]></system-err>
</testsuite>
