<?xml version="1.0" encoding="UTF-8"?>
<testsuite name="com.tanrunn.tcth.impl.shadow.NoopShadowTransferExecutorTest" tests="4" skipped="0" failures="0" errors="0" timestamp="2026-08-23T16:13:55.476Z" hostname="tanrunn-fedora" time="0.028">
  <properties/>
  <testcase name="rollbackNeverRestores()" classname="com.tanrunn.tcth.impl.shadow.NoopShadowTransferExecutorTest" time="0.004"/>
  <testcase name="prepareNeverPlans()" classname="com.tanrunn.tcth.impl.shadow.NoopShadowTransferExecutorTest" time="0.0"/>
  <testcase name="commitNeverCommits()" classname="com.tanrunn.tcth.impl.shadow.NoopShadowTransferExecutorTest" time="0.002"/>
  <testcase name="productionWiringStillInertWithSwitchesOn()" classname="com.tanrunn.tcth.impl.shadow.NoopShadowTransferExecutorTest" time="0.022"/>
  <system-out><![CDATA[]]></system-out>
  <system-err><![CDATA[]]></system-err>
</testsuite>
