<?xml version="1.0" encoding="UTF-8"?>
<testsuite name="com.tanrunn.tcth.client.TooltipRenderTest" tests="4" skipped="0" failures="0" errors="0" timestamp="2026-08-23T16:13:45.923Z" hostname="tanrunn-fedora" time="0.005">
  <properties/>
  <testcase name="validSignatureRenders()" classname="com.tanrunn.tcth.client.TooltipRenderTest" time="0.003"/>
  <testcase name="blankNameNeverRenders()" classname="com.tanrunn.tcth.client.TooltipRenderTest" time="0.001"/>
  <testcase name="nullSignatureNeverRenders()" classname="com.tanrunn.tcth.client.TooltipRenderTest" time="0.0"/>
  <testcase name="sanitizedFormatCodeNameRendersCleaned()" classname="com.tanrunn.tcth.client.TooltipRenderTest" time="0.0"/>
  <system-out><![CDATA[]]></system-out>
  <system-err><![CDATA[]]></system-err>
</testsuite>
