<?xml version="1.0" encoding="UTF-8"?>
<testsuite name="com.tanrunn.tcth.impl.shadow.ShadowBoundaryGuardTest" tests="5" skipped="0" failures="0" errors="0" timestamp="2026-08-23T16:13:58.242Z" hostname="tanrunn-fedora" time="0.1">
  <properties/>
  <testcase name="apiPackageStaysMinimal()" classname="com.tanrunn.tcth.impl.shadow.ShadowBoundaryGuardTest" time="0.004"/>
  <testcase name="forbiddenFragmentsAreAbsentEverywhere()" classname="com.tanrunn.tcth.impl.shadow.ShadowBoundaryGuardTest" time="0.036"/>
  <testcase name="noDeploymentArtifactsInRepository()" classname="com.tanrunn.tcth.impl.shadow.ShadowBoundaryGuardTest" time="0.0"/>
  <testcase name="noShadowJobPresetInAnyResourceTree()" classname="com.tanrunn.tcth.impl.shadow.ShadowBoundaryGuardTest" time="0.027"/>
  <testcase name="allowlistedFragmentsStayInTheirFiles()" classname="com.tanrunn.tcth.impl.shadow.ShadowBoundaryGuardTest" time="0.032"/>
  <system-out><![CDATA[]]></system-out>
  <system-err><![CDATA[]]></system-err>
</testsuite>
