<?xml version="1.0" encoding="UTF-8"?>
<testsuite name="com.tanrunn.tcth.impl.command.TcthChefInspectCommandTest" tests="6" skipped="0" failures="0" errors="0" timestamp="2026-08-23T16:13:46.216Z" hostname="tanrunn-fedora" time="0.228">
  <properties/>
  <testcase name="nonDishShowsNotDishMessage()" classname="com.tanrunn.tcth.impl.command.TcthChefInspectCommandTest" time="0.205"/>
  <testcase name="unsignedDishShowsUnsignedMessage()" classname="com.tanrunn.tcth.impl.command.TcthChefInspectCommandTest" time="0.003"/>
  <testcase name="inspectNeverWritesSignature()" classname="com.tanrunn.tcth.impl.command.TcthChefInspectCommandTest" time="0.002"/>
  <testcase name="signedDishReportsActualChefName()" classname="com.tanrunn.tcth.impl.command.TcthChefInspectCommandTest" time="0.011"/>
  <testcase name="consoleWithoutPlayerGetsPlayerRequiredMessage()" classname="com.tanrunn.tcth.impl.command.TcthChefInspectCommandTest" time="0.002"/>
  <testcase name="signedDishShowsDishChefAndValid()" classname="com.tanrunn.tcth.impl.command.TcthChefInspectCommandTest" time="0.002"/>
  <system-out><![CDATA[]]></system-out>
  <system-err><![CDATA[]]></system-err>
</testsuite>
