<?xml version="1.0" encoding="UTF-8"?>
<testsuite name="com.tanrunn.tcth.impl.detector.farming.CropHarvestRulesTest" tests="10" skipped="0" failures="0" errors="0" timestamp="2026-08-23T16:13:54.184Z" hostname="tanrunn-fedora" time="0.005">
  <properties/>
  <testcase name="wheatMatureAndImmature()" classname="com.tanrunn.tcth.impl.detector.farming.CropHarvestRulesTest" time="0.0"/>
  <testcase name="decorativePlantsAndUnknownBlocksFailClosed()" classname="com.tanrunn.tcth.impl.detector.farming.CropHarvestRulesTest" time="0.001"/>
  <testcase name="assessmentFlagsConsistent()" classname="com.tanrunn.tcth.impl.detector.farming.CropHarvestRulesTest" time="0.0"/>
  <testcase name="cactusUpperSegmentAllowedBaseExcluded()" classname="com.tanrunn.tcth.impl.detector.farming.CropHarvestRulesTest" time="0.001"/>
  <testcase name="netherWartMatureAndImmature()" classname="com.tanrunn.tcth.impl.detector.farming.CropHarvestRulesTest" time="0.001"/>
  <testcase name="pumpkinAndMelonAreNotHarvestable()" classname="com.tanrunn.tcth.impl.detector.farming.CropHarvestRulesTest" time="0.0"/>
  <testcase name="cropStemsAreExcluded()" classname="com.tanrunn.tcth.impl.detector.farming.CropHarvestRulesTest" time="0.001"/>
  <testcase name="cocoaMatureAndImmature()" classname="com.tanrunn.tcth.impl.detector.farming.CropHarvestRulesTest" time="0.0"/>
  <testcase name="carrotsPotatoesBeetrootsMatureAndImmature()" classname="com.tanrunn.tcth.impl.detector.farming.CropHarvestRulesTest" time="0.0"/>
  <testcase name="sugarCaneUpperSegmentAllowedBaseExcluded()" classname="com.tanrunn.tcth.impl.detector.farming.CropHarvestRulesTest" time="0.0"/>
  <system-out><![CDATA[]]></system-out>
  <system-err><![CDATA[]]></system-err>
</testsuite>
