<?xml version="1.0" encoding="UTF-8"?>
<testsuite name="com.tanrunn.tcth.impl.compat.jobsplus.arc.TcthConditionsTest" tests="8" skipped="0" failures="0" errors="0" timestamp="2026-08-23T16:13:50.461Z" hostname="tanrunn-fedora" time="0.008">
  <properties/>
  <testcase name="dishTierMatchesAndInverts()" classname="com.tanrunn.tcth.impl.compat.jobsplus.arc.TcthConditionsTest" time="0.001"/>
  <testcase name="cookingDeviceMatchesListAndInverts()" classname="com.tanrunn.tcth.impl.compat.jobsplus.arc.TcthConditionsTest" time="0.003"/>
  <testcase name="automatedJsonParsesValue()" classname="com.tanrunn.tcth.impl.compat.jobsplus.arc.TcthConditionsTest" time="0.0"/>
  <testcase name="cookingDeviceJsonRejectsUnknown()" classname="com.tanrunn.tcth.impl.compat.jobsplus.arc.TcthConditionsTest" time="0.001"/>
  <testcase name="dishQualityMatchesListAndInverts()" classname="com.tanrunn.tcth.impl.compat.jobsplus.arc.TcthConditionsTest" time="0.001"/>
  <testcase name="automatedMatchesValueAndInverts()" classname="com.tanrunn.tcth.impl.compat.jobsplus.arc.TcthConditionsTest" time="0.0"/>
  <testcase name="dishQualityJsonRejectsUnknownAndEmpty()" classname="com.tanrunn.tcth.impl.compat.jobsplus.arc.TcthConditionsTest" time="0.0"/>
  <testcase name="dishTierJsonNormalizesCaseAndRejectsUnknown()" classname="com.tanrunn.tcth.impl.compat.jobsplus.arc.TcthConditionsTest" time="0.001"/>
  <system-out><![CDATA[]]></system-out>
  <system-err><![CDATA[]]></system-err>
</testsuite>
