<?xml version="1.0" encoding="UTF-8"?>
<testsuite name="com.tanrunn.tcth.impl.stats.GunnerMedalAnnounceTest" tests="7" skipped="0" failures="0" errors="0" timestamp="2026-08-23T16:14:10.331Z" hostname="tanrunn-fedora" time="0.025">
  <properties/>
  <testcase name="configExceptionFailsClosedForAnnounceButUnlocks()" classname="com.tanrunn.tcth.impl.stats.GunnerMedalAnnounceTest" time="0.007"/>
  <testcase name="threeMedalsInOneEventMergeIntoOneMessage()" classname="com.tanrunn.tcth.impl.stats.GunnerMedalAnnounceTest" time="0.011"/>
  <testcase name="reEnableDoesNotReplayHistoricalUnlocks()" classname="com.tanrunn.tcth.impl.stats.GunnerMedalAnnounceTest" time="0.001"/>
  <testcase name="configOffUnlocksButDoesNotAnnounce()" classname="com.tanrunn.tcth.impl.stats.GunnerMedalAnnounceTest" time="0.001"/>
  <testcase name="singleNewMedalAnnouncesOnceWithTranslationKeys()" classname="com.tanrunn.tcth.impl.stats.GunnerMedalAnnounceTest" time="0.0"/>
  <testcase name="restartSimulatedByReloadDoesNotReAnnounce()" classname="com.tanrunn.tcth.impl.stats.GunnerMedalAnnounceTest" time="0.004"/>
  <testcase name="formatAnnouncementDoesNotSniffPlayerLanguage()" classname="com.tanrunn.tcth.impl.stats.GunnerMedalAnnounceTest" time="0.001"/>
  <system-out><![CDATA[]]></system-out>
  <system-err><![CDATA[]]></system-err>
</testsuite>
