<?xml version="1.0" encoding="UTF-8"?>
<testsuite name="com.tanrunn.tcth.impl.shadow.ShadowAbilityAccessTest" tests="7" skipped="0" failures="0" errors="0" timestamp="2026-08-23T16:13:56.334Z" hostname="tanrunn-fedora" time="0.004">
  <properties/>
  <testcase name="defaultProviderYieldsNone()" classname="com.tanrunn.tcth.impl.shadow.ShadowAbilityAccessTest" time="0.0"/>
  <testcase name="throwingProviderFailsClosedToNone()" classname="com.tanrunn.tcth.impl.shadow.ShadowAbilityAccessTest" time="0.001"/>
  <testcase name="installedProviderIsUsed()" classname="com.tanrunn.tcth.impl.shadow.ShadowAbilityAccessTest" time="0.0"/>
  <testcase name="resetRestoresTheNoneDefault()" classname="com.tanrunn.tcth.impl.shadow.ShadowAbilityAccessTest" time="0.0"/>
  <testcase name="nullPlayerYieldsNone()" classname="com.tanrunn.tcth.impl.shadow.ShadowAbilityAccessTest" time="0.0"/>
  <testcase name="nullReturningProviderFailsClosedToNone()" classname="com.tanrunn.tcth.impl.shadow.ShadowAbilityAccessTest" time="0.001"/>
  <testcase name="snapshotIsQueriedOncePerCall()" classname="com.tanrunn.tcth.impl.shadow.ShadowAbilityAccessTest" time="0.0"/>
  <system-out><![CDATA[]]></system-out>
  <system-err><![CDATA[]]></system-err>
</testsuite>
