<?xml version="1.0" encoding="UTF-8"?>
<testsuite name="com.tanrunn.tcth.impl.compat.jobsplus.powerup.BrewerAbilityHelpersTest" tests="7" skipped="0" failures="0" errors="0" timestamp="2026-08-23T16:13:50.771Z" hostname="tanrunn-fedora" time="0.019">
  <properties/>
  <testcase name="highestActiveOnlyPicksHighestTier()" classname="com.tanrunn.tcth.impl.compat.jobsplus.powerup.BrewerAbilityHelpersTest" time="0.001"/>
  <testcase name="magicalDamageExcludesFireFallMeleeProjectile()" classname="com.tanrunn.tcth.impl.compat.jobsplus.powerup.BrewerAbilityHelpersTest" time="0.011"/>
  <testcase name="studyMultipliersMatchSpecAndDoNotStack()" classname="com.tanrunn.tcth.impl.compat.jobsplus.powerup.BrewerAbilityHelpersTest" time="0.002"/>
  <testcase name="routeNodesAreNamespacedUnderBrewer()" classname="com.tanrunn.tcth.impl.compat.jobsplus.powerup.BrewerAbilityHelpersTest" time="0.002"/>
  <testcase name="resistanceMultipliersMatchSpec()" classname="com.tanrunn.tcth.impl.compat.jobsplus.powerup.BrewerAbilityHelpersTest" time="0.001"/>
  <testcase name="magicalDamageRecognisesMagicIndirectAndWither()" classname="com.tanrunn.tcth.impl.compat.jobsplus.powerup.BrewerAbilityHelpersTest" time="0.001"/>
  <testcase name="brewingEffectDurationsMatchSpec()" classname="com.tanrunn.tcth.impl.compat.jobsplus.powerup.BrewerAbilityHelpersTest" time="0.001"/>
  <system-out><![CDATA[]]></system-out>
  <system-err><![CDATA[]]></system-err>
</testsuite>
