<?xml version="1.0" encoding="UTF-8"?>
<testsuite name="com.tanrunn.tcth.impl.detector.farming.FarmerTillingMixinContractTest" tests="3" skipped="0" failures="0" errors="0" timestamp="2026-08-23T16:13:54.199Z" hostname="tanrunn-fedora" time="0.001">
  <properties/>
  <testcase name="mixinConfigIsRegisteredAndGatedOnJobsplus()" classname="com.tanrunn.tcth.impl.detector.farming.FarmerTillingMixinContractTest" time="0.0"/>
  <testcase name="mixinTargetsTheLivingEntityDurabilityOverload()" classname="com.tanrunn.tcth.impl.detector.farming.FarmerTillingMixinContractTest" time="0.001"/>
  <testcase name="configListsTheMixin()" classname="com.tanrunn.tcth.impl.detector.farming.FarmerTillingMixinContractTest" time="0.0"/>
  <system-out><![CDATA[]]></system-out>
  <system-err><![CDATA[]]></system-err>
</testsuite>
