<?xml version="1.0" encoding="UTF-8"?>
<testsuite name="com.tanrunn.tcth.impl.compat.jobsplus.arc.condition.ShadowKindAndTypeConditionsTest" tests="4" skipped="0" failures="0" errors="0" timestamp="2026-08-23T16:13:50.716Z" hostname="tanrunn-fedora" time="0.004">
  <properties/>
  <testcase name="targetKindMatchesExactValue()" classname="com.tanrunn.tcth.impl.compat.jobsplus.arc.condition.ShadowKindAndTypeConditionsTest" time="0.002"/>
  <testcase name="targetKindInverted()" classname="com.tanrunn.tcth.impl.compat.jobsplus.arc.condition.ShadowKindAndTypeConditionsTest" time="0.0"/>
  <testcase name="theftTypeInverted()" classname="com.tanrunn.tcth.impl.compat.jobsplus.arc.condition.ShadowKindAndTypeConditionsTest" time="0.001"/>
  <testcase name="theftTypeMatchesExactValue()" classname="com.tanrunn.tcth.impl.compat.jobsplus.arc.condition.ShadowKindAndTypeConditionsTest" time="0.0"/>
  <system-out><![CDATA[]]></system-out>
  <system-err><![CDATA[]]></system-err>
</testsuite>
