<?xml version="1.0" encoding="UTF-8"?>
<testsuite name="com.tanrunn.tcth.impl.compat.jobsplus.arc.ShadowTheftSuccessActionDispatcherTest" tests="5" skipped="0" failures="0" errors="0" timestamp="2026-08-23T16:13:50.456Z" hostname="tanrunn-fedora" time="0.005">
  <properties/>
  <testcase name="itemPlayerEventCarriesItemFieldsOnly()" classname="com.tanrunn.tcth.impl.compat.jobsplus.arc.ShadowTheftSuccessActionDispatcherTest" time="0.001"/>
  <testcase name="effectEventCarriesEffectFields()" classname="com.tanrunn.tcth.impl.compat.jobsplus.arc.ShadowTheftSuccessActionDispatcherTest" time="0.001"/>
  <testcase name="healthEventCarriesNumericAmount()" classname="com.tanrunn.tcth.impl.compat.jobsplus.arc.ShadowTheftSuccessActionDispatcherTest" time="0.0"/>
  <testcase name="entityEventCarriesTargetType()" classname="com.tanrunn.tcth.impl.compat.jobsplus.arc.ShadowTheftSuccessActionDispatcherTest" time="0.001"/>
  <testcase name="sendFailureReturnsClearFailureWithoutThrowing()" classname="com.tanrunn.tcth.impl.compat.jobsplus.arc.ShadowTheftSuccessActionDispatcherTest" time="0.002"/>
  <system-out><![CDATA[[00:13:50] [Test worker/WARN] [co.ta.tc.TCTHIntegration/]: [TCTH] Shadow theft send: player not ArcServerPlayer for thief (e6e9abb2-8e08-4321-a4c0-a73be11bd4d7): java.lang.ClassCastException: class net.minecraft.server.level.ServerPlayer cannot be cast to class com.daqem.arc.api.player.ArcServerPlayer (net.minecraft.server.level.ServerPlayer and com.daqem.arc.api.player.ArcServerPlayer are in unnamed module of loader 'app')
]]></system-out>
  <system-err><![CDATA[]]></system-err>
</testsuite>
