<?xml version="1.0" encoding="UTF-8"?>
<testsuite name="com.tanrunn.tcth.api.shadow.ShadowTheftReceiptTest" tests="12" skipped="0" failures="0" errors="0" timestamp="2026-08-23T16:13:45.914Z" hostname="tanrunn-fedora" time="0.008">
  <properties/>
  <testcase name="itemIdWithoutPositiveCountIsRejected()" classname="com.tanrunn.tcth.api.shadow.ShadowTheftReceiptTest" time="0.001"/>
  <testcase name="negativeCountsAreRejected()" classname="com.tanrunn.tcth.api.shadow.ShadowTheftReceiptTest" time="0.001"/>
  <testcase name="zeroNumericAmountDoesNotMatchScalarTypes()" classname="com.tanrunn.tcth.api.shadow.ShadowTheftReceiptTest" time="0.0"/>
  <testcase name="effectReceiptMatchesOnlyEffectType()" classname="com.tanrunn.tcth.api.shadow.ShadowTheftReceiptTest" time="0.0"/>
  <testcase name="scalarExclusivityIsEnforcedByMatches()" classname="com.tanrunn.tcth.api.shadow.ShadowTheftReceiptTest" time="0.0"/>
  <testcase name="numericReceiptMatchesScalarTypesOnly()" classname="com.tanrunn.tcth.api.shadow.ShadowTheftReceiptTest" time="0.0"/>
  <testcase name="countWithoutIdAndDurationWithoutEffectAreRejected()" classname="com.tanrunn.tcth.api.shadow.ShadowTheftReceiptTest" time="0.0"/>
  <testcase name="itemReceiptMatchesOnlyItemType()" classname="com.tanrunn.tcth.api.shadow.ShadowTheftReceiptTest" time="0.0"/>
  <testcase name="effectIdWithoutPositiveDurationIsRejected()" classname="com.tanrunn.tcth.api.shadow.ShadowTheftReceiptTest" time="0.001"/>
  <testcase name="emptyReceiptHasAllDefaults()" classname="com.tanrunn.tcth.api.shadow.ShadowTheftReceiptTest" time="0.0"/>
  <testcase name="nonFiniteAndNegativeAmountsAreRejected()" classname="com.tanrunn.tcth.api.shadow.ShadowTheftReceiptTest" time="0.002"/>
  <testcase name="recordsAreImmutableByConstruction()" classname="com.tanrunn.tcth.api.shadow.ShadowTheftReceiptTest" time="0.0"/>
  <system-out><![CDATA[]]></system-out>
  <system-err><![CDATA[]]></system-err>
</testsuite>
