<?xml version="1.0" encoding="UTF-8"?>
<testsuite name="com.tanrunn.tcth.impl.compat.jobsplus.arc.GunnerAbilityTreePresetTest" tests="6" skipped="0" failures="0" errors="0" timestamp="2026-08-23T16:13:50.366Z" hostname="tanrunn-fedora" time="0.018">
  <properties/>
  <testcase name="translationsDescribeExactNumbers()" classname="com.tanrunn.tcth.impl.compat.jobsplus.arc.GunnerAbilityTreePresetTest" time="0.003"/>
  <testcase name="powerupNodesAreDeployedAlongsideThePreset()" classname="com.tanrunn.tcth.impl.compat.jobsplus.arc.GunnerAbilityTreePresetTest" time="0.005"/>
  <testcase name="requiredLevelsPricesAndParentsAreCorrect()" classname="com.tanrunn.tcth.impl.compat.jobsplus.arc.GunnerAbilityTreePresetTest" time="0.005"/>
  <testcase name="allTwelvePowerupNodesExistAndParse()" classname="com.tanrunn.tcth.impl.compat.jobsplus.arc.GunnerAbilityTreePresetTest" time="0.003"/>
  <testcase name="studyRouteMultiplierValuesAreExact()" classname="com.tanrunn.tcth.impl.compat.jobsplus.arc.GunnerAbilityTreePresetTest" time="0.001"/>
  <testcase name="studyRouteActionsHaveMutualExclusionConditions()" classname="com.tanrunn.tcth.impl.compat.jobsplus.arc.GunnerAbilityTreePresetTest" time="0.001"/>
  <system-out><![CDATA[]]></system-out>
  <system-err><![CDATA[]]></system-err>
</testsuite>
