<?xml version="1.0" encoding="UTF-8"?>
<testsuite name="com.tanrunn.tcth.impl.shadow.ShadowLootStateSerializerTest" tests="7" skipped="0" failures="0" errors="0" timestamp="2026-08-23T16:14:09.546Z" hostname="tanrunn-fedora" time="0.014">
  <properties/>
  <testcase name="corruptRoundTripsAsCorrupt()" classname="com.tanrunn.tcth.impl.shadow.ShadowLootStateSerializerTest" time="0.01"/>
  <testcase name="pendingRoundTrips()" classname="com.tanrunn.tcth.impl.shadow.ShadowLootStateSerializerTest" time="0.001"/>
  <testcase name="stateContractRejectsInvalidCombinations()" classname="com.tanrunn.tcth.impl.shadow.ShadowLootStateSerializerTest" time="0.001"/>
  <testcase name="lootedRoundTrips()" classname="com.tanrunn.tcth.impl.shadow.ShadowLootStateSerializerTest" time="0.0"/>
  <testcase name="corruptPayloadsNeverThrow()" classname="com.tanrunn.tcth.impl.shadow.ShadowLootStateSerializerTest" time="0.002"/>
  <testcase name="availableRoundTrips()" classname="com.tanrunn.tcth.impl.shadow.ShadowLootStateSerializerTest" time="0.0"/>
  <testcase name="blocksTheftIsFalseOnlyForAvailable()" classname="com.tanrunn.tcth.impl.shadow.ShadowLootStateSerializerTest" time="0.0"/>
  <system-out><![CDATA[]]></system-out>
  <system-err><![CDATA[]]></system-err>
</testsuite>
