<?xml version="1.0" encoding="UTF-8"?>
<testsuite name="com.tanrunn.tcth.impl.compat.DungeonsDelightMixinConfigTest" tests="3" skipped="0" failures="0" errors="0" timestamp="2026-08-23T16:13:47.597Z" hostname="tanrunn-fedora" time="0.036">
  <properties/>
  <testcase name="ddMixinConfigGatedInModsToml()" classname="com.tanrunn.tcth.impl.compat.DungeonsDelightMixinConfigTest" time="0.001"/>
  <testcase name="ddMixinConfigRegistersMonsterPotAndIsOptional()" classname="com.tanrunn.tcth.impl.compat.DungeonsDelightMixinConfigTest" time="0.001"/>
  <testcase name="mainResourcesDoNotEmbedYirmiriClasses()" classname="com.tanrunn.tcth.impl.compat.DungeonsDelightMixinConfigTest" time="0.034"/>
  <system-out><![CDATA[]]></system-out>
  <system-err><![CDATA[]]></system-err>
</testsuite>
