<?xml version="1.0" encoding="UTF-8"?>
<testsuite name="com.tanrunn.tcth.impl.debug.CookingDebugTest" tests="2" skipped="0" failures="0" errors="0" timestamp="2026-08-23T16:13:53.988Z" hostname="tanrunn-fedora" time="0.002">
  <properties/>
  <testcase name="debugIsDisabledByDefault()" classname="com.tanrunn.tcth.impl.debug.CookingDebugTest" time="0.002"/>
  <testcase name="debugCanBeToggledInMemory()" classname="com.tanrunn.tcth.impl.debug.CookingDebugTest" time="0.0"/>
  <system-out><![CDATA[]]></system-out>
  <system-err><![CDATA[]]></system-err>
</testsuite>
