<?xml version="1.0" encoding="UTF-8"?>
<testsuite name="com.tanrunn.tcth.impl.debug.GunDebugTest" tests="2" skipped="0" failures="0" errors="0" timestamp="2026-08-23T16:13:53.990Z" hostname="tanrunn-fedora" time="0.001">
  <properties/>
  <testcase name="canBeToggled()" classname="com.tanrunn.tcth.impl.debug.GunDebugTest" time="0.001"/>
  <testcase name="disabledByDefault()" classname="com.tanrunn.tcth.impl.debug.GunDebugTest" time="0.0"/>
  <system-out><![CDATA[]]></system-out>
  <system-err><![CDATA[]]></system-err>
</testsuite>
